[17.06.2013 13:25:33] SHOW TABLES
[17.06.2013 13:25:33] SHOW COLUMNS FROM `project`
[17.06.2013 13:25:33] SHOW COLUMNS FROM `data_user`
[17.06.2013 13:25:33] SHOW COLUMNS FROM `data_city`
[17.06.2013 13:25:33] SELECT project.*, `data_user`.`id` AS `data_user->id`, `data_user`.`image` AS `data_user->image`, `data_user`.`name` AS `data_user->name`, `data_user`.`surname` AS `data_user->surname`, `data_user`.`email` AS `data_user->email`, `data_user`.`password` AS `data_user->password`, `data_user`.`role` AS `data_user->role`, `data_user`.`akey` AS `data_user->akey`, `data_user`.`date_of_birth` AS `data_user->date_of_birth`, `data_user`.`lastbeen_at` AS `data_user->lastbeen_at`, `data_user`.`created_at` AS `data_user->created_at`, `data_user`.`status` AS `data_user->status`, `data_city`.`id` AS `data_city->id`, `data_city`.`title` AS `data_city->title`, `data_city`.`weight` AS `data_city->weight`, `data_city`.`status` AS `data_city->status` FROM `project`  INNER JOIN `data_user` ON `project`.`user_id` = `data_user`.`id` INNER JOIN `data_city` ON `project`.`city_id` = `data_city`.`id` WHERE `project`.`end_at` < 1372058733 ORDER BY end_at DESC LIMIT 10
[17.06.2013 13:25:33] SELECT project.*, `data_user`.`id` AS `data_user->id`, `data_user`.`image` AS `data_user->image`, `data_user`.`name` AS `data_user->name`, `data_user`.`surname` AS `data_user->surname`, `data_user`.`email` AS `data_user->email`, `data_user`.`password` AS `data_user->password`, `data_user`.`role` AS `data_user->role`, `data_user`.`akey` AS `data_user->akey`, `data_user`.`date_of_birth` AS `data_user->date_of_birth`, `data_user`.`lastbeen_at` AS `data_user->lastbeen_at`, `data_user`.`created_at` AS `data_user->created_at`, `data_user`.`status` AS `data_user->status`, `data_city`.`id` AS `data_city->id`, `data_city`.`title` AS `data_city->title`, `data_city`.`weight` AS `data_city->weight`, `data_city`.`status` AS `data_city->status` FROM `project`  INNER JOIN `data_user` ON `project`.`user_id` = `data_user`.`id` INNER JOIN `data_city` ON `project`.`city_id` = `data_city`.`id` WHERE `project`.`created_at` > 1370849133 ORDER BY created_at DESC LIMIT 10
[17.06.2013 13:25:33] SELECT project.*, `data_user`.`id` AS `data_user->id`, `data_user`.`image` AS `data_user->image`, `data_user`.`name` AS `data_user->name`, `data_user`.`surname` AS `data_user->surname`, `data_user`.`email` AS `data_user->email`, `data_user`.`password` AS `data_user->password`, `data_user`.`role` AS `data_user->role`, `data_user`.`akey` AS `data_user->akey`, `data_user`.`date_of_birth` AS `data_user->date_of_birth`, `data_user`.`lastbeen_at` AS `data_user->lastbeen_at`, `data_user`.`created_at` AS `data_user->created_at`, `data_user`.`status` AS `data_user->status`, `data_city`.`id` AS `data_city->id`, `data_city`.`title` AS `data_city->title`, `data_city`.`weight` AS `data_city->weight`, `data_city`.`status` AS `data_city->status` FROM `project`  INNER JOIN `data_user` ON `project`.`user_id` = `data_user`.`id` INNER JOIN `data_city` ON `project`.`city_id` = `data_city`.`id` WHERE `current_sum`>`needed_sum`/2 ORDER BY created_at DESC LIMIT 1
[17.06.2013 13:25:33] SHOW COLUMNS FROM `sys_settings`
[17.06.2013 13:25:33] SELECT * FROM `sys_settings`  WHERE name='Copyright'
[17.06.2013 13:25:37] SHOW TABLES
[17.06.2013 13:25:37] SHOW COLUMNS FROM `project`
[17.06.2013 13:25:37] SHOW COLUMNS FROM `data_user`
[17.06.2013 13:25:37] SHOW COLUMNS FROM `data_city`
[17.06.2013 13:25:37] SELECT project.*, `data_user`.`id` AS `data_user->id`, `data_user`.`image` AS `data_user->image`, `data_user`.`name` AS `data_user->name`, `data_user`.`surname` AS `data_user->surname`, `data_user`.`email` AS `data_user->email`, `data_user`.`password` AS `data_user->password`, `data_user`.`role` AS `data_user->role`, `data_user`.`akey` AS `data_user->akey`, `data_user`.`date_of_birth` AS `data_user->date_of_birth`, `data_user`.`lastbeen_at` AS `data_user->lastbeen_at`, `data_user`.`created_at` AS `data_user->created_at`, `data_user`.`status` AS `data_user->status`, `data_city`.`id` AS `data_city->id`, `data_city`.`title` AS `data_city->title`, `data_city`.`weight` AS `data_city->weight`, `data_city`.`status` AS `data_city->status` FROM `project`  INNER JOIN `data_user` ON `project`.`user_id` = `data_user`.`id` INNER JOIN `data_city` ON `project`.`city_id` = `data_city`.`id` WHERE `project`.`end_at` < 1372058737 ORDER BY end_at DESC LIMIT 10
[17.06.2013 13:25:37] SELECT project.*, `data_user`.`id` AS `data_user->id`, `data_user`.`image` AS `data_user->image`, `data_user`.`name` AS `data_user->name`, `data_user`.`surname` AS `data_user->surname`, `data_user`.`email` AS `data_user->email`, `data_user`.`password` AS `data_user->password`, `data_user`.`role` AS `data_user->role`, `data_user`.`akey` AS `data_user->akey`, `data_user`.`date_of_birth` AS `data_user->date_of_birth`, `data_user`.`lastbeen_at` AS `data_user->lastbeen_at`, `data_user`.`created_at` AS `data_user->created_at`, `data_user`.`status` AS `data_user->status`, `data_city`.`id` AS `data_city->id`, `data_city`.`title` AS `data_city->title`, `data_city`.`weight` AS `data_city->weight`, `data_city`.`status` AS `data_city->status` FROM `project`  INNER JOIN `data_user` ON `project`.`user_id` = `data_user`.`id` INNER JOIN `data_city` ON `project`.`city_id` = `data_city`.`id` WHERE `project`.`created_at` > 1370849137 ORDER BY created_at DESC LIMIT 10
[17.06.2013 13:25:37] SELECT project.*, `data_user`.`id` AS `data_user->id`, `data_user`.`image` AS `data_user->image`, `data_user`.`name` AS `data_user->name`, `data_user`.`surname` AS `data_user->surname`, `data_user`.`email` AS `data_user->email`, `data_user`.`password` AS `data_user->password`, `data_user`.`role` AS `data_user->role`, `data_user`.`akey` AS `data_user->akey`, `data_user`.`date_of_birth` AS `data_user->date_of_birth`, `data_user`.`lastbeen_at` AS `data_user->lastbeen_at`, `data_user`.`created_at` AS `data_user->created_at`, `data_user`.`status` AS `data_user->status`, `data_city`.`id` AS `data_city->id`, `data_city`.`title` AS `data_city->title`, `data_city`.`weight` AS `data_city->weight`, `data_city`.`status` AS `data_city->status` FROM `project`  INNER JOIN `data_user` ON `project`.`user_id` = `data_user`.`id` INNER JOIN `data_city` ON `project`.`city_id` = `data_city`.`id` WHERE `current_sum`>`needed_sum`/2 ORDER BY created_at DESC LIMIT 1
[17.06.2013 13:25:37] SHOW COLUMNS FROM `sys_settings`
[17.06.2013 13:25:37] SELECT * FROM `sys_settings`  WHERE name='Copyright'
[17.06.2013 13:25:48] SHOW TABLES
[17.06.2013 13:25:48] SHOW COLUMNS FROM `project`
[17.06.2013 13:25:48] SHOW COLUMNS FROM `sys_languages`
[17.06.2013 13:25:48] SELECT value FROM `sys_languages`  WHERE value='Страница не найдена.'
[17.06.2013 13:25:50] SHOW TABLES
[17.06.2013 13:25:50] SHOW COLUMNS FROM `project`
[17.06.2013 13:25:50] SHOW COLUMNS FROM `data_user`
[17.06.2013 13:25:50] SHOW COLUMNS FROM `data_city`
[17.06.2013 13:25:50] SELECT project.*, `data_user`.`id` AS `data_user->id`, `data_user`.`image` AS `data_user->image`, `data_user`.`name` AS `data_user->name`, `data_user`.`surname` AS `data_user->surname`, `data_user`.`email` AS `data_user->email`, `data_user`.`password` AS `data_user->password`, `data_user`.`role` AS `data_user->role`, `data_user`.`akey` AS `data_user->akey`, `data_user`.`date_of_birth` AS `data_user->date_of_birth`, `data_user`.`lastbeen_at` AS `data_user->lastbeen_at`, `data_user`.`created_at` AS `data_user->created_at`, `data_user`.`status` AS `data_user->status`, `data_city`.`id` AS `data_city->id`, `data_city`.`title` AS `data_city->title`, `data_city`.`weight` AS `data_city->weight`, `data_city`.`status` AS `data_city->status` FROM `project`  INNER JOIN `data_user` ON `project`.`user_id` = `data_user`.`id` INNER JOIN `data_city` ON `project`.`city_id` = `data_city`.`id` WHERE `project`.`end_at` < 1372058750 ORDER BY end_at DESC LIMIT 10
[17.06.2013 13:25:50] SELECT project.*, `data_user`.`id` AS `data_user->id`, `data_user`.`image` AS `data_user->image`, `data_user`.`name` AS `data_user->name`, `data_user`.`surname` AS `data_user->surname`, `data_user`.`email` AS `data_user->email`, `data_user`.`password` AS `data_user->password`, `data_user`.`role` AS `data_user->role`, `data_user`.`akey` AS `data_user->akey`, `data_user`.`date_of_birth` AS `data_user->date_of_birth`, `data_user`.`lastbeen_at` AS `data_user->lastbeen_at`, `data_user`.`created_at` AS `data_user->created_at`, `data_user`.`status` AS `data_user->status`, `data_city`.`id` AS `data_city->id`, `data_city`.`title` AS `data_city->title`, `data_city`.`weight` AS `data_city->weight`, `data_city`.`status` AS `data_city->status` FROM `project`  INNER JOIN `data_user` ON `project`.`user_id` = `data_user`.`id` INNER JOIN `data_city` ON `project`.`city_id` = `data_city`.`id` WHERE `project`.`created_at` > 1370849150 ORDER BY created_at DESC LIMIT 10
[17.06.2013 13:25:50] SELECT project.*, `data_user`.`id` AS `data_user->id`, `data_user`.`image` AS `data_user->image`, `data_user`.`name` AS `data_user->name`, `data_user`.`surname` AS `data_user->surname`, `data_user`.`email` AS `data_user->email`, `data_user`.`password` AS `data_user->password`, `data_user`.`role` AS `data_user->role`, `data_user`.`akey` AS `data_user->akey`, `data_user`.`date_of_birth` AS `data_user->date_of_birth`, `data_user`.`lastbeen_at` AS `data_user->lastbeen_at`, `data_user`.`created_at` AS `data_user->created_at`, `data_user`.`status` AS `data_user->status`, `data_city`.`id` AS `data_city->id`, `data_city`.`title` AS `data_city->title`, `data_city`.`weight` AS `data_city->weight`, `data_city`.`status` AS `data_city->status` FROM `project`  INNER JOIN `data_user` ON `project`.`user_id` = `data_user`.`id` INNER JOIN `data_city` ON `project`.`city_id` = `data_city`.`id` WHERE `current_sum`>`needed_sum`/2 ORDER BY created_at DESC LIMIT 1
[17.06.2013 13:25:50] SHOW COLUMNS FROM `sys_settings`
[17.06.2013 13:25:50] SELECT * FROM `sys_settings`  WHERE name='Copyright'
[17.06.2013 13:25:52] SHOW TABLES
[17.06.2013 13:25:52] SHOW COLUMNS FROM `project`
[17.06.2013 13:25:53] SHOW COLUMNS FROM `data_user`
[17.06.2013 13:25:53] SHOW COLUMNS FROM `data_city`
[17.06.2013 13:25:53] SELECT project.*, `data_user`.`id` AS `data_user->id`, `data_user`.`image` AS `data_user->image`, `data_user`.`name` AS `data_user->name`, `data_user`.`surname` AS `data_user->surname`, `data_user`.`email` AS `data_user->email`, `data_user`.`password` AS `data_user->password`, `data_user`.`role` AS `data_user->role`, `data_user`.`akey` AS `data_user->akey`, `data_user`.`date_of_birth` AS `data_user->date_of_birth`, `data_user`.`lastbeen_at` AS `data_user->lastbeen_at`, `data_user`.`created_at` AS `data_user->created_at`, `data_user`.`status` AS `data_user->status`, `data_city`.`id` AS `data_city->id`, `data_city`.`title` AS `data_city->title`, `data_city`.`weight` AS `data_city->weight`, `data_city`.`status` AS `data_city->status` FROM `project`  INNER JOIN `data_user` ON `project`.`user_id` = `data_user`.`id` INNER JOIN `data_city` ON `project`.`city_id` = `data_city`.`id` WHERE `project`.`end_at` < 1372058752 ORDER BY end_at DESC LIMIT 10
[17.06.2013 13:25:53] SELECT project.*, `data_user`.`id` AS `data_user->id`, `data_user`.`image` AS `data_user->image`, `data_user`.`name` AS `data_user->name`, `data_user`.`surname` AS `data_user->surname`, `data_user`.`email` AS `data_user->email`, `data_user`.`password` AS `data_user->password`, `data_user`.`role` AS `data_user->role`, `data_user`.`akey` AS `data_user->akey`, `data_user`.`date_of_birth` AS `data_user->date_of_birth`, `data_user`.`lastbeen_at` AS `data_user->lastbeen_at`, `data_user`.`created_at` AS `data_user->created_at`, `data_user`.`status` AS `data_user->status`, `data_city`.`id` AS `data_city->id`, `data_city`.`title` AS `data_city->title`, `data_city`.`weight` AS `data_city->weight`, `data_city`.`status` AS `data_city->status` FROM `project`  INNER JOIN `data_user` ON `project`.`user_id` = `data_user`.`id` INNER JOIN `data_city` ON `project`.`city_id` = `data_city`.`id` WHERE `project`.`created_at` > 1370849153 ORDER BY created_at DESC LIMIT 10
[17.06.2013 13:25:53] SELECT project.*, `data_user`.`id` AS `data_user->id`, `data_user`.`image` AS `data_user->image`, `data_user`.`name` AS `data_user->name`, `data_user`.`surname` AS `data_user->surname`, `data_user`.`email` AS `data_user->email`, `data_user`.`password` AS `data_user->password`, `data_user`.`role` AS `data_user->role`, `data_user`.`akey` AS `data_user->akey`, `data_user`.`date_of_birth` AS `data_user->date_of_birth`, `data_user`.`lastbeen_at` AS `data_user->lastbeen_at`, `data_user`.`created_at` AS `data_user->created_at`, `data_user`.`status` AS `data_user->status`, `data_city`.`id` AS `data_city->id`, `data_city`.`title` AS `data_city->title`, `data_city`.`weight` AS `data_city->weight`, `data_city`.`status` AS `data_city->status` FROM `project`  INNER JOIN `data_user` ON `project`.`user_id` = `data_user`.`id` INNER JOIN `data_city` ON `project`.`city_id` = `data_city`.`id` WHERE `current_sum`>`needed_sum`/2 ORDER BY created_at DESC LIMIT 1
[17.06.2013 13:25:53] SHOW COLUMNS FROM `sys_settings`
[17.06.2013 13:25:53] SELECT * FROM `sys_settings`  WHERE name='Copyright'
[17.06.2013 13:25:56] SHOW TABLES
[17.06.2013 13:25:56] SHOW COLUMNS FROM `project`
[17.06.2013 13:25:58] SHOW TABLES
[17.06.2013 13:25:58] SHOW COLUMNS FROM `project`
[17.06.2013 13:25:58] SHOW COLUMNS FROM `data_user`
[17.06.2013 13:25:58] SHOW COLUMNS FROM `data_city`
[17.06.2013 13:25:58] SELECT project.*, `data_user`.`id` AS `data_user->id`, `data_user`.`image` AS `data_user->image`, `data_user`.`name` AS `data_user->name`, `data_user`.`surname` AS `data_user->surname`, `data_user`.`email` AS `data_user->email`, `data_user`.`password` AS `data_user->password`, `data_user`.`role` AS `data_user->role`, `data_user`.`akey` AS `data_user->akey`, `data_user`.`date_of_birth` AS `data_user->date_of_birth`, `data_user`.`lastbeen_at` AS `data_user->lastbeen_at`, `data_user`.`created_at` AS `data_user->created_at`, `data_user`.`status` AS `data_user->status`, `data_city`.`id` AS `data_city->id`, `data_city`.`title` AS `data_city->title`, `data_city`.`weight` AS `data_city->weight`, `data_city`.`status` AS `data_city->status` FROM `project`  INNER JOIN `data_user` ON `project`.`user_id` = `data_user`.`id` INNER JOIN `data_city` ON `project`.`city_id` = `data_city`.`id` WHERE `project`.`end_at` < 1372058758 ORDER BY end_at DESC LIMIT 10
[17.06.2013 13:25:58] SELECT project.*, `data_user`.`id` AS `data_user->id`, `data_user`.`image` AS `data_user->image`, `data_user`.`name` AS `data_user->name`, `data_user`.`surname` AS `data_user->surname`, `data_user`.`email` AS `data_user->email`, `data_user`.`password` AS `data_user->password`, `data_user`.`role` AS `data_user->role`, `data_user`.`akey` AS `data_user->akey`, `data_user`.`date_of_birth` AS `data_user->date_of_birth`, `data_user`.`lastbeen_at` AS `data_user->lastbeen_at`, `data_user`.`created_at` AS `data_user->created_at`, `data_user`.`status` AS `data_user->status`, `data_city`.`id` AS `data_city->id`, `data_city`.`title` AS `data_city->title`, `data_city`.`weight` AS `data_city->weight`, `data_city`.`status` AS `data_city->status` FROM `project`  INNER JOIN `data_user` ON `project`.`user_id` = `data_user`.`id` INNER JOIN `data_city` ON `project`.`city_id` = `data_city`.`id` WHERE `project`.`created_at` > 1370849158 ORDER BY created_at DESC LIMIT 10
[17.06.2013 13:25:58] SELECT project.*, `data_user`.`id` AS `data_user->id`, `data_user`.`image` AS `data_user->image`, `data_user`.`name` AS `data_user->name`, `data_user`.`surname` AS `data_user->surname`, `data_user`.`email` AS `data_user->email`, `data_user`.`password` AS `data_user->password`, `data_user`.`role` AS `data_user->role`, `data_user`.`akey` AS `data_user->akey`, `data_user`.`date_of_birth` AS `data_user->date_of_birth`, `data_user`.`lastbeen_at` AS `data_user->lastbeen_at`, `data_user`.`created_at` AS `data_user->created_at`, `data_user`.`status` AS `data_user->status`, `data_city`.`id` AS `data_city->id`, `data_city`.`title` AS `data_city->title`, `data_city`.`weight` AS `data_city->weight`, `data_city`.`status` AS `data_city->status` FROM `project`  INNER JOIN `data_user` ON `project`.`user_id` = `data_user`.`id` INNER JOIN `data_city` ON `project`.`city_id` = `data_city`.`id` WHERE `current_sum`>`needed_sum`/2 ORDER BY created_at DESC LIMIT 1
[17.06.2013 13:25:58] SHOW COLUMNS FROM `sys_settings`
[17.06.2013 13:25:58] SELECT * FROM `sys_settings`  WHERE name='Copyright'
[17.06.2013 13:26:31] SHOW TABLES
[17.06.2013 13:26:31] SHOW COLUMNS FROM `project`
[17.06.2013 13:26:31] SHOW COLUMNS FROM `data_user`
[17.06.2013 13:26:31] SHOW COLUMNS FROM `data_city`
[17.06.2013 13:26:31] SELECT project.*, `data_user`.`id` AS `data_user->id`, `data_user`.`image` AS `data_user->image`, `data_user`.`name` AS `data_user->name`, `data_user`.`surname` AS `data_user->surname`, `data_user`.`email` AS `data_user->email`, `data_user`.`password` AS `data_user->password`, `data_user`.`role` AS `data_user->role`, `data_user`.`akey` AS `data_user->akey`, `data_user`.`date_of_birth` AS `data_user->date_of_birth`, `data_user`.`lastbeen_at` AS `data_user->lastbeen_at`, `data_user`.`created_at` AS `data_user->created_at`, `data_user`.`status` AS `data_user->status`, `data_city`.`id` AS `data_city->id`, `data_city`.`title` AS `data_city->title`, `data_city`.`weight` AS `data_city->weight`, `data_city`.`status` AS `data_city->status` FROM `project`  INNER JOIN `data_user` ON `project`.`user_id` = `data_user`.`id` INNER JOIN `data_city` ON `project`.`city_id` = `data_city`.`id` WHERE `project`.`end_at` < 1372058791 ORDER BY end_at DESC LIMIT 10
[17.06.2013 13:26:31] SELECT project.*, `data_user`.`id` AS `data_user->id`, `data_user`.`image` AS `data_user->image`, `data_user`.`name` AS `data_user->name`, `data_user`.`surname` AS `data_user->surname`, `data_user`.`email` AS `data_user->email`, `data_user`.`password` AS `data_user->password`, `data_user`.`role` AS `data_user->role`, `data_user`.`akey` AS `data_user->akey`, `data_user`.`date_of_birth` AS `data_user->date_of_birth`, `data_user`.`lastbeen_at` AS `data_user->lastbeen_at`, `data_user`.`created_at` AS `data_user->created_at`, `data_user`.`status` AS `data_user->status`, `data_city`.`id` AS `data_city->id`, `data_city`.`title` AS `data_city->title`, `data_city`.`weight` AS `data_city->weight`, `data_city`.`status` AS `data_city->status` FROM `project`  INNER JOIN `data_user` ON `project`.`user_id` = `data_user`.`id` INNER JOIN `data_city` ON `project`.`city_id` = `data_city`.`id` WHERE `project`.`created_at` > 1370849191 ORDER BY created_at DESC LIMIT 10
[17.06.2013 13:26:31] SELECT project.*, `data_user`.`id` AS `data_user->id`, `data_user`.`image` AS `data_user->image`, `data_user`.`name` AS `data_user->name`, `data_user`.`surname` AS `data_user->surname`, `data_user`.`email` AS `data_user->email`, `data_user`.`password` AS `data_user->password`, `data_user`.`role` AS `data_user->role`, `data_user`.`akey` AS `data_user->akey`, `data_user`.`date_of_birth` AS `data_user->date_of_birth`, `data_user`.`lastbeen_at` AS `data_user->lastbeen_at`, `data_user`.`created_at` AS `data_user->created_at`, `data_user`.`status` AS `data_user->status`, `data_city`.`id` AS `data_city->id`, `data_city`.`title` AS `data_city->title`, `data_city`.`weight` AS `data_city->weight`, `data_city`.`status` AS `data_city->status` FROM `project`  INNER JOIN `data_user` ON `project`.`user_id` = `data_user`.`id` INNER JOIN `data_city` ON `project`.`city_id` = `data_city`.`id` WHERE `current_sum`>`needed_sum`/2 ORDER BY created_at DESC LIMIT 1
[17.06.2013 13:26:31] SHOW COLUMNS FROM `sys_settings`
[17.06.2013 13:26:31] SELECT * FROM `sys_settings`  WHERE name='Copyright'
[17.06.2013 14:14:45] SHOW TABLES
[17.06.2013 14:14:45] SHOW COLUMNS FROM `project`
[17.06.2013 14:14:45] SHOW COLUMNS FROM `data_user`
[17.06.2013 14:14:45] SHOW COLUMNS FROM `data_city`
[17.06.2013 14:14:45] SELECT project.*, `data_user`.`id` AS `data_user->id`, `data_user`.`image` AS `data_user->image`, `data_user`.`name` AS `data_user->name`, `data_user`.`surname` AS `data_user->surname`, `data_user`.`email` AS `data_user->email`, `data_user`.`password` AS `data_user->password`, `data_user`.`role` AS `data_user->role`, `data_user`.`akey` AS `data_user->akey`, `data_user`.`date_of_birth` AS `data_user->date_of_birth`, `data_user`.`lastbeen_at` AS `data_user->lastbeen_at`, `data_user`.`created_at` AS `data_user->created_at`, `data_user`.`status` AS `data_user->status`, `data_city`.`id` AS `data_city->id`, `data_city`.`title` AS `data_city->title`, `data_city`.`weight` AS `data_city->weight`, `data_city`.`status` AS `data_city->status` FROM `project`  INNER JOIN `data_user` ON `project`.`user_id` = `data_user`.`id` INNER JOIN `data_city` ON `project`.`city_id` = `data_city`.`id` WHERE `project`.`end_at` < 1372061685 ORDER BY end_at DESC LIMIT 10
[17.06.2013 14:14:45] SELECT project.*, `data_user`.`id` AS `data_user->id`, `data_user`.`image` AS `data_user->image`, `data_user`.`name` AS `data_user->name`, `data_user`.`surname` AS `data_user->surname`, `data_user`.`email` AS `data_user->email`, `data_user`.`password` AS `data_user->password`, `data_user`.`role` AS `data_user->role`, `data_user`.`akey` AS `data_user->akey`, `data_user`.`date_of_birth` AS `data_user->date_of_birth`, `data_user`.`lastbeen_at` AS `data_user->lastbeen_at`, `data_user`.`created_at` AS `data_user->created_at`, `data_user`.`status` AS `data_user->status`, `data_city`.`id` AS `data_city->id`, `data_city`.`title` AS `data_city->title`, `data_city`.`weight` AS `data_city->weight`, `data_city`.`status` AS `data_city->status` FROM `project`  INNER JOIN `data_user` ON `project`.`user_id` = `data_user`.`id` INNER JOIN `data_city` ON `project`.`city_id` = `data_city`.`id` WHERE `project`.`created_at` > 1370852085 ORDER BY created_at DESC LIMIT 10
[17.06.2013 14:14:45] SELECT project.*, `data_user`.`id` AS `data_user->id`, `data_user`.`image` AS `data_user->image`, `data_user`.`name` AS `data_user->name`, `data_user`.`surname` AS `data_user->surname`, `data_user`.`email` AS `data_user->email`, `data_user`.`password` AS `data_user->password`, `data_user`.`role` AS `data_user->role`, `data_user`.`akey` AS `data_user->akey`, `data_user`.`date_of_birth` AS `data_user->date_of_birth`, `data_user`.`lastbeen_at` AS `data_user->lastbeen_at`, `data_user`.`created_at` AS `data_user->created_at`, `data_user`.`status` AS `data_user->status`, `data_city`.`id` AS `data_city->id`, `data_city`.`title` AS `data_city->title`, `data_city`.`weight` AS `data_city->weight`, `data_city`.`status` AS `data_city->status` FROM `project`  INNER JOIN `data_user` ON `project`.`user_id` = `data_user`.`id` INNER JOIN `data_city` ON `project`.`city_id` = `data_city`.`id` WHERE `current_sum`>`needed_sum`/2 ORDER BY created_at DESC LIMIT 1
[17.06.2013 14:14:45] SHOW COLUMNS FROM `sys_settings`
[17.06.2013 14:14:45] SELECT * FROM `sys_settings`  WHERE name='Copyright'
[17.06.2013 14:14:47] SHOW TABLES
[17.06.2013 14:14:47] SHOW COLUMNS FROM `project`
[17.06.2013 14:14:47] SHOW COLUMNS FROM `data_user`
[17.06.2013 14:14:47] SHOW COLUMNS FROM `data_city`
[17.06.2013 14:14:47] SELECT project.*, `data_user`.`id` AS `data_user->id`, `data_user`.`image` AS `data_user->image`, `data_user`.`name` AS `data_user->name`, `data_user`.`surname` AS `data_user->surname`, `data_user`.`email` AS `data_user->email`, `data_user`.`password` AS `data_user->password`, `data_user`.`role` AS `data_user->role`, `data_user`.`akey` AS `data_user->akey`, `data_user`.`date_of_birth` AS `data_user->date_of_birth`, `data_user`.`lastbeen_at` AS `data_user->lastbeen_at`, `data_user`.`created_at` AS `data_user->created_at`, `data_user`.`status` AS `data_user->status`, `data_city`.`id` AS `data_city->id`, `data_city`.`title` AS `data_city->title`, `data_city`.`weight` AS `data_city->weight`, `data_city`.`status` AS `data_city->status` FROM `project`  INNER JOIN `data_user` ON `project`.`user_id` = `data_user`.`id` INNER JOIN `data_city` ON `project`.`city_id` = `data_city`.`id` WHERE 1 ORDER BY created_at DESC
[17.06.2013 14:14:47] SHOW COLUMNS FROM `sys_settings`
[17.06.2013 14:14:47] SELECT * FROM `sys_settings`  WHERE name='Project.Limit'
[17.06.2013 14:14:47] SELECT project.*, `data_user`.`id` AS `data_user->id`, `data_user`.`image` AS `data_user->image`, `data_user`.`name` AS `data_user->name`, `data_user`.`surname` AS `data_user->surname`, `data_user`.`email` AS `data_user->email`, `data_user`.`password` AS `data_user->password`, `data_user`.`role` AS `data_user->role`, `data_user`.`akey` AS `data_user->akey`, `data_user`.`date_of_birth` AS `data_user->date_of_birth`, `data_user`.`lastbeen_at` AS `data_user->lastbeen_at`, `data_user`.`created_at` AS `data_user->created_at`, `data_user`.`status` AS `data_user->status`, `data_city`.`id` AS `data_city->id`, `data_city`.`title` AS `data_city->title`, `data_city`.`weight` AS `data_city->weight`, `data_city`.`status` AS `data_city->status` FROM `project`  INNER JOIN `data_user` ON `project`.`user_id` = `data_user`.`id` INNER JOIN `data_city` ON `project`.`city_id` = `data_city`.`id` WHERE 1 ORDER BY created_at DESC LIMIT 10
[17.06.2013 14:14:47] SHOW COLUMNS FROM `project_category`
[17.06.2013 14:14:47] SELECT * FROM `project_category`  WHERE 1
[17.06.2013 14:14:47] SHOW COLUMNS FROM `sys_languages`
[17.06.2013 14:14:47] SELECT value FROM `sys_languages`  WHERE value='Популярные'
[17.06.2013 14:14:47] SELECT value FROM `sys_languages`  WHERE value='Недавно начатые'
[17.06.2013 14:14:47] SELECT value FROM `sys_languages`  WHERE value='Заканчивающиеся'
[17.06.2013 14:14:47] SELECT value FROM `sys_languages`  WHERE value='Малые проекты'
[17.06.2013 14:14:47] SELECT value FROM `sys_languages`  WHERE value='Почти собрали'
[17.06.2013 14:14:47] SELECT * FROM `sys_settings`  WHERE name='Copyright'
[17.06.2013 14:14:52] SHOW TABLES
[17.06.2013 14:14:52] SHOW COLUMNS FROM `project`
[17.06.2013 14:14:52] SHOW COLUMNS FROM `project_category`
[17.06.2013 14:14:52] SELECT project_category.* FROM `project_category`  WHERE `name` = 'iskusstvo'
[17.06.2013 14:14:52] SHOW COLUMNS FROM `data_user`
[17.06.2013 14:14:52] SHOW COLUMNS FROM `data_city`
[17.06.2013 14:14:52] SELECT project.*, `data_user`.`id` AS `data_user->id`, `data_user`.`image` AS `data_user->image`, `data_user`.`name` AS `data_user->name`, `data_user`.`surname` AS `data_user->surname`, `data_user`.`email` AS `data_user->email`, `data_user`.`password` AS `data_user->password`, `data_user`.`role` AS `data_user->role`, `data_user`.`akey` AS `data_user->akey`, `data_user`.`date_of_birth` AS `data_user->date_of_birth`, `data_user`.`lastbeen_at` AS `data_user->lastbeen_at`, `data_user`.`created_at` AS `data_user->created_at`, `data_user`.`status` AS `data_user->status`, `data_city`.`id` AS `data_city->id`, `data_city`.`title` AS `data_city->title`, `data_city`.`weight` AS `data_city->weight`, `data_city`.`status` AS `data_city->status` FROM `project`  INNER JOIN `data_user` ON `project`.`user_id` = `data_user`.`id` INNER JOIN `data_city` ON `project`.`city_id` = `data_city`.`id` WHERE `category_id` = '1' ORDER BY created_at DESC
[17.06.2013 14:14:52] SHOW COLUMNS FROM `sys_settings`
[17.06.2013 14:14:52] SELECT * FROM `sys_settings`  WHERE name='Project.Limit'
[17.06.2013 14:14:52] SELECT project.*, `data_user`.`id` AS `data_user->id`, `data_user`.`image` AS `data_user->image`, `data_user`.`name` AS `data_user->name`, `data_user`.`surname` AS `data_user->surname`, `data_user`.`email` AS `data_user->email`, `data_user`.`password` AS `data_user->password`, `data_user`.`role` AS `data_user->role`, `data_user`.`akey` AS `data_user->akey`, `data_user`.`date_of_birth` AS `data_user->date_of_birth`, `data_user`.`lastbeen_at` AS `data_user->lastbeen_at`, `data_user`.`created_at` AS `data_user->created_at`, `data_user`.`status` AS `data_user->status`, `data_city`.`id` AS `data_city->id`, `data_city`.`title` AS `data_city->title`, `data_city`.`weight` AS `data_city->weight`, `data_city`.`status` AS `data_city->status` FROM `project`  INNER JOIN `data_user` ON `project`.`user_id` = `data_user`.`id` INNER JOIN `data_city` ON `project`.`city_id` = `data_city`.`id` WHERE `category_id` = '1' ORDER BY created_at DESC LIMIT 10
[17.06.2013 14:14:52] SELECT * FROM `project_category`  WHERE 1
[17.06.2013 14:14:52] SHOW COLUMNS FROM `sys_languages`
[17.06.2013 14:14:52] SELECT value FROM `sys_languages`  WHERE value='Популярные'
[17.06.2013 14:14:52] SELECT value FROM `sys_languages`  WHERE value='Недавно начатые'
[17.06.2013 14:14:52] SELECT value FROM `sys_languages`  WHERE value='Заканчивающиеся'
[17.06.2013 14:14:52] SELECT value FROM `sys_languages`  WHERE value='Малые проекты'
[17.06.2013 14:14:52] SELECT value FROM `sys_languages`  WHERE value='Почти собрали'
[17.06.2013 14:14:52] SELECT * FROM `sys_settings`  WHERE name='Copyright'
[17.06.2013 14:14:54] SHOW TABLES
[17.06.2013 14:14:54] SHOW COLUMNS FROM `project`
[17.06.2013 14:14:54] SHOW COLUMNS FROM `project_category`
[17.06.2013 14:14:54] SELECT project_category.* FROM `project_category`  WHERE `name` = 'video'
[17.06.2013 14:14:54] SHOW COLUMNS FROM `data_user`
[17.06.2013 14:14:54] SHOW COLUMNS FROM `data_city`
[17.06.2013 14:14:54] SELECT project.*, `data_user`.`id` AS `data_user->id`, `data_user`.`image` AS `data_user->image`, `data_user`.`name` AS `data_user->name`, `data_user`.`surname` AS `data_user->surname`, `data_user`.`email` AS `data_user->email`, `data_user`.`password` AS `data_user->password`, `data_user`.`role` AS `data_user->role`, `data_user`.`akey` AS `data_user->akey`, `data_user`.`date_of_birth` AS `data_user->date_of_birth`, `data_user`.`lastbeen_at` AS `data_user->lastbeen_at`, `data_user`.`created_at` AS `data_user->created_at`, `data_user`.`status` AS `data_user->status`, `data_city`.`id` AS `data_city->id`, `data_city`.`title` AS `data_city->title`, `data_city`.`weight` AS `data_city->weight`, `data_city`.`status` AS `data_city->status` FROM `project`  INNER JOIN `data_user` ON `project`.`user_id` = `data_user`.`id` INNER JOIN `data_city` ON `project`.`city_id` = `data_city`.`id` WHERE `category_id` = '3' ORDER BY created_at DESC
[17.06.2013 14:14:54] SHOW COLUMNS FROM `sys_settings`
[17.06.2013 14:14:54] SELECT * FROM `sys_settings`  WHERE name='Project.Limit'
[17.06.2013 14:14:54] SELECT project.*, `data_user`.`id` AS `data_user->id`, `data_user`.`image` AS `data_user->image`, `data_user`.`name` AS `data_user->name`, `data_user`.`surname` AS `data_user->surname`, `data_user`.`email` AS `data_user->email`, `data_user`.`password` AS `data_user->password`, `data_user`.`role` AS `data_user->role`, `data_user`.`akey` AS `data_user->akey`, `data_user`.`date_of_birth` AS `data_user->date_of_birth`, `data_user`.`lastbeen_at` AS `data_user->lastbeen_at`, `data_user`.`created_at` AS `data_user->created_at`, `data_user`.`status` AS `data_user->status`, `data_city`.`id` AS `data_city->id`, `data_city`.`title` AS `data_city->title`, `data_city`.`weight` AS `data_city->weight`, `data_city`.`status` AS `data_city->status` FROM `project`  INNER JOIN `data_user` ON `project`.`user_id` = `data_user`.`id` INNER JOIN `data_city` ON `project`.`city_id` = `data_city`.`id` WHERE `category_id` = '3' ORDER BY created_at DESC LIMIT 10
[17.06.2013 14:14:54] SELECT * FROM `project_category`  WHERE 1
[17.06.2013 14:14:54] SHOW COLUMNS FROM `sys_languages`
[17.06.2013 14:14:54] SELECT value FROM `sys_languages`  WHERE value='Популярные'
[17.06.2013 14:14:54] SELECT value FROM `sys_languages`  WHERE value='Недавно начатые'
[17.06.2013 14:14:54] SELECT value FROM `sys_languages`  WHERE value='Заканчивающиеся'
[17.06.2013 14:14:54] SELECT value FROM `sys_languages`  WHERE value='Малые проекты'
[17.06.2013 14:14:54] SELECT value FROM `sys_languages`  WHERE value='Почти собрали'
[17.06.2013 14:14:54] SELECT * FROM `sys_settings`  WHERE name='Copyright'
[17.06.2013 14:14:55] SHOW TABLES
[17.06.2013 14:14:55] SHOW COLUMNS FROM `project`
[17.06.2013 14:14:56] SHOW COLUMNS FROM `project_category`
[17.06.2013 14:14:56] SELECT project_category.* FROM `project_category`  WHERE `name` = 'video'
[17.06.2013 14:14:56] SHOW COLUMNS FROM `data_user`
[17.06.2013 14:14:56] SHOW COLUMNS FROM `data_city`
[17.06.2013 14:14:56] SELECT project.*, `data_user`.`id` AS `data_user->id`, `data_user`.`image` AS `data_user->image`, `data_user`.`name` AS `data_user->name`, `data_user`.`surname` AS `data_user->surname`, `data_user`.`email` AS `data_user->email`, `data_user`.`password` AS `data_user->password`, `data_user`.`role` AS `data_user->role`, `data_user`.`akey` AS `data_user->akey`, `data_user`.`date_of_birth` AS `data_user->date_of_birth`, `data_user`.`lastbeen_at` AS `data_user->lastbeen_at`, `data_user`.`created_at` AS `data_user->created_at`, `data_user`.`status` AS `data_user->status`, `data_city`.`id` AS `data_city->id`, `data_city`.`title` AS `data_city->title`, `data_city`.`weight` AS `data_city->weight`, `data_city`.`status` AS `data_city->status` FROM `project`  INNER JOIN `data_user` ON `project`.`user_id` = `data_user`.`id` INNER JOIN `data_city` ON `project`.`city_id` = `data_city`.`id` WHERE `category_id` = '3' ORDER BY created_at DESC
[17.06.2013 14:14:56] SHOW COLUMNS FROM `sys_settings`
[17.06.2013 14:14:56] SELECT * FROM `sys_settings`  WHERE name='Project.Limit'
[17.06.2013 14:14:56] SELECT project.*, `data_user`.`id` AS `data_user->id`, `data_user`.`image` AS `data_user->image`, `data_user`.`name` AS `data_user->name`, `data_user`.`surname` AS `data_user->surname`, `data_user`.`email` AS `data_user->email`, `data_user`.`password` AS `data_user->password`, `data_user`.`role` AS `data_user->role`, `data_user`.`akey` AS `data_user->akey`, `data_user`.`date_of_birth` AS `data_user->date_of_birth`, `data_user`.`lastbeen_at` AS `data_user->lastbeen_at`, `data_user`.`created_at` AS `data_user->created_at`, `data_user`.`status` AS `data_user->status`, `data_city`.`id` AS `data_city->id`, `data_city`.`title` AS `data_city->title`, `data_city`.`weight` AS `data_city->weight`, `data_city`.`status` AS `data_city->status` FROM `project`  INNER JOIN `data_user` ON `project`.`user_id` = `data_user`.`id` INNER JOIN `data_city` ON `project`.`city_id` = `data_city`.`id` WHERE `category_id` = '3' ORDER BY created_at DESC LIMIT 10
[17.06.2013 14:14:56] SELECT * FROM `project_category`  WHERE 1
[17.06.2013 14:14:56] SHOW COLUMNS FROM `sys_languages`
[17.06.2013 14:14:56] SELECT value FROM `sys_languages`  WHERE value='Популярные'
[17.06.2013 14:14:56] SELECT value FROM `sys_languages`  WHERE value='Недавно начатые'
[17.06.2013 14:14:56] SELECT value FROM `sys_languages`  WHERE value='Заканчивающиеся'
[17.06.2013 14:14:56] SELECT value FROM `sys_languages`  WHERE value='Малые проекты'
[17.06.2013 14:14:56] SELECT value FROM `sys_languages`  WHERE value='Почти собрали'
[17.06.2013 14:14:56] SELECT * FROM `sys_settings`  WHERE name='Copyright'
[17.06.2013 14:14:56] SHOW TABLES
[17.06.2013 14:14:57] SHOW COLUMNS FROM `project`
[17.06.2013 14:14:57] SHOW COLUMNS FROM `project_category`
[17.06.2013 14:14:57] SELECT project_category.* FROM `project_category`  WHERE `name` = 'video'
[17.06.2013 14:14:57] SHOW COLUMNS FROM `data_user`
[17.06.2013 14:14:57] SHOW COLUMNS FROM `data_city`
[17.06.2013 14:14:57] SELECT project.*, `data_user`.`id` AS `data_user->id`, `data_user`.`image` AS `data_user->image`, `data_user`.`name` AS `data_user->name`, `data_user`.`surname` AS `data_user->surname`, `data_user`.`email` AS `data_user->email`, `data_user`.`password` AS `data_user->password`, `data_user`.`role` AS `data_user->role`, `data_user`.`akey` AS `data_user->akey`, `data_user`.`date_of_birth` AS `data_user->date_of_birth`, `data_user`.`lastbeen_at` AS `data_user->lastbeen_at`, `data_user`.`created_at` AS `data_user->created_at`, `data_user`.`status` AS `data_user->status`, `data_city`.`id` AS `data_city->id`, `data_city`.`title` AS `data_city->title`, `data_city`.`weight` AS `data_city->weight`, `data_city`.`status` AS `data_city->status` FROM `project`  INNER JOIN `data_user` ON `project`.`user_id` = `data_user`.`id` INNER JOIN `data_city` ON `project`.`city_id` = `data_city`.`id` WHERE `category_id` = '3' ORDER BY created_at DESC
[17.06.2013 14:14:57] SHOW COLUMNS FROM `sys_settings`
[17.06.2013 14:14:57] SELECT * FROM `sys_settings`  WHERE name='Project.Limit'
[17.06.2013 14:14:57] SELECT project.*, `data_user`.`id` AS `data_user->id`, `data_user`.`image` AS `data_user->image`, `data_user`.`name` AS `data_user->name`, `data_user`.`surname` AS `data_user->surname`, `data_user`.`email` AS `data_user->email`, `data_user`.`password` AS `data_user->password`, `data_user`.`role` AS `data_user->role`, `data_user`.`akey` AS `data_user->akey`, `data_user`.`date_of_birth` AS `data_user->date_of_birth`, `data_user`.`lastbeen_at` AS `data_user->lastbeen_at`, `data_user`.`created_at` AS `data_user->created_at`, `data_user`.`status` AS `data_user->status`, `data_city`.`id` AS `data_city->id`, `data_city`.`title` AS `data_city->title`, `data_city`.`weight` AS `data_city->weight`, `data_city`.`status` AS `data_city->status` FROM `project`  INNER JOIN `data_user` ON `project`.`user_id` = `data_user`.`id` INNER JOIN `data_city` ON `project`.`city_id` = `data_city`.`id` WHERE `category_id` = '3' ORDER BY created_at DESC LIMIT 10
[17.06.2013 14:14:57] SELECT * FROM `project_category`  WHERE 1
[17.06.2013 14:14:57] SHOW COLUMNS FROM `sys_languages`
[17.06.2013 14:14:57] SELECT value FROM `sys_languages`  WHERE value='Популярные'
[17.06.2013 14:14:57] SELECT value FROM `sys_languages`  WHERE value='Недавно начатые'
[17.06.2013 14:14:57] SELECT value FROM `sys_languages`  WHERE value='Заканчивающиеся'
[17.06.2013 14:14:57] SELECT value FROM `sys_languages`  WHERE value='Малые проекты'
[17.06.2013 14:14:57] SELECT value FROM `sys_languages`  WHERE value='Почти собрали'
[17.06.2013 14:14:57] SELECT * FROM `sys_settings`  WHERE name='Copyright'
[17.06.2013 14:14:58] SHOW TABLES
[17.06.2013 14:14:58] SHOW COLUMNS FROM `project`
[17.06.2013 14:14:58] SHOW COLUMNS FROM `project_category`
[17.06.2013 14:14:58] SELECT project_category.* FROM `project_category`  WHERE `name` = 'video'
[17.06.2013 14:14:58] SHOW COLUMNS FROM `data_user`
[17.06.2013 14:14:58] SHOW COLUMNS FROM `data_city`
[17.06.2013 14:14:58] SELECT project.*, `data_user`.`id` AS `data_user->id`, `data_user`.`image` AS `data_user->image`, `data_user`.`name` AS `data_user->name`, `data_user`.`surname` AS `data_user->surname`, `data_user`.`email` AS `data_user->email`, `data_user`.`password` AS `data_user->password`, `data_user`.`role` AS `data_user->role`, `data_user`.`akey` AS `data_user->akey`, `data_user`.`date_of_birth` AS `data_user->date_of_birth`, `data_user`.`lastbeen_at` AS `data_user->lastbeen_at`, `data_user`.`created_at` AS `data_user->created_at`, `data_user`.`status` AS `data_user->status`, `data_city`.`id` AS `data_city->id`, `data_city`.`title` AS `data_city->title`, `data_city`.`weight` AS `data_city->weight`, `data_city`.`status` AS `data_city->status` FROM `project`  INNER JOIN `data_user` ON `project`.`user_id` = `data_user`.`id` INNER JOIN `data_city` ON `project`.`city_id` = `data_city`.`id` WHERE `category_id` = '3' ORDER BY created_at DESC
[17.06.2013 14:14:58] SHOW COLUMNS FROM `sys_settings`
[17.06.2013 14:14:58] SELECT * FROM `sys_settings`  WHERE name='Project.Limit'
[17.06.2013 14:14:58] SELECT project.*, `data_user`.`id` AS `data_user->id`, `data_user`.`image` AS `data_user->image`, `data_user`.`name` AS `data_user->name`, `data_user`.`surname` AS `data_user->surname`, `data_user`.`email` AS `data_user->email`, `data_user`.`password` AS `data_user->password`, `data_user`.`role` AS `data_user->role`, `data_user`.`akey` AS `data_user->akey`, `data_user`.`date_of_birth` AS `data_user->date_of_birth`, `data_user`.`lastbeen_at` AS `data_user->lastbeen_at`, `data_user`.`created_at` AS `data_user->created_at`, `data_user`.`status` AS `data_user->status`, `data_city`.`id` AS `data_city->id`, `data_city`.`title` AS `data_city->title`, `data_city`.`weight` AS `data_city->weight`, `data_city`.`status` AS `data_city->status` FROM `project`  INNER JOIN `data_user` ON `project`.`user_id` = `data_user`.`id` INNER JOIN `data_city` ON `project`.`city_id` = `data_city`.`id` WHERE `category_id` = '3' ORDER BY created_at DESC LIMIT 10
[17.06.2013 14:14:58] SELECT * FROM `project_category`  WHERE 1
[17.06.2013 14:14:58] SHOW COLUMNS FROM `sys_languages`
[17.06.2013 14:14:58] SELECT value FROM `sys_languages`  WHERE value='Популярные'
[17.06.2013 14:14:58] SELECT value FROM `sys_languages`  WHERE value='Недавно начатые'
[17.06.2013 14:14:58] SELECT value FROM `sys_languages`  WHERE value='Заканчивающиеся'
[17.06.2013 14:14:58] SELECT value FROM `sys_languages`  WHERE value='Малые проекты'
[17.06.2013 14:14:58] SELECT value FROM `sys_languages`  WHERE value='Почти собрали'
[17.06.2013 14:14:58] SELECT * FROM `sys_settings`  WHERE name='Copyright'
[17.06.2013 14:14:59] SHOW TABLES
[17.06.2013 14:14:59] SHOW COLUMNS FROM `project`
[17.06.2013 14:14:59] SHOW COLUMNS FROM `sys_languages`
[17.06.2013 14:14:59] SELECT value FROM `sys_languages`  WHERE value='Страница не найдена.'
[17.06.2013 14:15:00] SHOW TABLES
[17.06.2013 14:15:00] SHOW COLUMNS FROM `project`
[17.06.2013 14:15:00] SHOW COLUMNS FROM `project_category`
[17.06.2013 14:15:00] SELECT project_category.* FROM `project_category`  WHERE `name` = 'video'
[17.06.2013 14:15:00] SHOW COLUMNS FROM `data_user`
[17.06.2013 14:15:00] SHOW COLUMNS FROM `data_city`
[17.06.2013 14:15:00] SELECT project.*, `data_user`.`id` AS `data_user->id`, `data_user`.`image` AS `data_user->image`, `data_user`.`name` AS `data_user->name`, `data_user`.`surname` AS `data_user->surname`, `data_user`.`email` AS `data_user->email`, `data_user`.`password` AS `data_user->password`, `data_user`.`role` AS `data_user->role`, `data_user`.`akey` AS `data_user->akey`, `data_user`.`date_of_birth` AS `data_user->date_of_birth`, `data_user`.`lastbeen_at` AS `data_user->lastbeen_at`, `data_user`.`created_at` AS `data_user->created_at`, `data_user`.`status` AS `data_user->status`, `data_city`.`id` AS `data_city->id`, `data_city`.`title` AS `data_city->title`, `data_city`.`weight` AS `data_city->weight`, `data_city`.`status` AS `data_city->status` FROM `project`  INNER JOIN `data_user` ON `project`.`user_id` = `data_user`.`id` INNER JOIN `data_city` ON `project`.`city_id` = `data_city`.`id` WHERE `category_id` = '3' ORDER BY created_at DESC
[17.06.2013 14:15:00] SHOW COLUMNS FROM `sys_settings`
[17.06.2013 14:15:00] SELECT * FROM `sys_settings`  WHERE name='Project.Limit'
[17.06.2013 14:15:00] SELECT project.*, `data_user`.`id` AS `data_user->id`, `data_user`.`image` AS `data_user->image`, `data_user`.`name` AS `data_user->name`, `data_user`.`surname` AS `data_user->surname`, `data_user`.`email` AS `data_user->email`, `data_user`.`password` AS `data_user->password`, `data_user`.`role` AS `data_user->role`, `data_user`.`akey` AS `data_user->akey`, `data_user`.`date_of_birth` AS `data_user->date_of_birth`, `data_user`.`lastbeen_at` AS `data_user->lastbeen_at`, `data_user`.`created_at` AS `data_user->created_at`, `data_user`.`status` AS `data_user->status`, `data_city`.`id` AS `data_city->id`, `data_city`.`title` AS `data_city->title`, `data_city`.`weight` AS `data_city->weight`, `data_city`.`status` AS `data_city->status` FROM `project`  INNER JOIN `data_user` ON `project`.`user_id` = `data_user`.`id` INNER JOIN `data_city` ON `project`.`city_id` = `data_city`.`id` WHERE `category_id` = '3' ORDER BY created_at DESC LIMIT 10
[17.06.2013 14:15:00] SELECT * FROM `project_category`  WHERE 1
[17.06.2013 14:15:00] SHOW COLUMNS FROM `sys_languages`
[17.06.2013 14:15:00] SELECT value FROM `sys_languages`  WHERE value='Популярные'
[17.06.2013 14:15:00] SELECT value FROM `sys_languages`  WHERE value='Недавно начатые'
[17.06.2013 14:15:00] SELECT value FROM `sys_languages`  WHERE value='Заканчивающиеся'
[17.06.2013 14:15:00] SELECT value FROM `sys_languages`  WHERE value='Малые проекты'
[17.06.2013 14:15:00] SELECT value FROM `sys_languages`  WHERE value='Почти собрали'
[17.06.2013 14:15:00] SELECT * FROM `sys_settings`  WHERE name='Copyright'
[17.06.2013 14:15:02] SHOW TABLES
[17.06.2013 14:15:02] SHOW COLUMNS FROM `project`
[17.06.2013 14:15:03] SHOW TABLES
[17.06.2013 14:15:03] SHOW COLUMNS FROM `project`
[17.06.2013 14:15:03] SHOW COLUMNS FROM `project_category`
[17.06.2013 14:15:03] SELECT project_category.* FROM `project_category`  WHERE `name` = 'video'
[17.06.2013 14:15:03] SHOW COLUMNS FROM `data_user`
[17.06.2013 14:15:03] SHOW COLUMNS FROM `data_city`
[17.06.2013 14:15:03] SELECT project.*, `data_user`.`id` AS `data_user->id`, `data_user`.`image` AS `data_user->image`, `data_user`.`name` AS `data_user->name`, `data_user`.`surname` AS `data_user->surname`, `data_user`.`email` AS `data_user->email`, `data_user`.`password` AS `data_user->password`, `data_user`.`role` AS `data_user->role`, `data_user`.`akey` AS `data_user->akey`, `data_user`.`date_of_birth` AS `data_user->date_of_birth`, `data_user`.`lastbeen_at` AS `data_user->lastbeen_at`, `data_user`.`created_at` AS `data_user->created_at`, `data_user`.`status` AS `data_user->status`, `data_city`.`id` AS `data_city->id`, `data_city`.`title` AS `data_city->title`, `data_city`.`weight` AS `data_city->weight`, `data_city`.`status` AS `data_city->status` FROM `project`  INNER JOIN `data_user` ON `project`.`user_id` = `data_user`.`id` INNER JOIN `data_city` ON `project`.`city_id` = `data_city`.`id` WHERE `category_id` = '3' ORDER BY created_at DESC
[17.06.2013 14:15:03] SHOW COLUMNS FROM `sys_settings`
[17.06.2013 14:15:03] SELECT * FROM `sys_settings`  WHERE name='Project.Limit'
[17.06.2013 14:15:03] SELECT project.*, `data_user`.`id` AS `data_user->id`, `data_user`.`image` AS `data_user->image`, `data_user`.`name` AS `data_user->name`, `data_user`.`surname` AS `data_user->surname`, `data_user`.`email` AS `data_user->email`, `data_user`.`password` AS `data_user->password`, `data_user`.`role` AS `data_user->role`, `data_user`.`akey` AS `data_user->akey`, `data_user`.`date_of_birth` AS `data_user->date_of_birth`, `data_user`.`lastbeen_at` AS `data_user->lastbeen_at`, `data_user`.`created_at` AS `data_user->created_at`, `data_user`.`status` AS `data_user->status`, `data_city`.`id` AS `data_city->id`, `data_city`.`title` AS `data_city->title`, `data_city`.`weight` AS `data_city->weight`, `data_city`.`status` AS `data_city->status` FROM `project`  INNER JOIN `data_user` ON `project`.`user_id` = `data_user`.`id` INNER JOIN `data_city` ON `project`.`city_id` = `data_city`.`id` WHERE `category_id` = '3' ORDER BY created_at DESC LIMIT 10
[17.06.2013 14:15:03] SELECT * FROM `project_category`  WHERE 1
[17.06.2013 14:15:03] SHOW COLUMNS FROM `sys_languages`
[17.06.2013 14:15:03] SELECT value FROM `sys_languages`  WHERE value='Популярные'
[17.06.2013 14:15:03] SELECT value FROM `sys_languages`  WHERE value='Недавно начатые'
[17.06.2013 14:15:03] SELECT value FROM `sys_languages`  WHERE value='Заканчивающиеся'
[17.06.2013 14:15:03] SELECT value FROM `sys_languages`  WHERE value='Малые проекты'
[17.06.2013 14:15:03] SELECT value FROM `sys_languages`  WHERE value='Почти собрали'
[17.06.2013 14:15:03] SELECT * FROM `sys_settings`  WHERE name='Copyright'
[17.06.2013 14:15:06] SHOW TABLES
[17.06.2013 14:15:06] SHOW COLUMNS FROM `project`
[17.06.2013 14:15:06] SHOW COLUMNS FROM `project_category`
[17.06.2013 14:15:06] SELECT project_category.* FROM `project_category`  WHERE `name` = 'video'
[17.06.2013 14:15:06] SHOW COLUMNS FROM `data_user`
[17.06.2013 14:15:06] SHOW COLUMNS FROM `data_city`
[17.06.2013 14:15:06] SELECT project.*, `data_user`.`id` AS `data_user->id`, `data_user`.`image` AS `data_user->image`, `data_user`.`name` AS `data_user->name`, `data_user`.`surname` AS `data_user->surname`, `data_user`.`email` AS `data_user->email`, `data_user`.`password` AS `data_user->password`, `data_user`.`role` AS `data_user->role`, `data_user`.`akey` AS `data_user->akey`, `data_user`.`date_of_birth` AS `data_user->date_of_birth`, `data_user`.`lastbeen_at` AS `data_user->lastbeen_at`, `data_user`.`created_at` AS `data_user->created_at`, `data_user`.`status` AS `data_user->status`, `data_city`.`id` AS `data_city->id`, `data_city`.`title` AS `data_city->title`, `data_city`.`weight` AS `data_city->weight`, `data_city`.`status` AS `data_city->status` FROM `project`  INNER JOIN `data_user` ON `project`.`user_id` = `data_user`.`id` INNER JOIN `data_city` ON `project`.`city_id` = `data_city`.`id` WHERE `category_id` = '3' ORDER BY created_at DESC
[17.06.2013 14:15:06] SHOW COLUMNS FROM `sys_settings`
[17.06.2013 14:15:06] SELECT * FROM `sys_settings`  WHERE name='Project.Limit'
[17.06.2013 14:15:06] SELECT project.*, `data_user`.`id` AS `data_user->id`, `data_user`.`image` AS `data_user->image`, `data_user`.`name` AS `data_user->name`, `data_user`.`surname` AS `data_user->surname`, `data_user`.`email` AS `data_user->email`, `data_user`.`password` AS `data_user->password`, `data_user`.`role` AS `data_user->role`, `data_user`.`akey` AS `data_user->akey`, `data_user`.`date_of_birth` AS `data_user->date_of_birth`, `data_user`.`lastbeen_at` AS `data_user->lastbeen_at`, `data_user`.`created_at` AS `data_user->created_at`, `data_user`.`status` AS `data_user->status`, `data_city`.`id` AS `data_city->id`, `data_city`.`title` AS `data_city->title`, `data_city`.`weight` AS `data_city->weight`, `data_city`.`status` AS `data_city->status` FROM `project`  INNER JOIN `data_user` ON `project`.`user_id` = `data_user`.`id` INNER JOIN `data_city` ON `project`.`city_id` = `data_city`.`id` WHERE `category_id` = '3' ORDER BY created_at DESC LIMIT 10
[17.06.2013 14:15:06] SELECT * FROM `project_category`  WHERE 1
[17.06.2013 14:15:06] SHOW COLUMNS FROM `sys_languages`
[17.06.2013 14:15:06] SELECT value FROM `sys_languages`  WHERE value='Популярные'
[17.06.2013 14:15:06] SELECT value FROM `sys_languages`  WHERE value='Недавно начатые'
[17.06.2013 14:15:06] SELECT value FROM `sys_languages`  WHERE value='Заканчивающиеся'
[17.06.2013 14:15:06] SELECT value FROM `sys_languages`  WHERE value='Малые проекты'
[17.06.2013 14:15:06] SELECT value FROM `sys_languages`  WHERE value='Почти собрали'
[17.06.2013 14:15:06] SELECT * FROM `sys_settings`  WHERE name='Copyright'
[17.06.2013 14:15:06] SHOW TABLES
[17.06.2013 14:15:06] SHOW COLUMNS FROM `project`
[17.06.2013 14:15:06] SHOW COLUMNS FROM `data_user`
[17.06.2013 14:15:06] SHOW COLUMNS FROM `data_city`
[17.06.2013 14:15:06] SELECT project.*, `data_user`.`id` AS `data_user->id`, `data_user`.`image` AS `data_user->image`, `data_user`.`name` AS `data_user->name`, `data_user`.`surname` AS `data_user->surname`, `data_user`.`email` AS `data_user->email`, `data_user`.`password` AS `data_user->password`, `data_user`.`role` AS `data_user->role`, `data_user`.`akey` AS `data_user->akey`, `data_user`.`date_of_birth` AS `data_user->date_of_birth`, `data_user`.`lastbeen_at` AS `data_user->lastbeen_at`, `data_user`.`created_at` AS `data_user->created_at`, `data_user`.`status` AS `data_user->status`, `data_city`.`id` AS `data_city->id`, `data_city`.`title` AS `data_city->title`, `data_city`.`weight` AS `data_city->weight`, `data_city`.`status` AS `data_city->status` FROM `project`  INNER JOIN `data_user` ON `project`.`user_id` = `data_user`.`id` INNER JOIN `data_city` ON `project`.`city_id` = `data_city`.`id` WHERE 1 ORDER BY created_at DESC
[17.06.2013 14:15:06] SHOW COLUMNS FROM `sys_settings`
[17.06.2013 14:15:06] SELECT * FROM `sys_settings`  WHERE name='Project.Limit'
[17.06.2013 14:15:06] SELECT project.*, `data_user`.`id` AS `data_user->id`, `data_user`.`image` AS `data_user->image`, `data_user`.`name` AS `data_user->name`, `data_user`.`surname` AS `data_user->surname`, `data_user`.`email` AS `data_user->email`, `data_user`.`password` AS `data_user->password`, `data_user`.`role` AS `data_user->role`, `data_user`.`akey` AS `data_user->akey`, `data_user`.`date_of_birth` AS `data_user->date_of_birth`, `data_user`.`lastbeen_at` AS `data_user->lastbeen_at`, `data_user`.`created_at` AS `data_user->created_at`, `data_user`.`status` AS `data_user->status`, `data_city`.`id` AS `data_city->id`, `data_city`.`title` AS `data_city->title`, `data_city`.`weight` AS `data_city->weight`, `data_city`.`status` AS `data_city->status` FROM `project`  INNER JOIN `data_user` ON `project`.`user_id` = `data_user`.`id` INNER JOIN `data_city` ON `project`.`city_id` = `data_city`.`id` WHERE 1 ORDER BY created_at DESC LIMIT 10
[17.06.2013 14:15:06] SHOW COLUMNS FROM `project_category`
[17.06.2013 14:15:06] SELECT * FROM `project_category`  WHERE 1
[17.06.2013 14:15:06] SHOW COLUMNS FROM `sys_languages`
[17.06.2013 14:15:06] SELECT value FROM `sys_languages`  WHERE value='Популярные'
[17.06.2013 14:15:06] SELECT value FROM `sys_languages`  WHERE value='Недавно начатые'
[17.06.2013 14:15:06] SELECT value FROM `sys_languages`  WHERE value='Заканчивающиеся'
[17.06.2013 14:15:06] SELECT value FROM `sys_languages`  WHERE value='Малые проекты'
[17.06.2013 14:15:06] SELECT value FROM `sys_languages`  WHERE value='Почти собрали'
[17.06.2013 14:15:06] SELECT * FROM `sys_settings`  WHERE name='Copyright'
[17.06.2013 15:47:56] SHOW TABLES
[17.06.2013 15:47:56] SHOW COLUMNS FROM `project`
[17.06.2013 15:47:56] SHOW COLUMNS FROM `data_user`
[17.06.2013 15:47:56] SHOW COLUMNS FROM `data_city`
[17.06.2013 15:47:56] SELECT project.*, `data_user`.`id` AS `data_user->id`, `data_user`.`image` AS `data_user->image`, `data_user`.`name` AS `data_user->name`, `data_user`.`surname` AS `data_user->surname`, `data_user`.`email` AS `data_user->email`, `data_user`.`password` AS `data_user->password`, `data_user`.`role` AS `data_user->role`, `data_user`.`akey` AS `data_user->akey`, `data_user`.`date_of_birth` AS `data_user->date_of_birth`, `data_user`.`lastbeen_at` AS `data_user->lastbeen_at`, `data_user`.`created_at` AS `data_user->created_at`, `data_user`.`status` AS `data_user->status`, `data_city`.`id` AS `data_city->id`, `data_city`.`title` AS `data_city->title`, `data_city`.`weight` AS `data_city->weight`, `data_city`.`status` AS `data_city->status` FROM `project`  INNER JOIN `data_user` ON `project`.`user_id` = `data_user`.`id` INNER JOIN `data_city` ON `project`.`city_id` = `data_city`.`id` WHERE 1 ORDER BY created_at DESC
[17.06.2013 15:47:56] SHOW COLUMNS FROM `sys_settings`
[17.06.2013 15:47:56] SELECT * FROM `sys_settings`  WHERE name='Project.Limit'
[17.06.2013 15:47:56] SELECT project.*, `data_user`.`id` AS `data_user->id`, `data_user`.`image` AS `data_user->image`, `data_user`.`name` AS `data_user->name`, `data_user`.`surname` AS `data_user->surname`, `data_user`.`email` AS `data_user->email`, `data_user`.`password` AS `data_user->password`, `data_user`.`role` AS `data_user->role`, `data_user`.`akey` AS `data_user->akey`, `data_user`.`date_of_birth` AS `data_user->date_of_birth`, `data_user`.`lastbeen_at` AS `data_user->lastbeen_at`, `data_user`.`created_at` AS `data_user->created_at`, `data_user`.`status` AS `data_user->status`, `data_city`.`id` AS `data_city->id`, `data_city`.`title` AS `data_city->title`, `data_city`.`weight` AS `data_city->weight`, `data_city`.`status` AS `data_city->status` FROM `project`  INNER JOIN `data_user` ON `project`.`user_id` = `data_user`.`id` INNER JOIN `data_city` ON `project`.`city_id` = `data_city`.`id` WHERE 1 ORDER BY created_at DESC LIMIT 10
[17.06.2013 15:47:56] SHOW COLUMNS FROM `project_category`
[17.06.2013 15:47:56] SELECT * FROM `project_category`  WHERE 1
[17.06.2013 15:47:56] SHOW COLUMNS FROM `sys_languages`
[17.06.2013 15:47:56] SELECT value FROM `sys_languages`  WHERE value='Популярные'
[17.06.2013 15:47:56] SELECT value FROM `sys_languages`  WHERE value='Недавно начатые'
[17.06.2013 15:47:56] SELECT value FROM `sys_languages`  WHERE value='Заканчивающиеся'
[17.06.2013 15:47:56] SELECT value FROM `sys_languages`  WHERE value='Малые проекты'
[17.06.2013 15:47:56] SELECT value FROM `sys_languages`  WHERE value='Почти собрали'
[17.06.2013 15:47:56] SELECT * FROM `sys_settings`  WHERE name='Copyright'
