[11.06.2013 08:26:40] SHOW TABLES
[11.06.2013 08:26:40] SHOW COLUMNS FROM `project`
[11.06.2013 08:26:40] SHOW COLUMNS FROM `data_user`
[11.06.2013 08:26:40] SHOW COLUMNS FROM `data_city`
[11.06.2013 08:26:40] SELECT project.*, `data_user`.`id` AS `data_user->id`, `data_user`.`image` AS `data_user->image`, `data_user`.`name` AS `data_user->name`, `data_user`.`surname` AS `data_user->surname`, `data_user`.`email` AS `data_user->email`, `data_user`.`password` AS `data_user->password`, `data_user`.`role` AS `data_user->role`, `data_user`.`akey` AS `data_user->akey`, `data_user`.`date_of_birth` AS `data_user->date_of_birth`, `data_user`.`lastbeen_at` AS `data_user->lastbeen_at`, `data_user`.`created_at` AS `data_user->created_at`, `data_user`.`status` AS `data_user->status`, `data_city`.`id` AS `data_city->id`, `data_city`.`title` AS `data_city->title`, `data_city`.`weight` AS `data_city->weight`, `data_city`.`status` AS `data_city->status` FROM `project`  INNER JOIN `data_user` ON `project`.`user_id` = `data_user`.`id` INNER JOIN `data_city` ON `project`.`city_id` = `data_city`.`id` WHERE 1 ORDER BY created_at DESC
[11.06.2013 08:26:40] SHOW COLUMNS FROM `sys_settings`
[11.06.2013 08:26:40] SELECT * FROM `sys_settings`  WHERE name='Project.Limit'
[11.06.2013 08:26:40] SELECT project.*, `data_user`.`id` AS `data_user->id`, `data_user`.`image` AS `data_user->image`, `data_user`.`name` AS `data_user->name`, `data_user`.`surname` AS `data_user->surname`, `data_user`.`email` AS `data_user->email`, `data_user`.`password` AS `data_user->password`, `data_user`.`role` AS `data_user->role`, `data_user`.`akey` AS `data_user->akey`, `data_user`.`date_of_birth` AS `data_user->date_of_birth`, `data_user`.`lastbeen_at` AS `data_user->lastbeen_at`, `data_user`.`created_at` AS `data_user->created_at`, `data_user`.`status` AS `data_user->status`, `data_city`.`id` AS `data_city->id`, `data_city`.`title` AS `data_city->title`, `data_city`.`weight` AS `data_city->weight`, `data_city`.`status` AS `data_city->status` FROM `project`  INNER JOIN `data_user` ON `project`.`user_id` = `data_user`.`id` INNER JOIN `data_city` ON `project`.`city_id` = `data_city`.`id` WHERE 1 ORDER BY created_at DESC LIMIT 10
[11.06.2013 08:26:40] SHOW COLUMNS FROM `project_category`
[11.06.2013 08:26:40] SELECT * FROM `project_category`  WHERE 1
[11.06.2013 08:26:40] SELECT * FROM `sys_settings`  WHERE name='Copyright'
[11.06.2013 08:27:30] SHOW TABLES
[11.06.2013 08:27:30] SHOW COLUMNS FROM `project`
[11.06.2013 08:27:30] SHOW COLUMNS FROM `data_user`
[11.06.2013 08:27:30] SHOW COLUMNS FROM `data_city`
[11.06.2013 08:27:30] SELECT project.*, `data_user`.`id` AS `data_user->id`, `data_user`.`image` AS `data_user->image`, `data_user`.`name` AS `data_user->name`, `data_user`.`surname` AS `data_user->surname`, `data_user`.`email` AS `data_user->email`, `data_user`.`password` AS `data_user->password`, `data_user`.`role` AS `data_user->role`, `data_user`.`akey` AS `data_user->akey`, `data_user`.`date_of_birth` AS `data_user->date_of_birth`, `data_user`.`lastbeen_at` AS `data_user->lastbeen_at`, `data_user`.`created_at` AS `data_user->created_at`, `data_user`.`status` AS `data_user->status`, `data_city`.`id` AS `data_city->id`, `data_city`.`title` AS `data_city->title`, `data_city`.`weight` AS `data_city->weight`, `data_city`.`status` AS `data_city->status` FROM `project`  INNER JOIN `data_user` ON `project`.`user_id` = `data_user`.`id` INNER JOIN `data_city` ON `project`.`city_id` = `data_city`.`id` WHERE 1 ORDER BY created_at DESC
[11.06.2013 08:27:30] SHOW COLUMNS FROM `sys_settings`
[11.06.2013 08:27:30] SELECT * FROM `sys_settings`  WHERE name='Project.Limit'
[11.06.2013 08:27:30] SELECT project.*, `data_user`.`id` AS `data_user->id`, `data_user`.`image` AS `data_user->image`, `data_user`.`name` AS `data_user->name`, `data_user`.`surname` AS `data_user->surname`, `data_user`.`email` AS `data_user->email`, `data_user`.`password` AS `data_user->password`, `data_user`.`role` AS `data_user->role`, `data_user`.`akey` AS `data_user->akey`, `data_user`.`date_of_birth` AS `data_user->date_of_birth`, `data_user`.`lastbeen_at` AS `data_user->lastbeen_at`, `data_user`.`created_at` AS `data_user->created_at`, `data_user`.`status` AS `data_user->status`, `data_city`.`id` AS `data_city->id`, `data_city`.`title` AS `data_city->title`, `data_city`.`weight` AS `data_city->weight`, `data_city`.`status` AS `data_city->status` FROM `project`  INNER JOIN `data_user` ON `project`.`user_id` = `data_user`.`id` INNER JOIN `data_city` ON `project`.`city_id` = `data_city`.`id` WHERE 1 ORDER BY created_at DESC LIMIT 10
[11.06.2013 08:27:30] SHOW COLUMNS FROM `project_category`
[11.06.2013 08:27:30] SELECT * FROM `project_category`  WHERE 1
[11.06.2013 08:27:30] SELECT * FROM `sys_settings`  WHERE name='Copyright'
[11.06.2013 08:28:13] SHOW TABLES
[11.06.2013 08:28:13] SHOW COLUMNS FROM `project`
[11.06.2013 08:28:13] SHOW COLUMNS FROM `data_user`
[11.06.2013 08:28:13] SHOW COLUMNS FROM `data_city`
[11.06.2013 08:28:13] SELECT project.*, `data_user`.`id` AS `data_user->id`, `data_user`.`image` AS `data_user->image`, `data_user`.`name` AS `data_user->name`, `data_user`.`surname` AS `data_user->surname`, `data_user`.`email` AS `data_user->email`, `data_user`.`password` AS `data_user->password`, `data_user`.`role` AS `data_user->role`, `data_user`.`akey` AS `data_user->akey`, `data_user`.`date_of_birth` AS `data_user->date_of_birth`, `data_user`.`lastbeen_at` AS `data_user->lastbeen_at`, `data_user`.`created_at` AS `data_user->created_at`, `data_user`.`status` AS `data_user->status`, `data_city`.`id` AS `data_city->id`, `data_city`.`title` AS `data_city->title`, `data_city`.`weight` AS `data_city->weight`, `data_city`.`status` AS `data_city->status` FROM `project`  INNER JOIN `data_user` ON `project`.`user_id` = `data_user`.`id` INNER JOIN `data_city` ON `project`.`city_id` = `data_city`.`id` WHERE 1 ORDER BY created_at DESC
[11.06.2013 08:28:13] SHOW COLUMNS FROM `sys_settings`
[11.06.2013 08:28:13] SELECT * FROM `sys_settings`  WHERE name='Project.Limit'
[11.06.2013 08:28:13] SELECT project.*, `data_user`.`id` AS `data_user->id`, `data_user`.`image` AS `data_user->image`, `data_user`.`name` AS `data_user->name`, `data_user`.`surname` AS `data_user->surname`, `data_user`.`email` AS `data_user->email`, `data_user`.`password` AS `data_user->password`, `data_user`.`role` AS `data_user->role`, `data_user`.`akey` AS `data_user->akey`, `data_user`.`date_of_birth` AS `data_user->date_of_birth`, `data_user`.`lastbeen_at` AS `data_user->lastbeen_at`, `data_user`.`created_at` AS `data_user->created_at`, `data_user`.`status` AS `data_user->status`, `data_city`.`id` AS `data_city->id`, `data_city`.`title` AS `data_city->title`, `data_city`.`weight` AS `data_city->weight`, `data_city`.`status` AS `data_city->status` FROM `project`  INNER JOIN `data_user` ON `project`.`user_id` = `data_user`.`id` INNER JOIN `data_city` ON `project`.`city_id` = `data_city`.`id` WHERE 1 ORDER BY created_at DESC LIMIT 10
[11.06.2013 08:28:13] SHOW COLUMNS FROM `project_category`
[11.06.2013 08:28:13] SELECT * FROM `project_category`  WHERE 1
[11.06.2013 08:28:13] SELECT * FROM `sys_settings`  WHERE name='Copyright'
[11.06.2013 08:28:58] SHOW TABLES
[11.06.2013 08:28:58] SHOW COLUMNS FROM `project`
[11.06.2013 08:28:58] SHOW COLUMNS FROM `data_user`
[11.06.2013 08:28:58] SHOW COLUMNS FROM `data_city`
[11.06.2013 08:28:58] SELECT project.*, `data_user`.`id` AS `data_user->id`, `data_user`.`image` AS `data_user->image`, `data_user`.`name` AS `data_user->name`, `data_user`.`surname` AS `data_user->surname`, `data_user`.`email` AS `data_user->email`, `data_user`.`password` AS `data_user->password`, `data_user`.`role` AS `data_user->role`, `data_user`.`akey` AS `data_user->akey`, `data_user`.`date_of_birth` AS `data_user->date_of_birth`, `data_user`.`lastbeen_at` AS `data_user->lastbeen_at`, `data_user`.`created_at` AS `data_user->created_at`, `data_user`.`status` AS `data_user->status`, `data_city`.`id` AS `data_city->id`, `data_city`.`title` AS `data_city->title`, `data_city`.`weight` AS `data_city->weight`, `data_city`.`status` AS `data_city->status` FROM `project`  INNER JOIN `data_user` ON `project`.`user_id` = `data_user`.`id` INNER JOIN `data_city` ON `project`.`city_id` = `data_city`.`id` WHERE 1 ORDER BY created_at DESC
[11.06.2013 08:28:58] SHOW COLUMNS FROM `sys_settings`
[11.06.2013 08:28:58] SELECT * FROM `sys_settings`  WHERE name='Project.Limit'
[11.06.2013 08:28:58] SELECT project.*, `data_user`.`id` AS `data_user->id`, `data_user`.`image` AS `data_user->image`, `data_user`.`name` AS `data_user->name`, `data_user`.`surname` AS `data_user->surname`, `data_user`.`email` AS `data_user->email`, `data_user`.`password` AS `data_user->password`, `data_user`.`role` AS `data_user->role`, `data_user`.`akey` AS `data_user->akey`, `data_user`.`date_of_birth` AS `data_user->date_of_birth`, `data_user`.`lastbeen_at` AS `data_user->lastbeen_at`, `data_user`.`created_at` AS `data_user->created_at`, `data_user`.`status` AS `data_user->status`, `data_city`.`id` AS `data_city->id`, `data_city`.`title` AS `data_city->title`, `data_city`.`weight` AS `data_city->weight`, `data_city`.`status` AS `data_city->status` FROM `project`  INNER JOIN `data_user` ON `project`.`user_id` = `data_user`.`id` INNER JOIN `data_city` ON `project`.`city_id` = `data_city`.`id` WHERE 1 ORDER BY created_at DESC LIMIT 10
[11.06.2013 08:28:58] SHOW COLUMNS FROM `project_category`
[11.06.2013 08:28:58] SELECT * FROM `project_category`  WHERE 1
[11.06.2013 08:28:58] SELECT * FROM `sys_settings`  WHERE name='Copyright'
[11.06.2013 08:31:13] SHOW TABLES
[11.06.2013 08:31:13] SHOW COLUMNS FROM `project`
[11.06.2013 08:31:13] SHOW COLUMNS FROM `data_user`
[11.06.2013 08:31:13] SHOW COLUMNS FROM `data_city`
[11.06.2013 08:31:13] SELECT project.*, `data_user`.`id` AS `data_user->id`, `data_user`.`image` AS `data_user->image`, `data_user`.`name` AS `data_user->name`, `data_user`.`surname` AS `data_user->surname`, `data_user`.`email` AS `data_user->email`, `data_user`.`password` AS `data_user->password`, `data_user`.`role` AS `data_user->role`, `data_user`.`akey` AS `data_user->akey`, `data_user`.`date_of_birth` AS `data_user->date_of_birth`, `data_user`.`lastbeen_at` AS `data_user->lastbeen_at`, `data_user`.`created_at` AS `data_user->created_at`, `data_user`.`status` AS `data_user->status`, `data_city`.`id` AS `data_city->id`, `data_city`.`title` AS `data_city->title`, `data_city`.`weight` AS `data_city->weight`, `data_city`.`status` AS `data_city->status` FROM `project`  INNER JOIN `data_user` ON `project`.`user_id` = `data_user`.`id` INNER JOIN `data_city` ON `project`.`city_id` = `data_city`.`id` WHERE 1 ORDER BY created_at DESC
[11.06.2013 08:31:13] SHOW COLUMNS FROM `sys_settings`
[11.06.2013 08:31:13] SELECT * FROM `sys_settings`  WHERE name='Project.Limit'
[11.06.2013 08:31:13] SELECT project.*, `data_user`.`id` AS `data_user->id`, `data_user`.`image` AS `data_user->image`, `data_user`.`name` AS `data_user->name`, `data_user`.`surname` AS `data_user->surname`, `data_user`.`email` AS `data_user->email`, `data_user`.`password` AS `data_user->password`, `data_user`.`role` AS `data_user->role`, `data_user`.`akey` AS `data_user->akey`, `data_user`.`date_of_birth` AS `data_user->date_of_birth`, `data_user`.`lastbeen_at` AS `data_user->lastbeen_at`, `data_user`.`created_at` AS `data_user->created_at`, `data_user`.`status` AS `data_user->status`, `data_city`.`id` AS `data_city->id`, `data_city`.`title` AS `data_city->title`, `data_city`.`weight` AS `data_city->weight`, `data_city`.`status` AS `data_city->status` FROM `project`  INNER JOIN `data_user` ON `project`.`user_id` = `data_user`.`id` INNER JOIN `data_city` ON `project`.`city_id` = `data_city`.`id` WHERE 1 ORDER BY created_at DESC LIMIT 10
[11.06.2013 08:31:13] SHOW COLUMNS FROM `project_category`
[11.06.2013 08:31:13] SELECT * FROM `project_category`  WHERE 1
[11.06.2013 08:31:13] SELECT * FROM `sys_settings`  WHERE name='Copyright'
[11.06.2013 08:31:22] SHOW TABLES
[11.06.2013 08:31:22] SHOW COLUMNS FROM `project`
[11.06.2013 08:31:22] SHOW COLUMNS FROM `data_user`
[11.06.2013 08:31:22] SHOW COLUMNS FROM `data_city`
[11.06.2013 08:31:22] SELECT project.*, `data_user`.`id` AS `data_user->id`, `data_user`.`image` AS `data_user->image`, `data_user`.`name` AS `data_user->name`, `data_user`.`surname` AS `data_user->surname`, `data_user`.`email` AS `data_user->email`, `data_user`.`password` AS `data_user->password`, `data_user`.`role` AS `data_user->role`, `data_user`.`akey` AS `data_user->akey`, `data_user`.`date_of_birth` AS `data_user->date_of_birth`, `data_user`.`lastbeen_at` AS `data_user->lastbeen_at`, `data_user`.`created_at` AS `data_user->created_at`, `data_user`.`status` AS `data_user->status`, `data_city`.`id` AS `data_city->id`, `data_city`.`title` AS `data_city->title`, `data_city`.`weight` AS `data_city->weight`, `data_city`.`status` AS `data_city->status` FROM `project`  INNER JOIN `data_user` ON `project`.`user_id` = `data_user`.`id` INNER JOIN `data_city` ON `project`.`city_id` = `data_city`.`id` WHERE 1 ORDER BY created_at DESC
[11.06.2013 08:31:22] SHOW COLUMNS FROM `sys_settings`
[11.06.2013 08:31:22] SELECT * FROM `sys_settings`  WHERE name='Project.Limit'
[11.06.2013 08:31:22] SELECT project.*, `data_user`.`id` AS `data_user->id`, `data_user`.`image` AS `data_user->image`, `data_user`.`name` AS `data_user->name`, `data_user`.`surname` AS `data_user->surname`, `data_user`.`email` AS `data_user->email`, `data_user`.`password` AS `data_user->password`, `data_user`.`role` AS `data_user->role`, `data_user`.`akey` AS `data_user->akey`, `data_user`.`date_of_birth` AS `data_user->date_of_birth`, `data_user`.`lastbeen_at` AS `data_user->lastbeen_at`, `data_user`.`created_at` AS `data_user->created_at`, `data_user`.`status` AS `data_user->status`, `data_city`.`id` AS `data_city->id`, `data_city`.`title` AS `data_city->title`, `data_city`.`weight` AS `data_city->weight`, `data_city`.`status` AS `data_city->status` FROM `project`  INNER JOIN `data_user` ON `project`.`user_id` = `data_user`.`id` INNER JOIN `data_city` ON `project`.`city_id` = `data_city`.`id` WHERE 1 ORDER BY created_at DESC LIMIT 10
[11.06.2013 08:31:22] SHOW COLUMNS FROM `project_category`
[11.06.2013 08:31:22] SELECT * FROM `project_category`  WHERE 1
[11.06.2013 08:31:22] SELECT * FROM `sys_settings`  WHERE name='Copyright'
