[23.06.2013 16:54:48] SHOW TABLES
[23.06.2013 16:54:48] SHOW COLUMNS FROM `project`
[23.06.2013 16:54:48] SHOW COLUMNS FROM `data_user`
[23.06.2013 16:54:48] SHOW COLUMNS FROM `data_city`
[23.06.2013 16:54:48] SELECT project.*, `data_user`.`id` AS `data_user->id`, `data_user`.`image` AS `data_user->image`, `data_user`.`name` AS `data_user->name`, `data_user`.`surname` AS `data_user->surname`, `data_user`.`email` AS `data_user->email`, `data_user`.`password` AS `data_user->password`, `data_user`.`role` AS `data_user->role`, `data_user`.`akey` AS `data_user->akey`, `data_user`.`date_of_birth` AS `data_user->date_of_birth`, `data_user`.`lastbeen_at` AS `data_user->lastbeen_at`, `data_user`.`created_at` AS `data_user->created_at`, `data_user`.`status` AS `data_user->status`, `data_city`.`id` AS `data_city->id`, `data_city`.`title` AS `data_city->title`, `data_city`.`weight` AS `data_city->weight`, `data_city`.`status` AS `data_city->status` FROM `project`  INNER JOIN `data_user` ON `project`.`user_id` = `data_user`.`id` INNER JOIN `data_city` ON `project`.`city_id` = `data_city`.`id` WHERE `project`.`end_at` < 1372589688 ORDER BY end_at DESC LIMIT 10
[23.06.2013 16:54:48] SELECT project.*, `data_user`.`id` AS `data_user->id`, `data_user`.`image` AS `data_user->image`, `data_user`.`name` AS `data_user->name`, `data_user`.`surname` AS `data_user->surname`, `data_user`.`email` AS `data_user->email`, `data_user`.`password` AS `data_user->password`, `data_user`.`role` AS `data_user->role`, `data_user`.`akey` AS `data_user->akey`, `data_user`.`date_of_birth` AS `data_user->date_of_birth`, `data_user`.`lastbeen_at` AS `data_user->lastbeen_at`, `data_user`.`created_at` AS `data_user->created_at`, `data_user`.`status` AS `data_user->status`, `data_city`.`id` AS `data_city->id`, `data_city`.`title` AS `data_city->title`, `data_city`.`weight` AS `data_city->weight`, `data_city`.`status` AS `data_city->status` FROM `project`  INNER JOIN `data_user` ON `project`.`user_id` = `data_user`.`id` INNER JOIN `data_city` ON `project`.`city_id` = `data_city`.`id` WHERE `project`.`created_at` > 1371380088 ORDER BY created_at DESC LIMIT 10
[23.06.2013 16:54:48] SELECT project.*, `data_user`.`id` AS `data_user->id`, `data_user`.`image` AS `data_user->image`, `data_user`.`name` AS `data_user->name`, `data_user`.`surname` AS `data_user->surname`, `data_user`.`email` AS `data_user->email`, `data_user`.`password` AS `data_user->password`, `data_user`.`role` AS `data_user->role`, `data_user`.`akey` AS `data_user->akey`, `data_user`.`date_of_birth` AS `data_user->date_of_birth`, `data_user`.`lastbeen_at` AS `data_user->lastbeen_at`, `data_user`.`created_at` AS `data_user->created_at`, `data_user`.`status` AS `data_user->status`, `data_city`.`id` AS `data_city->id`, `data_city`.`title` AS `data_city->title`, `data_city`.`weight` AS `data_city->weight`, `data_city`.`status` AS `data_city->status` FROM `project`  INNER JOIN `data_user` ON `project`.`user_id` = `data_user`.`id` INNER JOIN `data_city` ON `project`.`city_id` = `data_city`.`id` WHERE `current_sum`>`needed_sum`/2 ORDER BY created_at DESC LIMIT 1
[23.06.2013 16:54:48] SHOW COLUMNS FROM `sys_settings`
[23.06.2013 16:54:48] SELECT * FROM `sys_settings`  WHERE name='Copyright'
[23.06.2013 17:21:29] SHOW TABLES
[23.06.2013 17:21:29] SHOW COLUMNS FROM `project`
[23.06.2013 17:21:29] SHOW COLUMNS FROM `sys_languages`
[23.06.2013 17:21:29] SELECT value FROM `sys_languages`  WHERE value='Страница не найдена.'
[23.06.2013 17:21:31] SHOW TABLES
[23.06.2013 17:21:31] SHOW COLUMNS FROM `project`
[23.06.2013 17:21:31] SHOW COLUMNS FROM `data_user`
[23.06.2013 17:21:31] SHOW COLUMNS FROM `data_city`
[23.06.2013 17:21:31] SELECT project.*, `data_user`.`id` AS `data_user->id`, `data_user`.`image` AS `data_user->image`, `data_user`.`name` AS `data_user->name`, `data_user`.`surname` AS `data_user->surname`, `data_user`.`email` AS `data_user->email`, `data_user`.`password` AS `data_user->password`, `data_user`.`role` AS `data_user->role`, `data_user`.`akey` AS `data_user->akey`, `data_user`.`date_of_birth` AS `data_user->date_of_birth`, `data_user`.`lastbeen_at` AS `data_user->lastbeen_at`, `data_user`.`created_at` AS `data_user->created_at`, `data_user`.`status` AS `data_user->status`, `data_city`.`id` AS `data_city->id`, `data_city`.`title` AS `data_city->title`, `data_city`.`weight` AS `data_city->weight`, `data_city`.`status` AS `data_city->status` FROM `project`  INNER JOIN `data_user` ON `project`.`user_id` = `data_user`.`id` INNER JOIN `data_city` ON `project`.`city_id` = `data_city`.`id` WHERE `project`.`end_at` < 1372591291 ORDER BY end_at DESC LIMIT 10
[23.06.2013 17:21:31] SELECT project.*, `data_user`.`id` AS `data_user->id`, `data_user`.`image` AS `data_user->image`, `data_user`.`name` AS `data_user->name`, `data_user`.`surname` AS `data_user->surname`, `data_user`.`email` AS `data_user->email`, `data_user`.`password` AS `data_user->password`, `data_user`.`role` AS `data_user->role`, `data_user`.`akey` AS `data_user->akey`, `data_user`.`date_of_birth` AS `data_user->date_of_birth`, `data_user`.`lastbeen_at` AS `data_user->lastbeen_at`, `data_user`.`created_at` AS `data_user->created_at`, `data_user`.`status` AS `data_user->status`, `data_city`.`id` AS `data_city->id`, `data_city`.`title` AS `data_city->title`, `data_city`.`weight` AS `data_city->weight`, `data_city`.`status` AS `data_city->status` FROM `project`  INNER JOIN `data_user` ON `project`.`user_id` = `data_user`.`id` INNER JOIN `data_city` ON `project`.`city_id` = `data_city`.`id` WHERE `project`.`created_at` > 1371381691 ORDER BY created_at DESC LIMIT 10
[23.06.2013 17:21:31] SELECT project.*, `data_user`.`id` AS `data_user->id`, `data_user`.`image` AS `data_user->image`, `data_user`.`name` AS `data_user->name`, `data_user`.`surname` AS `data_user->surname`, `data_user`.`email` AS `data_user->email`, `data_user`.`password` AS `data_user->password`, `data_user`.`role` AS `data_user->role`, `data_user`.`akey` AS `data_user->akey`, `data_user`.`date_of_birth` AS `data_user->date_of_birth`, `data_user`.`lastbeen_at` AS `data_user->lastbeen_at`, `data_user`.`created_at` AS `data_user->created_at`, `data_user`.`status` AS `data_user->status`, `data_city`.`id` AS `data_city->id`, `data_city`.`title` AS `data_city->title`, `data_city`.`weight` AS `data_city->weight`, `data_city`.`status` AS `data_city->status` FROM `project`  INNER JOIN `data_user` ON `project`.`user_id` = `data_user`.`id` INNER JOIN `data_city` ON `project`.`city_id` = `data_city`.`id` WHERE `current_sum`>`needed_sum`/2 ORDER BY created_at DESC LIMIT 1
[23.06.2013 17:21:31] SHOW COLUMNS FROM `sys_settings`
[23.06.2013 17:21:31] SELECT * FROM `sys_settings`  WHERE name='Copyright'
[23.06.2013 17:49:26] SHOW TABLES
[23.06.2013 17:49:26] SHOW COLUMNS FROM `project`
[23.06.2013 17:49:26] SHOW COLUMNS FROM `data_user`
[23.06.2013 17:49:26] SHOW COLUMNS FROM `data_city`
[23.06.2013 17:49:26] SELECT project.*, `data_user`.`id` AS `data_user->id`, `data_user`.`image` AS `data_user->image`, `data_user`.`name` AS `data_user->name`, `data_user`.`surname` AS `data_user->surname`, `data_user`.`email` AS `data_user->email`, `data_user`.`password` AS `data_user->password`, `data_user`.`role` AS `data_user->role`, `data_user`.`akey` AS `data_user->akey`, `data_user`.`date_of_birth` AS `data_user->date_of_birth`, `data_user`.`lastbeen_at` AS `data_user->lastbeen_at`, `data_user`.`created_at` AS `data_user->created_at`, `data_user`.`status` AS `data_user->status`, `data_city`.`id` AS `data_city->id`, `data_city`.`title` AS `data_city->title`, `data_city`.`weight` AS `data_city->weight`, `data_city`.`status` AS `data_city->status` FROM `project`  INNER JOIN `data_user` ON `project`.`user_id` = `data_user`.`id` INNER JOIN `data_city` ON `project`.`city_id` = `data_city`.`id` WHERE `end_at` < 1372592966 ORDER BY end_at DESC
[23.06.2013 17:49:26] SHOW COLUMNS FROM `sys_settings`
[23.06.2013 17:49:26] SELECT * FROM `sys_settings`  WHERE name='Project.Limit'
[23.06.2013 17:49:26] SELECT project.*, `data_user`.`id` AS `data_user->id`, `data_user`.`image` AS `data_user->image`, `data_user`.`name` AS `data_user->name`, `data_user`.`surname` AS `data_user->surname`, `data_user`.`email` AS `data_user->email`, `data_user`.`password` AS `data_user->password`, `data_user`.`role` AS `data_user->role`, `data_user`.`akey` AS `data_user->akey`, `data_user`.`date_of_birth` AS `data_user->date_of_birth`, `data_user`.`lastbeen_at` AS `data_user->lastbeen_at`, `data_user`.`created_at` AS `data_user->created_at`, `data_user`.`status` AS `data_user->status`, `data_city`.`id` AS `data_city->id`, `data_city`.`title` AS `data_city->title`, `data_city`.`weight` AS `data_city->weight`, `data_city`.`status` AS `data_city->status` FROM `project`  INNER JOIN `data_user` ON `project`.`user_id` = `data_user`.`id` INNER JOIN `data_city` ON `project`.`city_id` = `data_city`.`id` WHERE `end_at` < 1372592966 ORDER BY end_at DESC LIMIT 10
[23.06.2013 17:49:26] SHOW COLUMNS FROM `project_category`
[23.06.2013 17:49:26] SELECT * FROM `project_category`  WHERE 1
[23.06.2013 17:49:26] SHOW COLUMNS FROM `sys_languages`
[23.06.2013 17:49:26] SELECT value FROM `sys_languages`  WHERE value='Популярные'
[23.06.2013 17:49:26] SELECT value FROM `sys_languages`  WHERE value='Недавно начатые'
[23.06.2013 17:49:26] SELECT value FROM `sys_languages`  WHERE value='Заканчивающиеся'
[23.06.2013 17:49:26] SELECT value FROM `sys_languages`  WHERE value='Малые'
[23.06.2013 17:49:26] SELECT value FROM `sys_languages`  WHERE value='Почти собрали на'
[23.06.2013 17:49:26] SELECT value FROM `sys_languages`  WHERE value='Малые проекты'
[23.06.2013 17:49:26] SELECT value FROM `sys_languages`  WHERE value='Почти собрали'
[23.06.2013 17:49:26] SELECT value FROM `sys_languages`  WHERE value='Проекты'
[23.06.2013 17:49:26] SELECT * FROM `sys_settings`  WHERE name='Copyright'
[23.06.2013 17:49:28] SHOW TABLES
[23.06.2013 17:49:28] SHOW COLUMNS FROM `project`
[23.06.2013 17:49:28] SHOW COLUMNS FROM `project_category`
[23.06.2013 17:49:28] SELECT project_category.* FROM `project_category`  WHERE `name` = 'iskusstvo'
[23.06.2013 17:49:28] SHOW COLUMNS FROM `data_user`
[23.06.2013 17:49:28] SHOW COLUMNS FROM `data_city`
[23.06.2013 17:49:28] SELECT project.*, `data_user`.`id` AS `data_user->id`, `data_user`.`image` AS `data_user->image`, `data_user`.`name` AS `data_user->name`, `data_user`.`surname` AS `data_user->surname`, `data_user`.`email` AS `data_user->email`, `data_user`.`password` AS `data_user->password`, `data_user`.`role` AS `data_user->role`, `data_user`.`akey` AS `data_user->akey`, `data_user`.`date_of_birth` AS `data_user->date_of_birth`, `data_user`.`lastbeen_at` AS `data_user->lastbeen_at`, `data_user`.`created_at` AS `data_user->created_at`, `data_user`.`status` AS `data_user->status`, `data_city`.`id` AS `data_city->id`, `data_city`.`title` AS `data_city->title`, `data_city`.`weight` AS `data_city->weight`, `data_city`.`status` AS `data_city->status` FROM `project`  INNER JOIN `data_user` ON `project`.`user_id` = `data_user`.`id` INNER JOIN `data_city` ON `project`.`city_id` = `data_city`.`id` WHERE `category_id` = '1' AND `end_at` < 1372592968 ORDER BY end_at DESC
[23.06.2013 17:49:28] SHOW COLUMNS FROM `sys_settings`
[23.06.2013 17:49:28] SELECT * FROM `sys_settings`  WHERE name='Project.Limit'
[23.06.2013 17:49:28] SELECT project.*, `data_user`.`id` AS `data_user->id`, `data_user`.`image` AS `data_user->image`, `data_user`.`name` AS `data_user->name`, `data_user`.`surname` AS `data_user->surname`, `data_user`.`email` AS `data_user->email`, `data_user`.`password` AS `data_user->password`, `data_user`.`role` AS `data_user->role`, `data_user`.`akey` AS `data_user->akey`, `data_user`.`date_of_birth` AS `data_user->date_of_birth`, `data_user`.`lastbeen_at` AS `data_user->lastbeen_at`, `data_user`.`created_at` AS `data_user->created_at`, `data_user`.`status` AS `data_user->status`, `data_city`.`id` AS `data_city->id`, `data_city`.`title` AS `data_city->title`, `data_city`.`weight` AS `data_city->weight`, `data_city`.`status` AS `data_city->status` FROM `project`  INNER JOIN `data_user` ON `project`.`user_id` = `data_user`.`id` INNER JOIN `data_city` ON `project`.`city_id` = `data_city`.`id` WHERE `category_id` = '1' AND `end_at` < 1372592968 ORDER BY end_at DESC LIMIT 10
[23.06.2013 17:49:28] SELECT * FROM `project_category`  WHERE 1
[23.06.2013 17:49:28] SHOW COLUMNS FROM `sys_languages`
[23.06.2013 17:49:28] SELECT value FROM `sys_languages`  WHERE value='Популярные'
[23.06.2013 17:49:28] SELECT value FROM `sys_languages`  WHERE value='Недавно начатые'
[23.06.2013 17:49:28] SELECT value FROM `sys_languages`  WHERE value='Заканчивающиеся'
[23.06.2013 17:49:28] SELECT value FROM `sys_languages`  WHERE value='Малые'
[23.06.2013 17:49:28] SELECT value FROM `sys_languages`  WHERE value='Почти собрали на'
[23.06.2013 17:49:28] SELECT value FROM `sys_languages`  WHERE value='Малые проекты'
[23.06.2013 17:49:28] SELECT value FROM `sys_languages`  WHERE value='Почти собрали'
[23.06.2013 17:49:28] SELECT value FROM `sys_languages`  WHERE value='Проекты'
[23.06.2013 17:49:28] SELECT * FROM `sys_settings`  WHERE name='Copyright'
[23.06.2013 17:49:29] SHOW TABLES
[23.06.2013 17:49:29] SHOW COLUMNS FROM `project`
[23.06.2013 17:49:29] SHOW COLUMNS FROM `project_category`
[23.06.2013 17:49:29] SELECT project_category.* FROM `project_category`  WHERE `name` = 'video'
[23.06.2013 17:49:29] SHOW COLUMNS FROM `data_user`
[23.06.2013 17:49:29] SHOW COLUMNS FROM `data_city`
[23.06.2013 17:49:29] SELECT project.*, `data_user`.`id` AS `data_user->id`, `data_user`.`image` AS `data_user->image`, `data_user`.`name` AS `data_user->name`, `data_user`.`surname` AS `data_user->surname`, `data_user`.`email` AS `data_user->email`, `data_user`.`password` AS `data_user->password`, `data_user`.`role` AS `data_user->role`, `data_user`.`akey` AS `data_user->akey`, `data_user`.`date_of_birth` AS `data_user->date_of_birth`, `data_user`.`lastbeen_at` AS `data_user->lastbeen_at`, `data_user`.`created_at` AS `data_user->created_at`, `data_user`.`status` AS `data_user->status`, `data_city`.`id` AS `data_city->id`, `data_city`.`title` AS `data_city->title`, `data_city`.`weight` AS `data_city->weight`, `data_city`.`status` AS `data_city->status` FROM `project`  INNER JOIN `data_user` ON `project`.`user_id` = `data_user`.`id` INNER JOIN `data_city` ON `project`.`city_id` = `data_city`.`id` WHERE `category_id` = '3' AND `end_at` < 1372592969 ORDER BY end_at DESC
[23.06.2013 17:49:29] SHOW COLUMNS FROM `sys_settings`
[23.06.2013 17:49:29] SELECT * FROM `sys_settings`  WHERE name='Project.Limit'
[23.06.2013 17:49:30] SELECT project.*, `data_user`.`id` AS `data_user->id`, `data_user`.`image` AS `data_user->image`, `data_user`.`name` AS `data_user->name`, `data_user`.`surname` AS `data_user->surname`, `data_user`.`email` AS `data_user->email`, `data_user`.`password` AS `data_user->password`, `data_user`.`role` AS `data_user->role`, `data_user`.`akey` AS `data_user->akey`, `data_user`.`date_of_birth` AS `data_user->date_of_birth`, `data_user`.`lastbeen_at` AS `data_user->lastbeen_at`, `data_user`.`created_at` AS `data_user->created_at`, `data_user`.`status` AS `data_user->status`, `data_city`.`id` AS `data_city->id`, `data_city`.`title` AS `data_city->title`, `data_city`.`weight` AS `data_city->weight`, `data_city`.`status` AS `data_city->status` FROM `project`  INNER JOIN `data_user` ON `project`.`user_id` = `data_user`.`id` INNER JOIN `data_city` ON `project`.`city_id` = `data_city`.`id` WHERE `category_id` = '3' AND `end_at` < 1372592969 ORDER BY end_at DESC LIMIT 10
[23.06.2013 17:49:30] SELECT * FROM `project_category`  WHERE 1
[23.06.2013 17:49:30] SHOW COLUMNS FROM `sys_languages`
[23.06.2013 17:49:30] SELECT value FROM `sys_languages`  WHERE value='Популярные'
[23.06.2013 17:49:30] SELECT value FROM `sys_languages`  WHERE value='Недавно начатые'
[23.06.2013 17:49:30] SELECT value FROM `sys_languages`  WHERE value='Заканчивающиеся'
[23.06.2013 17:49:30] SELECT value FROM `sys_languages`  WHERE value='Малые'
[23.06.2013 17:49:30] SELECT value FROM `sys_languages`  WHERE value='Почти собрали на'
[23.06.2013 17:49:30] SELECT value FROM `sys_languages`  WHERE value='Малые проекты'
[23.06.2013 17:49:30] SELECT value FROM `sys_languages`  WHERE value='Почти собрали'
[23.06.2013 17:49:30] SELECT value FROM `sys_languages`  WHERE value='Проекты'
[23.06.2013 17:49:30] SELECT * FROM `sys_settings`  WHERE name='Copyright'
[23.06.2013 17:49:31] SHOW TABLES
[23.06.2013 17:49:31] SHOW COLUMNS FROM `project`
[23.06.2013 17:49:31] SHOW COLUMNS FROM `project_category`
[23.06.2013 17:49:31] SELECT project_category.* FROM `project_category`  WHERE `name` = 'video'
[23.06.2013 17:49:31] SHOW COLUMNS FROM `data_user`
[23.06.2013 17:49:31] SHOW COLUMNS FROM `data_city`
[23.06.2013 17:49:31] SELECT project.*, `data_user`.`id` AS `data_user->id`, `data_user`.`image` AS `data_user->image`, `data_user`.`name` AS `data_user->name`, `data_user`.`surname` AS `data_user->surname`, `data_user`.`email` AS `data_user->email`, `data_user`.`password` AS `data_user->password`, `data_user`.`role` AS `data_user->role`, `data_user`.`akey` AS `data_user->akey`, `data_user`.`date_of_birth` AS `data_user->date_of_birth`, `data_user`.`lastbeen_at` AS `data_user->lastbeen_at`, `data_user`.`created_at` AS `data_user->created_at`, `data_user`.`status` AS `data_user->status`, `data_city`.`id` AS `data_city->id`, `data_city`.`title` AS `data_city->title`, `data_city`.`weight` AS `data_city->weight`, `data_city`.`status` AS `data_city->status` FROM `project`  INNER JOIN `data_user` ON `project`.`user_id` = `data_user`.`id` INNER JOIN `data_city` ON `project`.`city_id` = `data_city`.`id` WHERE `category_id` = '3' ORDER BY clicks DESC
[23.06.2013 17:49:31] SHOW COLUMNS FROM `sys_settings`
[23.06.2013 17:49:31] SELECT * FROM `sys_settings`  WHERE name='Project.Limit'
[23.06.2013 17:49:31] SELECT project.*, `data_user`.`id` AS `data_user->id`, `data_user`.`image` AS `data_user->image`, `data_user`.`name` AS `data_user->name`, `data_user`.`surname` AS `data_user->surname`, `data_user`.`email` AS `data_user->email`, `data_user`.`password` AS `data_user->password`, `data_user`.`role` AS `data_user->role`, `data_user`.`akey` AS `data_user->akey`, `data_user`.`date_of_birth` AS `data_user->date_of_birth`, `data_user`.`lastbeen_at` AS `data_user->lastbeen_at`, `data_user`.`created_at` AS `data_user->created_at`, `data_user`.`status` AS `data_user->status`, `data_city`.`id` AS `data_city->id`, `data_city`.`title` AS `data_city->title`, `data_city`.`weight` AS `data_city->weight`, `data_city`.`status` AS `data_city->status` FROM `project`  INNER JOIN `data_user` ON `project`.`user_id` = `data_user`.`id` INNER JOIN `data_city` ON `project`.`city_id` = `data_city`.`id` WHERE `category_id` = '3' ORDER BY clicks DESC LIMIT 10
[23.06.2013 17:49:31] SELECT * FROM `project_category`  WHERE 1
[23.06.2013 17:49:31] SHOW COLUMNS FROM `sys_languages`
[23.06.2013 17:49:31] SELECT value FROM `sys_languages`  WHERE value='Популярные'
[23.06.2013 17:49:31] SELECT value FROM `sys_languages`  WHERE value='Недавно начатые'
[23.06.2013 17:49:31] SELECT value FROM `sys_languages`  WHERE value='Заканчивающиеся'
[23.06.2013 17:49:31] SELECT value FROM `sys_languages`  WHERE value='Малые'
[23.06.2013 17:49:31] SELECT value FROM `sys_languages`  WHERE value='Почти собрали на'
[23.06.2013 17:49:31] SELECT value FROM `sys_languages`  WHERE value='Малые проекты'
[23.06.2013 17:49:31] SELECT value FROM `sys_languages`  WHERE value='Почти собрали'
[23.06.2013 17:49:31] SELECT value FROM `sys_languages`  WHERE value='Проекты'
[23.06.2013 17:49:31] SELECT * FROM `sys_settings`  WHERE name='Copyright'
[23.06.2013 17:49:32] SHOW TABLES
[23.06.2013 17:49:32] SHOW COLUMNS FROM `project`
[23.06.2013 17:49:32] SHOW COLUMNS FROM `project_category`
[23.06.2013 17:49:32] SELECT project_category.* FROM `project_category`  WHERE `name` = 'video'
[23.06.2013 17:49:32] SHOW COLUMNS FROM `data_user`
[23.06.2013 17:49:32] SHOW COLUMNS FROM `data_city`
[23.06.2013 17:49:32] SELECT project.*, `data_user`.`id` AS `data_user->id`, `data_user`.`image` AS `data_user->image`, `data_user`.`name` AS `data_user->name`, `data_user`.`surname` AS `data_user->surname`, `data_user`.`email` AS `data_user->email`, `data_user`.`password` AS `data_user->password`, `data_user`.`role` AS `data_user->role`, `data_user`.`akey` AS `data_user->akey`, `data_user`.`date_of_birth` AS `data_user->date_of_birth`, `data_user`.`lastbeen_at` AS `data_user->lastbeen_at`, `data_user`.`created_at` AS `data_user->created_at`, `data_user`.`status` AS `data_user->status`, `data_city`.`id` AS `data_city->id`, `data_city`.`title` AS `data_city->title`, `data_city`.`weight` AS `data_city->weight`, `data_city`.`status` AS `data_city->status` FROM `project`  INNER JOIN `data_user` ON `project`.`user_id` = `data_user`.`id` INNER JOIN `data_city` ON `project`.`city_id` = `data_city`.`id` WHERE `category_id` = '3' AND `end_at` < 1372592972 ORDER BY end_at DESC
[23.06.2013 17:49:32] SHOW COLUMNS FROM `sys_settings`
[23.06.2013 17:49:32] SELECT * FROM `sys_settings`  WHERE name='Project.Limit'
[23.06.2013 17:49:32] SELECT project.*, `data_user`.`id` AS `data_user->id`, `data_user`.`image` AS `data_user->image`, `data_user`.`name` AS `data_user->name`, `data_user`.`surname` AS `data_user->surname`, `data_user`.`email` AS `data_user->email`, `data_user`.`password` AS `data_user->password`, `data_user`.`role` AS `data_user->role`, `data_user`.`akey` AS `data_user->akey`, `data_user`.`date_of_birth` AS `data_user->date_of_birth`, `data_user`.`lastbeen_at` AS `data_user->lastbeen_at`, `data_user`.`created_at` AS `data_user->created_at`, `data_user`.`status` AS `data_user->status`, `data_city`.`id` AS `data_city->id`, `data_city`.`title` AS `data_city->title`, `data_city`.`weight` AS `data_city->weight`, `data_city`.`status` AS `data_city->status` FROM `project`  INNER JOIN `data_user` ON `project`.`user_id` = `data_user`.`id` INNER JOIN `data_city` ON `project`.`city_id` = `data_city`.`id` WHERE `category_id` = '3' AND `end_at` < 1372592972 ORDER BY end_at DESC LIMIT 10
[23.06.2013 17:49:32] SELECT * FROM `project_category`  WHERE 1
[23.06.2013 17:49:32] SHOW COLUMNS FROM `sys_languages`
[23.06.2013 17:49:32] SELECT value FROM `sys_languages`  WHERE value='Популярные'
[23.06.2013 17:49:32] SELECT value FROM `sys_languages`  WHERE value='Недавно начатые'
[23.06.2013 17:49:32] SELECT value FROM `sys_languages`  WHERE value='Заканчивающиеся'
[23.06.2013 17:49:32] SELECT value FROM `sys_languages`  WHERE value='Малые'
[23.06.2013 17:49:32] SELECT value FROM `sys_languages`  WHERE value='Почти собрали на'
[23.06.2013 17:49:32] SELECT value FROM `sys_languages`  WHERE value='Малые проекты'
[23.06.2013 17:49:32] SELECT value FROM `sys_languages`  WHERE value='Почти собрали'
[23.06.2013 17:49:32] SELECT value FROM `sys_languages`  WHERE value='Проекты'
[23.06.2013 17:49:32] SELECT * FROM `sys_settings`  WHERE name='Copyright'
[23.06.2013 17:49:33] SHOW TABLES
[23.06.2013 17:49:33] SHOW COLUMNS FROM `project`
[23.06.2013 17:49:33] SHOW COLUMNS FROM `project_category`
[23.06.2013 17:49:33] SELECT project_category.* FROM `project_category`  WHERE `name` = 'video'
[23.06.2013 17:49:33] SHOW COLUMNS FROM `data_user`
[23.06.2013 17:49:33] SHOW COLUMNS FROM `data_city`
[23.06.2013 17:49:33] SELECT project.*, `data_user`.`id` AS `data_user->id`, `data_user`.`image` AS `data_user->image`, `data_user`.`name` AS `data_user->name`, `data_user`.`surname` AS `data_user->surname`, `data_user`.`email` AS `data_user->email`, `data_user`.`password` AS `data_user->password`, `data_user`.`role` AS `data_user->role`, `data_user`.`akey` AS `data_user->akey`, `data_user`.`date_of_birth` AS `data_user->date_of_birth`, `data_user`.`lastbeen_at` AS `data_user->lastbeen_at`, `data_user`.`created_at` AS `data_user->created_at`, `data_user`.`status` AS `data_user->status`, `data_city`.`id` AS `data_city->id`, `data_city`.`title` AS `data_city->title`, `data_city`.`weight` AS `data_city->weight`, `data_city`.`status` AS `data_city->status` FROM `project`  INNER JOIN `data_user` ON `project`.`user_id` = `data_user`.`id` INNER JOIN `data_city` ON `project`.`city_id` = `data_city`.`id` WHERE `category_id` = '3' AND `needed_sum` < `current_sum` + 10001 AND `needed_sum`>10000 ORDER BY created_at DESC
[23.06.2013 17:49:33] SHOW COLUMNS FROM `sys_settings`
[23.06.2013 17:49:33] SELECT * FROM `sys_settings`  WHERE name='Project.Limit'
[23.06.2013 17:49:33] SELECT project.*, `data_user`.`id` AS `data_user->id`, `data_user`.`image` AS `data_user->image`, `data_user`.`name` AS `data_user->name`, `data_user`.`surname` AS `data_user->surname`, `data_user`.`email` AS `data_user->email`, `data_user`.`password` AS `data_user->password`, `data_user`.`role` AS `data_user->role`, `data_user`.`akey` AS `data_user->akey`, `data_user`.`date_of_birth` AS `data_user->date_of_birth`, `data_user`.`lastbeen_at` AS `data_user->lastbeen_at`, `data_user`.`created_at` AS `data_user->created_at`, `data_user`.`status` AS `data_user->status`, `data_city`.`id` AS `data_city->id`, `data_city`.`title` AS `data_city->title`, `data_city`.`weight` AS `data_city->weight`, `data_city`.`status` AS `data_city->status` FROM `project`  INNER JOIN `data_user` ON `project`.`user_id` = `data_user`.`id` INNER JOIN `data_city` ON `project`.`city_id` = `data_city`.`id` WHERE `category_id` = '3' AND `needed_sum` < `current_sum` + 10001 AND `needed_sum`>10000 ORDER BY created_at DESC LIMIT 10
[23.06.2013 17:49:33] SELECT * FROM `project_category`  WHERE 1
[23.06.2013 17:49:33] SHOW COLUMNS FROM `sys_languages`
[23.06.2013 17:49:33] SELECT value FROM `sys_languages`  WHERE value='Популярные'
[23.06.2013 17:49:33] SELECT value FROM `sys_languages`  WHERE value='Недавно начатые'
[23.06.2013 17:49:33] SELECT value FROM `sys_languages`  WHERE value='Заканчивающиеся'
[23.06.2013 17:49:33] SELECT value FROM `sys_languages`  WHERE value='Малые'
[23.06.2013 17:49:33] SELECT value FROM `sys_languages`  WHERE value='Почти собрали на'
[23.06.2013 17:49:33] SELECT value FROM `sys_languages`  WHERE value='Малые проекты'
[23.06.2013 17:49:33] SELECT value FROM `sys_languages`  WHERE value='Почти собрали'
[23.06.2013 17:49:33] SELECT value FROM `sys_languages`  WHERE value='Проекты'
[23.06.2013 17:49:34] SELECT * FROM `sys_settings`  WHERE name='Copyright'
[23.06.2013 17:49:34] SHOW TABLES
[23.06.2013 17:49:34] SHOW COLUMNS FROM `project`
[23.06.2013 17:49:34] SHOW COLUMNS FROM `project_category`
[23.06.2013 17:49:34] SELECT project_category.* FROM `project_category`  WHERE `name` = 'video'
[23.06.2013 17:49:34] SHOW COLUMNS FROM `data_user`
[23.06.2013 17:49:34] SHOW COLUMNS FROM `data_city`
[23.06.2013 17:49:34] SELECT project.*, `data_user`.`id` AS `data_user->id`, `data_user`.`image` AS `data_user->image`, `data_user`.`name` AS `data_user->name`, `data_user`.`surname` AS `data_user->surname`, `data_user`.`email` AS `data_user->email`, `data_user`.`password` AS `data_user->password`, `data_user`.`role` AS `data_user->role`, `data_user`.`akey` AS `data_user->akey`, `data_user`.`date_of_birth` AS `data_user->date_of_birth`, `data_user`.`lastbeen_at` AS `data_user->lastbeen_at`, `data_user`.`created_at` AS `data_user->created_at`, `data_user`.`status` AS `data_user->status`, `data_city`.`id` AS `data_city->id`, `data_city`.`title` AS `data_city->title`, `data_city`.`weight` AS `data_city->weight`, `data_city`.`status` AS `data_city->status` FROM `project`  INNER JOIN `data_user` ON `project`.`user_id` = `data_user`.`id` INNER JOIN `data_city` ON `project`.`city_id` = `data_city`.`id` WHERE `category_id` = '3' ORDER BY needed_sum ASC
[23.06.2013 17:49:34] SHOW COLUMNS FROM `sys_settings`
[23.06.2013 17:49:34] SELECT * FROM `sys_settings`  WHERE name='Project.Limit'
[23.06.2013 17:49:34] SELECT project.*, `data_user`.`id` AS `data_user->id`, `data_user`.`image` AS `data_user->image`, `data_user`.`name` AS `data_user->name`, `data_user`.`surname` AS `data_user->surname`, `data_user`.`email` AS `data_user->email`, `data_user`.`password` AS `data_user->password`, `data_user`.`role` AS `data_user->role`, `data_user`.`akey` AS `data_user->akey`, `data_user`.`date_of_birth` AS `data_user->date_of_birth`, `data_user`.`lastbeen_at` AS `data_user->lastbeen_at`, `data_user`.`created_at` AS `data_user->created_at`, `data_user`.`status` AS `data_user->status`, `data_city`.`id` AS `data_city->id`, `data_city`.`title` AS `data_city->title`, `data_city`.`weight` AS `data_city->weight`, `data_city`.`status` AS `data_city->status` FROM `project`  INNER JOIN `data_user` ON `project`.`user_id` = `data_user`.`id` INNER JOIN `data_city` ON `project`.`city_id` = `data_city`.`id` WHERE `category_id` = '3' ORDER BY needed_sum ASC LIMIT 10
[23.06.2013 17:49:35] SELECT * FROM `project_category`  WHERE 1
[23.06.2013 17:49:35] SHOW COLUMNS FROM `sys_languages`
[23.06.2013 17:49:35] SELECT value FROM `sys_languages`  WHERE value='Популярные'
[23.06.2013 17:49:35] SELECT value FROM `sys_languages`  WHERE value='Недавно начатые'
[23.06.2013 17:49:35] SELECT value FROM `sys_languages`  WHERE value='Заканчивающиеся'
[23.06.2013 17:49:35] SELECT value FROM `sys_languages`  WHERE value='Малые'
[23.06.2013 17:49:35] SELECT value FROM `sys_languages`  WHERE value='Почти собрали на'
[23.06.2013 17:49:35] SELECT value FROM `sys_languages`  WHERE value='Малые проекты'
[23.06.2013 17:49:35] SELECT value FROM `sys_languages`  WHERE value='Почти собрали'
[23.06.2013 17:49:35] SELECT value FROM `sys_languages`  WHERE value='Проекты'
[23.06.2013 17:49:35] SELECT * FROM `sys_settings`  WHERE name='Copyright'
[23.06.2013 17:49:35] SHOW TABLES
[23.06.2013 17:49:35] SHOW COLUMNS FROM `project`
[23.06.2013 17:49:35] SHOW COLUMNS FROM `project_category`
[23.06.2013 17:49:35] SELECT project_category.* FROM `project_category`  WHERE `name` = 'video'
[23.06.2013 17:49:35] SHOW COLUMNS FROM `data_user`
[23.06.2013 17:49:35] SHOW COLUMNS FROM `data_city`
[23.06.2013 17:49:35] SELECT project.*, `data_user`.`id` AS `data_user->id`, `data_user`.`image` AS `data_user->image`, `data_user`.`name` AS `data_user->name`, `data_user`.`surname` AS `data_user->surname`, `data_user`.`email` AS `data_user->email`, `data_user`.`password` AS `data_user->password`, `data_user`.`role` AS `data_user->role`, `data_user`.`akey` AS `data_user->akey`, `data_user`.`date_of_birth` AS `data_user->date_of_birth`, `data_user`.`lastbeen_at` AS `data_user->lastbeen_at`, `data_user`.`created_at` AS `data_user->created_at`, `data_user`.`status` AS `data_user->status`, `data_city`.`id` AS `data_city->id`, `data_city`.`title` AS `data_city->title`, `data_city`.`weight` AS `data_city->weight`, `data_city`.`status` AS `data_city->status` FROM `project`  INNER JOIN `data_user` ON `project`.`user_id` = `data_user`.`id` INNER JOIN `data_city` ON `project`.`city_id` = `data_city`.`id` WHERE `category_id` = '3' AND `needed_sum` < `current_sum` + 10001 AND `needed_sum`>10000 ORDER BY created_at DESC
[23.06.2013 17:49:35] SHOW COLUMNS FROM `sys_settings`
[23.06.2013 17:49:35] SELECT * FROM `sys_settings`  WHERE name='Project.Limit'
[23.06.2013 17:49:35] SELECT project.*, `data_user`.`id` AS `data_user->id`, `data_user`.`image` AS `data_user->image`, `data_user`.`name` AS `data_user->name`, `data_user`.`surname` AS `data_user->surname`, `data_user`.`email` AS `data_user->email`, `data_user`.`password` AS `data_user->password`, `data_user`.`role` AS `data_user->role`, `data_user`.`akey` AS `data_user->akey`, `data_user`.`date_of_birth` AS `data_user->date_of_birth`, `data_user`.`lastbeen_at` AS `data_user->lastbeen_at`, `data_user`.`created_at` AS `data_user->created_at`, `data_user`.`status` AS `data_user->status`, `data_city`.`id` AS `data_city->id`, `data_city`.`title` AS `data_city->title`, `data_city`.`weight` AS `data_city->weight`, `data_city`.`status` AS `data_city->status` FROM `project`  INNER JOIN `data_user` ON `project`.`user_id` = `data_user`.`id` INNER JOIN `data_city` ON `project`.`city_id` = `data_city`.`id` WHERE `category_id` = '3' AND `needed_sum` < `current_sum` + 10001 AND `needed_sum`>10000 ORDER BY created_at DESC LIMIT 10
[23.06.2013 17:49:35] SELECT * FROM `project_category`  WHERE 1
[23.06.2013 17:49:35] SHOW COLUMNS FROM `sys_languages`
[23.06.2013 17:49:35] SELECT value FROM `sys_languages`  WHERE value='Популярные'
[23.06.2013 17:49:35] SELECT value FROM `sys_languages`  WHERE value='Недавно начатые'
[23.06.2013 17:49:35] SELECT value FROM `sys_languages`  WHERE value='Заканчивающиеся'
[23.06.2013 17:49:35] SELECT value FROM `sys_languages`  WHERE value='Малые'
[23.06.2013 17:49:35] SELECT value FROM `sys_languages`  WHERE value='Почти собрали на'
[23.06.2013 17:49:35] SELECT value FROM `sys_languages`  WHERE value='Малые проекты'
[23.06.2013 17:49:35] SELECT value FROM `sys_languages`  WHERE value='Почти собрали'
[23.06.2013 17:49:35] SELECT value FROM `sys_languages`  WHERE value='Проекты'
[23.06.2013 17:49:35] SELECT * FROM `sys_settings`  WHERE name='Copyright'
[23.06.2013 17:49:37] SHOW TABLES
[23.06.2013 17:49:37] SHOW COLUMNS FROM `project`
[23.06.2013 17:49:37] SHOW COLUMNS FROM `project_category`
[23.06.2013 17:49:37] SELECT project_category.* FROM `project_category`  WHERE `name` = 'video'
[23.06.2013 17:49:37] SHOW COLUMNS FROM `data_user`
[23.06.2013 17:49:37] SHOW COLUMNS FROM `data_city`
[23.06.2013 17:49:37] SELECT project.*, `data_user`.`id` AS `data_user->id`, `data_user`.`image` AS `data_user->image`, `data_user`.`name` AS `data_user->name`, `data_user`.`surname` AS `data_user->surname`, `data_user`.`email` AS `data_user->email`, `data_user`.`password` AS `data_user->password`, `data_user`.`role` AS `data_user->role`, `data_user`.`akey` AS `data_user->akey`, `data_user`.`date_of_birth` AS `data_user->date_of_birth`, `data_user`.`lastbeen_at` AS `data_user->lastbeen_at`, `data_user`.`created_at` AS `data_user->created_at`, `data_user`.`status` AS `data_user->status`, `data_city`.`id` AS `data_city->id`, `data_city`.`title` AS `data_city->title`, `data_city`.`weight` AS `data_city->weight`, `data_city`.`status` AS `data_city->status` FROM `project`  INNER JOIN `data_user` ON `project`.`user_id` = `data_user`.`id` INNER JOIN `data_city` ON `project`.`city_id` = `data_city`.`id` WHERE `category_id` = '3' ORDER BY clicks DESC
[23.06.2013 17:49:37] SHOW COLUMNS FROM `sys_settings`
[23.06.2013 17:49:37] SELECT * FROM `sys_settings`  WHERE name='Project.Limit'
[23.06.2013 17:49:37] SELECT project.*, `data_user`.`id` AS `data_user->id`, `data_user`.`image` AS `data_user->image`, `data_user`.`name` AS `data_user->name`, `data_user`.`surname` AS `data_user->surname`, `data_user`.`email` AS `data_user->email`, `data_user`.`password` AS `data_user->password`, `data_user`.`role` AS `data_user->role`, `data_user`.`akey` AS `data_user->akey`, `data_user`.`date_of_birth` AS `data_user->date_of_birth`, `data_user`.`lastbeen_at` AS `data_user->lastbeen_at`, `data_user`.`created_at` AS `data_user->created_at`, `data_user`.`status` AS `data_user->status`, `data_city`.`id` AS `data_city->id`, `data_city`.`title` AS `data_city->title`, `data_city`.`weight` AS `data_city->weight`, `data_city`.`status` AS `data_city->status` FROM `project`  INNER JOIN `data_user` ON `project`.`user_id` = `data_user`.`id` INNER JOIN `data_city` ON `project`.`city_id` = `data_city`.`id` WHERE `category_id` = '3' ORDER BY clicks DESC LIMIT 10
[23.06.2013 17:49:37] SELECT * FROM `project_category`  WHERE 1
[23.06.2013 17:49:37] SHOW COLUMNS FROM `sys_languages`
[23.06.2013 17:49:37] SELECT value FROM `sys_languages`  WHERE value='Популярные'
[23.06.2013 17:49:37] SELECT value FROM `sys_languages`  WHERE value='Недавно начатые'
[23.06.2013 17:49:37] SELECT value FROM `sys_languages`  WHERE value='Заканчивающиеся'
[23.06.2013 17:49:37] SELECT value FROM `sys_languages`  WHERE value='Малые'
[23.06.2013 17:49:37] SELECT value FROM `sys_languages`  WHERE value='Почти собрали на'
[23.06.2013 17:49:37] SELECT value FROM `sys_languages`  WHERE value='Малые проекты'
[23.06.2013 17:49:37] SELECT value FROM `sys_languages`  WHERE value='Почти собрали'
[23.06.2013 17:49:37] SELECT value FROM `sys_languages`  WHERE value='Проекты'
[23.06.2013 17:49:37] SELECT * FROM `sys_settings`  WHERE name='Copyright'
[23.06.2013 17:49:38] SHOW TABLES
[23.06.2013 17:49:38] SHOW COLUMNS FROM `project`
[23.06.2013 17:49:38] SHOW COLUMNS FROM `project_category`
[23.06.2013 17:49:38] SELECT project_category.* FROM `project_category`  WHERE `name` = 'muzyka'
[23.06.2013 17:49:38] SHOW COLUMNS FROM `data_user`
[23.06.2013 17:49:38] SHOW COLUMNS FROM `data_city`
[23.06.2013 17:49:38] SELECT project.*, `data_user`.`id` AS `data_user->id`, `data_user`.`image` AS `data_user->image`, `data_user`.`name` AS `data_user->name`, `data_user`.`surname` AS `data_user->surname`, `data_user`.`email` AS `data_user->email`, `data_user`.`password` AS `data_user->password`, `data_user`.`role` AS `data_user->role`, `data_user`.`akey` AS `data_user->akey`, `data_user`.`date_of_birth` AS `data_user->date_of_birth`, `data_user`.`lastbeen_at` AS `data_user->lastbeen_at`, `data_user`.`created_at` AS `data_user->created_at`, `data_user`.`status` AS `data_user->status`, `data_city`.`id` AS `data_city->id`, `data_city`.`title` AS `data_city->title`, `data_city`.`weight` AS `data_city->weight`, `data_city`.`status` AS `data_city->status` FROM `project`  INNER JOIN `data_user` ON `project`.`user_id` = `data_user`.`id` INNER JOIN `data_city` ON `project`.`city_id` = `data_city`.`id` WHERE `category_id` = '2' ORDER BY clicks DESC
[23.06.2013 17:49:38] SHOW COLUMNS FROM `sys_settings`
[23.06.2013 17:49:38] SELECT * FROM `sys_settings`  WHERE name='Project.Limit'
[23.06.2013 17:49:38] SELECT project.*, `data_user`.`id` AS `data_user->id`, `data_user`.`image` AS `data_user->image`, `data_user`.`name` AS `data_user->name`, `data_user`.`surname` AS `data_user->surname`, `data_user`.`email` AS `data_user->email`, `data_user`.`password` AS `data_user->password`, `data_user`.`role` AS `data_user->role`, `data_user`.`akey` AS `data_user->akey`, `data_user`.`date_of_birth` AS `data_user->date_of_birth`, `data_user`.`lastbeen_at` AS `data_user->lastbeen_at`, `data_user`.`created_at` AS `data_user->created_at`, `data_user`.`status` AS `data_user->status`, `data_city`.`id` AS `data_city->id`, `data_city`.`title` AS `data_city->title`, `data_city`.`weight` AS `data_city->weight`, `data_city`.`status` AS `data_city->status` FROM `project`  INNER JOIN `data_user` ON `project`.`user_id` = `data_user`.`id` INNER JOIN `data_city` ON `project`.`city_id` = `data_city`.`id` WHERE `category_id` = '2' ORDER BY clicks DESC LIMIT 10
[23.06.2013 17:49:38] SELECT * FROM `project_category`  WHERE 1
[23.06.2013 17:49:38] SHOW COLUMNS FROM `sys_languages`
[23.06.2013 17:49:38] SELECT value FROM `sys_languages`  WHERE value='Популярные'
[23.06.2013 17:49:38] SELECT value FROM `sys_languages`  WHERE value='Недавно начатые'
[23.06.2013 17:49:38] SELECT value FROM `sys_languages`  WHERE value='Заканчивающиеся'
[23.06.2013 17:49:38] SELECT value FROM `sys_languages`  WHERE value='Малые'
[23.06.2013 17:49:38] SELECT value FROM `sys_languages`  WHERE value='Почти собрали на'
[23.06.2013 17:49:38] SELECT value FROM `sys_languages`  WHERE value='Малые проекты'
[23.06.2013 17:49:38] SELECT value FROM `sys_languages`  WHERE value='Почти собрали'
[23.06.2013 17:49:39] SELECT value FROM `sys_languages`  WHERE value='Проекты'
[23.06.2013 17:49:39] SELECT * FROM `sys_settings`  WHERE name='Copyright'
[23.06.2013 17:49:39] SHOW TABLES
[23.06.2013 17:49:39] SHOW COLUMNS FROM `project`
[23.06.2013 17:49:39] SHOW COLUMNS FROM `project_category`
[23.06.2013 17:49:39] SELECT project_category.* FROM `project_category`  WHERE `name` = 'iskusstvo'
[23.06.2013 17:49:39] SHOW COLUMNS FROM `data_user`
[23.06.2013 17:49:40] SHOW COLUMNS FROM `data_city`
[23.06.2013 17:49:40] SELECT project.*, `data_user`.`id` AS `data_user->id`, `data_user`.`image` AS `data_user->image`, `data_user`.`name` AS `data_user->name`, `data_user`.`surname` AS `data_user->surname`, `data_user`.`email` AS `data_user->email`, `data_user`.`password` AS `data_user->password`, `data_user`.`role` AS `data_user->role`, `data_user`.`akey` AS `data_user->akey`, `data_user`.`date_of_birth` AS `data_user->date_of_birth`, `data_user`.`lastbeen_at` AS `data_user->lastbeen_at`, `data_user`.`created_at` AS `data_user->created_at`, `data_user`.`status` AS `data_user->status`, `data_city`.`id` AS `data_city->id`, `data_city`.`title` AS `data_city->title`, `data_city`.`weight` AS `data_city->weight`, `data_city`.`status` AS `data_city->status` FROM `project`  INNER JOIN `data_user` ON `project`.`user_id` = `data_user`.`id` INNER JOIN `data_city` ON `project`.`city_id` = `data_city`.`id` WHERE `category_id` = '1' ORDER BY clicks DESC
[23.06.2013 17:49:40] SHOW COLUMNS FROM `sys_settings`
[23.06.2013 17:49:40] SELECT * FROM `sys_settings`  WHERE name='Project.Limit'
[23.06.2013 17:49:40] SELECT project.*, `data_user`.`id` AS `data_user->id`, `data_user`.`image` AS `data_user->image`, `data_user`.`name` AS `data_user->name`, `data_user`.`surname` AS `data_user->surname`, `data_user`.`email` AS `data_user->email`, `data_user`.`password` AS `data_user->password`, `data_user`.`role` AS `data_user->role`, `data_user`.`akey` AS `data_user->akey`, `data_user`.`date_of_birth` AS `data_user->date_of_birth`, `data_user`.`lastbeen_at` AS `data_user->lastbeen_at`, `data_user`.`created_at` AS `data_user->created_at`, `data_user`.`status` AS `data_user->status`, `data_city`.`id` AS `data_city->id`, `data_city`.`title` AS `data_city->title`, `data_city`.`weight` AS `data_city->weight`, `data_city`.`status` AS `data_city->status` FROM `project`  INNER JOIN `data_user` ON `project`.`user_id` = `data_user`.`id` INNER JOIN `data_city` ON `project`.`city_id` = `data_city`.`id` WHERE `category_id` = '1' ORDER BY clicks DESC LIMIT 10
[23.06.2013 17:49:40] SELECT * FROM `project_category`  WHERE 1
[23.06.2013 17:49:40] SHOW COLUMNS FROM `sys_languages`
[23.06.2013 17:49:40] SELECT value FROM `sys_languages`  WHERE value='Популярные'
[23.06.2013 17:49:40] SELECT value FROM `sys_languages`  WHERE value='Недавно начатые'
[23.06.2013 17:49:40] SELECT value FROM `sys_languages`  WHERE value='Заканчивающиеся'
[23.06.2013 17:49:40] SELECT value FROM `sys_languages`  WHERE value='Малые'
[23.06.2013 17:49:40] SELECT value FROM `sys_languages`  WHERE value='Почти собрали на'
[23.06.2013 17:49:40] SELECT value FROM `sys_languages`  WHERE value='Малые проекты'
[23.06.2013 17:49:40] SELECT value FROM `sys_languages`  WHERE value='Почти собрали'
[23.06.2013 17:49:40] SELECT value FROM `sys_languages`  WHERE value='Проекты'
[23.06.2013 17:49:40] SELECT * FROM `sys_settings`  WHERE name='Copyright'
[23.06.2013 17:49:41] SHOW TABLES
[23.06.2013 17:49:41] SHOW COLUMNS FROM `project`
[23.06.2013 17:49:41] SHOW COLUMNS FROM `project_category`
[23.06.2013 17:49:41] SELECT project_category.* FROM `project_category`  WHERE `name` = 'iskusstvo'
[23.06.2013 17:49:41] SHOW COLUMNS FROM `data_user`
[23.06.2013 17:49:41] SHOW COLUMNS FROM `data_city`
[23.06.2013 17:49:41] SELECT project.*, `data_user`.`id` AS `data_user->id`, `data_user`.`image` AS `data_user->image`, `data_user`.`name` AS `data_user->name`, `data_user`.`surname` AS `data_user->surname`, `data_user`.`email` AS `data_user->email`, `data_user`.`password` AS `data_user->password`, `data_user`.`role` AS `data_user->role`, `data_user`.`akey` AS `data_user->akey`, `data_user`.`date_of_birth` AS `data_user->date_of_birth`, `data_user`.`lastbeen_at` AS `data_user->lastbeen_at`, `data_user`.`created_at` AS `data_user->created_at`, `data_user`.`status` AS `data_user->status`, `data_city`.`id` AS `data_city->id`, `data_city`.`title` AS `data_city->title`, `data_city`.`weight` AS `data_city->weight`, `data_city`.`status` AS `data_city->status` FROM `project`  INNER JOIN `data_user` ON `project`.`user_id` = `data_user`.`id` INNER JOIN `data_city` ON `project`.`city_id` = `data_city`.`id` WHERE `category_id` = '1' ORDER BY needed_sum ASC
[23.06.2013 17:49:41] SHOW COLUMNS FROM `sys_settings`
[23.06.2013 17:49:41] SELECT * FROM `sys_settings`  WHERE name='Project.Limit'
[23.06.2013 17:49:41] SELECT project.*, `data_user`.`id` AS `data_user->id`, `data_user`.`image` AS `data_user->image`, `data_user`.`name` AS `data_user->name`, `data_user`.`surname` AS `data_user->surname`, `data_user`.`email` AS `data_user->email`, `data_user`.`password` AS `data_user->password`, `data_user`.`role` AS `data_user->role`, `data_user`.`akey` AS `data_user->akey`, `data_user`.`date_of_birth` AS `data_user->date_of_birth`, `data_user`.`lastbeen_at` AS `data_user->lastbeen_at`, `data_user`.`created_at` AS `data_user->created_at`, `data_user`.`status` AS `data_user->status`, `data_city`.`id` AS `data_city->id`, `data_city`.`title` AS `data_city->title`, `data_city`.`weight` AS `data_city->weight`, `data_city`.`status` AS `data_city->status` FROM `project`  INNER JOIN `data_user` ON `project`.`user_id` = `data_user`.`id` INNER JOIN `data_city` ON `project`.`city_id` = `data_city`.`id` WHERE `category_id` = '1' ORDER BY needed_sum ASC LIMIT 10
[23.06.2013 17:49:41] SELECT * FROM `project_category`  WHERE 1
[23.06.2013 17:49:41] SHOW COLUMNS FROM `sys_languages`
[23.06.2013 17:49:41] SELECT value FROM `sys_languages`  WHERE value='Популярные'
[23.06.2013 17:49:41] SELECT value FROM `sys_languages`  WHERE value='Недавно начатые'
[23.06.2013 17:49:41] SELECT value FROM `sys_languages`  WHERE value='Заканчивающиеся'
[23.06.2013 17:49:41] SELECT value FROM `sys_languages`  WHERE value='Малые'
[23.06.2013 17:49:41] SELECT value FROM `sys_languages`  WHERE value='Почти собрали на'
[23.06.2013 17:49:41] SELECT value FROM `sys_languages`  WHERE value='Малые проекты'
[23.06.2013 17:49:41] SELECT value FROM `sys_languages`  WHERE value='Почти собрали'
[23.06.2013 17:49:41] SELECT value FROM `sys_languages`  WHERE value='Проекты'
[23.06.2013 17:49:41] SELECT * FROM `sys_settings`  WHERE name='Copyright'
[23.06.2013 17:49:48] SHOW TABLES
[23.06.2013 17:49:48] SHOW COLUMNS FROM `project`
[23.06.2013 17:49:48] SHOW COLUMNS FROM `sys_languages`
[23.06.2013 17:49:48] SELECT value FROM `sys_languages`  WHERE value='Страница не найдена.'
[23.06.2013 17:49:50] SHOW TABLES
[23.06.2013 17:49:50] SHOW COLUMNS FROM `project`
[23.06.2013 17:49:50] SHOW COLUMNS FROM `project_category`
[23.06.2013 17:49:50] SELECT project_category.* FROM `project_category`  WHERE `name` = 'iskusstvo'
[23.06.2013 17:49:50] SHOW COLUMNS FROM `data_user`
[23.06.2013 17:49:50] SHOW COLUMNS FROM `data_city`
[23.06.2013 17:49:50] SELECT project.*, `data_user`.`id` AS `data_user->id`, `data_user`.`image` AS `data_user->image`, `data_user`.`name` AS `data_user->name`, `data_user`.`surname` AS `data_user->surname`, `data_user`.`email` AS `data_user->email`, `data_user`.`password` AS `data_user->password`, `data_user`.`role` AS `data_user->role`, `data_user`.`akey` AS `data_user->akey`, `data_user`.`date_of_birth` AS `data_user->date_of_birth`, `data_user`.`lastbeen_at` AS `data_user->lastbeen_at`, `data_user`.`created_at` AS `data_user->created_at`, `data_user`.`status` AS `data_user->status`, `data_city`.`id` AS `data_city->id`, `data_city`.`title` AS `data_city->title`, `data_city`.`weight` AS `data_city->weight`, `data_city`.`status` AS `data_city->status` FROM `project`  INNER JOIN `data_user` ON `project`.`user_id` = `data_user`.`id` INNER JOIN `data_city` ON `project`.`city_id` = `data_city`.`id` WHERE `category_id` = '1' ORDER BY needed_sum ASC
[23.06.2013 17:49:50] SHOW COLUMNS FROM `sys_settings`
[23.06.2013 17:49:50] SELECT * FROM `sys_settings`  WHERE name='Project.Limit'
[23.06.2013 17:49:50] SELECT project.*, `data_user`.`id` AS `data_user->id`, `data_user`.`image` AS `data_user->image`, `data_user`.`name` AS `data_user->name`, `data_user`.`surname` AS `data_user->surname`, `data_user`.`email` AS `data_user->email`, `data_user`.`password` AS `data_user->password`, `data_user`.`role` AS `data_user->role`, `data_user`.`akey` AS `data_user->akey`, `data_user`.`date_of_birth` AS `data_user->date_of_birth`, `data_user`.`lastbeen_at` AS `data_user->lastbeen_at`, `data_user`.`created_at` AS `data_user->created_at`, `data_user`.`status` AS `data_user->status`, `data_city`.`id` AS `data_city->id`, `data_city`.`title` AS `data_city->title`, `data_city`.`weight` AS `data_city->weight`, `data_city`.`status` AS `data_city->status` FROM `project`  INNER JOIN `data_user` ON `project`.`user_id` = `data_user`.`id` INNER JOIN `data_city` ON `project`.`city_id` = `data_city`.`id` WHERE `category_id` = '1' ORDER BY needed_sum ASC LIMIT 10
[23.06.2013 17:49:50] SELECT * FROM `project_category`  WHERE 1
[23.06.2013 17:49:50] SHOW COLUMNS FROM `sys_languages`
[23.06.2013 17:49:50] SELECT value FROM `sys_languages`  WHERE value='Популярные'
[23.06.2013 17:49:50] SELECT value FROM `sys_languages`  WHERE value='Недавно начатые'
[23.06.2013 17:49:50] SELECT value FROM `sys_languages`  WHERE value='Заканчивающиеся'
[23.06.2013 17:49:50] SELECT value FROM `sys_languages`  WHERE value='Малые'
[23.06.2013 17:49:50] SELECT value FROM `sys_languages`  WHERE value='Почти собрали на'
[23.06.2013 17:49:50] SELECT value FROM `sys_languages`  WHERE value='Малые проекты'
[23.06.2013 17:49:50] SELECT value FROM `sys_languages`  WHERE value='Почти собрали'
[23.06.2013 17:49:50] SELECT value FROM `sys_languages`  WHERE value='Проекты'
[23.06.2013 17:49:50] SELECT * FROM `sys_settings`  WHERE name='Copyright'
[23.06.2013 17:50:03] SHOW TABLES
[23.06.2013 17:50:03] SHOW COLUMNS FROM `project`
[23.06.2013 17:50:03] SHOW COLUMNS FROM `project_category`
[23.06.2013 17:50:03] SELECT project_category.* FROM `project_category`  WHERE `name` = 'iskusstvo'
[23.06.2013 17:50:03] SHOW COLUMNS FROM `data_user`
[23.06.2013 17:50:04] SHOW COLUMNS FROM `data_city`
[23.06.2013 17:50:04] SELECT project.*, `data_user`.`id` AS `data_user->id`, `data_user`.`image` AS `data_user->image`, `data_user`.`name` AS `data_user->name`, `data_user`.`surname` AS `data_user->surname`, `data_user`.`email` AS `data_user->email`, `data_user`.`password` AS `data_user->password`, `data_user`.`role` AS `data_user->role`, `data_user`.`akey` AS `data_user->akey`, `data_user`.`date_of_birth` AS `data_user->date_of_birth`, `data_user`.`lastbeen_at` AS `data_user->lastbeen_at`, `data_user`.`created_at` AS `data_user->created_at`, `data_user`.`status` AS `data_user->status`, `data_city`.`id` AS `data_city->id`, `data_city`.`title` AS `data_city->title`, `data_city`.`weight` AS `data_city->weight`, `data_city`.`status` AS `data_city->status` FROM `project`  INNER JOIN `data_user` ON `project`.`user_id` = `data_user`.`id` INNER JOIN `data_city` ON `project`.`city_id` = `data_city`.`id` WHERE `category_id` = '1' ORDER BY needed_sum ASC
[23.06.2013 17:50:04] SHOW COLUMNS FROM `sys_settings`
[23.06.2013 17:50:04] SELECT * FROM `sys_settings`  WHERE name='Project.Limit'
[23.06.2013 17:50:04] SELECT project.*, `data_user`.`id` AS `data_user->id`, `data_user`.`image` AS `data_user->image`, `data_user`.`name` AS `data_user->name`, `data_user`.`surname` AS `data_user->surname`, `data_user`.`email` AS `data_user->email`, `data_user`.`password` AS `data_user->password`, `data_user`.`role` AS `data_user->role`, `data_user`.`akey` AS `data_user->akey`, `data_user`.`date_of_birth` AS `data_user->date_of_birth`, `data_user`.`lastbeen_at` AS `data_user->lastbeen_at`, `data_user`.`created_at` AS `data_user->created_at`, `data_user`.`status` AS `data_user->status`, `data_city`.`id` AS `data_city->id`, `data_city`.`title` AS `data_city->title`, `data_city`.`weight` AS `data_city->weight`, `data_city`.`status` AS `data_city->status` FROM `project`  INNER JOIN `data_user` ON `project`.`user_id` = `data_user`.`id` INNER JOIN `data_city` ON `project`.`city_id` = `data_city`.`id` WHERE `category_id` = '1' ORDER BY needed_sum ASC LIMIT 10
[23.06.2013 17:50:04] SELECT * FROM `project_category`  WHERE 1
[23.06.2013 17:50:04] SHOW COLUMNS FROM `sys_languages`
[23.06.2013 17:50:04] SELECT value FROM `sys_languages`  WHERE value='Популярные'
[23.06.2013 17:50:04] SELECT value FROM `sys_languages`  WHERE value='Недавно начатые'
[23.06.2013 17:50:04] SELECT value FROM `sys_languages`  WHERE value='Заканчивающиеся'
[23.06.2013 17:50:04] SELECT value FROM `sys_languages`  WHERE value='Малые'
[23.06.2013 17:50:04] SELECT value FROM `sys_languages`  WHERE value='Почти собрали на'
[23.06.2013 17:50:04] SELECT value FROM `sys_languages`  WHERE value='Малые проекты'
[23.06.2013 17:50:04] SELECT value FROM `sys_languages`  WHERE value='Почти собрали'
[23.06.2013 17:50:04] SELECT value FROM `sys_languages`  WHERE value='Проекты'
[23.06.2013 17:50:04] SELECT * FROM `sys_settings`  WHERE name='Copyright'
