[14.06.2013 16:19:20] SHOW TABLES
[14.06.2013 16:19:21] SHOW COLUMNS FROM `project`
[14.06.2013 16:19:23] SHOW COLUMNS FROM `data_user`
[14.06.2013 16:19:23] SHOW COLUMNS FROM `data_city`
[14.06.2013 16:19:23] SELECT project.*, `data_user`.`id` AS `data_user->id`, `data_user`.`image` AS `data_user->image`, `data_user`.`name` AS `data_user->name`, `data_user`.`surname` AS `data_user->surname`, `data_user`.`email` AS `data_user->email`, `data_user`.`password` AS `data_user->password`, `data_user`.`role` AS `data_user->role`, `data_user`.`akey` AS `data_user->akey`, `data_user`.`date_of_birth` AS `data_user->date_of_birth`, `data_user`.`lastbeen_at` AS `data_user->lastbeen_at`, `data_user`.`created_at` AS `data_user->created_at`, `data_user`.`status` AS `data_user->status`, `data_city`.`id` AS `data_city->id`, `data_city`.`title` AS `data_city->title`, `data_city`.`weight` AS `data_city->weight`, `data_city`.`status` AS `data_city->status` FROM `project`  INNER JOIN `data_user` ON `project`.`user_id` = `data_user`.`id` INNER JOIN `data_city` ON `project`.`city_id` = `data_city`.`id` WHERE `project`.`end_at` < 1371809957 ORDER BY end_at DESC LIMIT 10
[14.06.2013 16:19:24] SELECT project.*, `data_user`.`id` AS `data_user->id`, `data_user`.`image` AS `data_user->image`, `data_user`.`name` AS `data_user->name`, `data_user`.`surname` AS `data_user->surname`, `data_user`.`email` AS `data_user->email`, `data_user`.`password` AS `data_user->password`, `data_user`.`role` AS `data_user->role`, `data_user`.`akey` AS `data_user->akey`, `data_user`.`date_of_birth` AS `data_user->date_of_birth`, `data_user`.`lastbeen_at` AS `data_user->lastbeen_at`, `data_user`.`created_at` AS `data_user->created_at`, `data_user`.`status` AS `data_user->status`, `data_city`.`id` AS `data_city->id`, `data_city`.`title` AS `data_city->title`, `data_city`.`weight` AS `data_city->weight`, `data_city`.`status` AS `data_city->status` FROM `project`  INNER JOIN `data_user` ON `project`.`user_id` = `data_user`.`id` INNER JOIN `data_city` ON `project`.`city_id` = `data_city`.`id` WHERE `project`.`created_at` > 1370600364 ORDER BY created_at DESC LIMIT 10
[14.06.2013 16:19:24] SELECT project.*, `data_user`.`id` AS `data_user->id`, `data_user`.`image` AS `data_user->image`, `data_user`.`name` AS `data_user->name`, `data_user`.`surname` AS `data_user->surname`, `data_user`.`email` AS `data_user->email`, `data_user`.`password` AS `data_user->password`, `data_user`.`role` AS `data_user->role`, `data_user`.`akey` AS `data_user->akey`, `data_user`.`date_of_birth` AS `data_user->date_of_birth`, `data_user`.`lastbeen_at` AS `data_user->lastbeen_at`, `data_user`.`created_at` AS `data_user->created_at`, `data_user`.`status` AS `data_user->status`, `data_city`.`id` AS `data_city->id`, `data_city`.`title` AS `data_city->title`, `data_city`.`weight` AS `data_city->weight`, `data_city`.`status` AS `data_city->status` FROM `project`  INNER JOIN `data_user` ON `project`.`user_id` = `data_user`.`id` INNER JOIN `data_city` ON `project`.`city_id` = `data_city`.`id` WHERE `current_sum`>`needed_sum`/2 ORDER BY created_at DESC LIMIT 1
[14.06.2013 16:19:24] SHOW COLUMNS FROM `sys_settings`
[14.06.2013 16:19:24] SELECT * FROM `sys_settings`  WHERE name='Copyright'
[14.06.2013 16:20:06] SHOW TABLES
[14.06.2013 16:20:06] SHOW COLUMNS FROM `project`
[14.06.2013 16:20:06] SHOW COLUMNS FROM `data_user`
[14.06.2013 16:20:06] SHOW COLUMNS FROM `data_city`
[14.06.2013 16:20:06] SELECT project.*, `data_user`.`id` AS `data_user->id`, `data_user`.`image` AS `data_user->image`, `data_user`.`name` AS `data_user->name`, `data_user`.`surname` AS `data_user->surname`, `data_user`.`email` AS `data_user->email`, `data_user`.`password` AS `data_user->password`, `data_user`.`role` AS `data_user->role`, `data_user`.`akey` AS `data_user->akey`, `data_user`.`date_of_birth` AS `data_user->date_of_birth`, `data_user`.`lastbeen_at` AS `data_user->lastbeen_at`, `data_user`.`created_at` AS `data_user->created_at`, `data_user`.`status` AS `data_user->status`, `data_city`.`id` AS `data_city->id`, `data_city`.`title` AS `data_city->title`, `data_city`.`weight` AS `data_city->weight`, `data_city`.`status` AS `data_city->status` FROM `project`  INNER JOIN `data_user` ON `project`.`user_id` = `data_user`.`id` INNER JOIN `data_city` ON `project`.`city_id` = `data_city`.`id` WHERE 1 ORDER BY created_at DESC
[14.06.2013 16:20:07] SHOW COLUMNS FROM `sys_settings`
[14.06.2013 16:20:07] SELECT * FROM `sys_settings`  WHERE name='Project.Limit'
[14.06.2013 16:20:07] SELECT project.*, `data_user`.`id` AS `data_user->id`, `data_user`.`image` AS `data_user->image`, `data_user`.`name` AS `data_user->name`, `data_user`.`surname` AS `data_user->surname`, `data_user`.`email` AS `data_user->email`, `data_user`.`password` AS `data_user->password`, `data_user`.`role` AS `data_user->role`, `data_user`.`akey` AS `data_user->akey`, `data_user`.`date_of_birth` AS `data_user->date_of_birth`, `data_user`.`lastbeen_at` AS `data_user->lastbeen_at`, `data_user`.`created_at` AS `data_user->created_at`, `data_user`.`status` AS `data_user->status`, `data_city`.`id` AS `data_city->id`, `data_city`.`title` AS `data_city->title`, `data_city`.`weight` AS `data_city->weight`, `data_city`.`status` AS `data_city->status` FROM `project`  INNER JOIN `data_user` ON `project`.`user_id` = `data_user`.`id` INNER JOIN `data_city` ON `project`.`city_id` = `data_city`.`id` WHERE 1 ORDER BY created_at DESC LIMIT 10
[14.06.2013 16:20:08] SHOW COLUMNS FROM `project_category`
[14.06.2013 16:20:08] SELECT * FROM `project_category`  WHERE 1
[14.06.2013 16:20:09] SELECT * FROM `sys_settings`  WHERE name='Copyright'
[14.06.2013 16:20:11] SHOW TABLES
[14.06.2013 16:20:14] SHOW COLUMNS FROM `project`
[14.06.2013 16:20:14] SHOW TABLES
[14.06.2013 16:20:14] SHOW COLUMNS FROM `project`
[14.06.2013 16:20:14] SHOW TABLES
[14.06.2013 16:20:14] SHOW COLUMNS FROM `project`
[14.06.2013 16:20:14] SHOW TABLES
[14.06.2013 16:20:14] SHOW COLUMNS FROM `project`
[14.06.2013 16:20:18] SHOW COLUMNS FROM `data_user`
[14.06.2013 16:20:18] SHOW COLUMNS FROM `data_city`
[14.06.2013 16:20:18] SELECT project.*, `data_user`.`id` AS `data_user->id`, `data_user`.`image` AS `data_user->image`, `data_user`.`name` AS `data_user->name`, `data_user`.`surname` AS `data_user->surname`, `data_user`.`email` AS `data_user->email`, `data_user`.`password` AS `data_user->password`, `data_user`.`role` AS `data_user->role`, `data_user`.`akey` AS `data_user->akey`, `data_user`.`date_of_birth` AS `data_user->date_of_birth`, `data_user`.`lastbeen_at` AS `data_user->lastbeen_at`, `data_user`.`created_at` AS `data_user->created_at`, `data_user`.`status` AS `data_user->status`, `data_city`.`id` AS `data_city->id`, `data_city`.`title` AS `data_city->title`, `data_city`.`weight` AS `data_city->weight`, `data_city`.`status` AS `data_city->status` FROM `project`  INNER JOIN `data_user` ON `project`.`user_id` = `data_user`.`id` INNER JOIN `data_city` ON `project`.`city_id` = `data_city`.`id` WHERE `project`.`end_at` < 1371810014 ORDER BY end_at DESC LIMIT 10
[14.06.2013 16:20:18] SELECT project.*, `data_user`.`id` AS `data_user->id`, `data_user`.`image` AS `data_user->image`, `data_user`.`name` AS `data_user->name`, `data_user`.`surname` AS `data_user->surname`, `data_user`.`email` AS `data_user->email`, `data_user`.`password` AS `data_user->password`, `data_user`.`role` AS `data_user->role`, `data_user`.`akey` AS `data_user->akey`, `data_user`.`date_of_birth` AS `data_user->date_of_birth`, `data_user`.`lastbeen_at` AS `data_user->lastbeen_at`, `data_user`.`created_at` AS `data_user->created_at`, `data_user`.`status` AS `data_user->status`, `data_city`.`id` AS `data_city->id`, `data_city`.`title` AS `data_city->title`, `data_city`.`weight` AS `data_city->weight`, `data_city`.`status` AS `data_city->status` FROM `project`  INNER JOIN `data_user` ON `project`.`user_id` = `data_user`.`id` INNER JOIN `data_city` ON `project`.`city_id` = `data_city`.`id` WHERE `project`.`created_at` > 1370600418 ORDER BY created_at DESC LIMIT 10
[14.06.2013 16:20:18] SELECT project.*, `data_user`.`id` AS `data_user->id`, `data_user`.`image` AS `data_user->image`, `data_user`.`name` AS `data_user->name`, `data_user`.`surname` AS `data_user->surname`, `data_user`.`email` AS `data_user->email`, `data_user`.`password` AS `data_user->password`, `data_user`.`role` AS `data_user->role`, `data_user`.`akey` AS `data_user->akey`, `data_user`.`date_of_birth` AS `data_user->date_of_birth`, `data_user`.`lastbeen_at` AS `data_user->lastbeen_at`, `data_user`.`created_at` AS `data_user->created_at`, `data_user`.`status` AS `data_user->status`, `data_city`.`id` AS `data_city->id`, `data_city`.`title` AS `data_city->title`, `data_city`.`weight` AS `data_city->weight`, `data_city`.`status` AS `data_city->status` FROM `project`  INNER JOIN `data_user` ON `project`.`user_id` = `data_user`.`id` INNER JOIN `data_city` ON `project`.`city_id` = `data_city`.`id` WHERE `current_sum`>`needed_sum`/2 ORDER BY created_at DESC LIMIT 1
[14.06.2013 16:20:18] SHOW COLUMNS FROM `sys_settings`
[14.06.2013 16:20:18] SELECT * FROM `sys_settings`  WHERE name='Copyright'
[14.06.2013 22:08:31] SHOW TABLES
[14.06.2013 22:08:31] SHOW COLUMNS FROM `project`
[14.06.2013 22:08:31] SHOW COLUMNS FROM `data_user`
[14.06.2013 22:08:31] SHOW COLUMNS FROM `data_city`
[14.06.2013 22:08:31] SELECT project.*, `data_user`.`id` AS `data_user->id`, `data_user`.`image` AS `data_user->image`, `data_user`.`name` AS `data_user->name`, `data_user`.`surname` AS `data_user->surname`, `data_user`.`email` AS `data_user->email`, `data_user`.`password` AS `data_user->password`, `data_user`.`role` AS `data_user->role`, `data_user`.`akey` AS `data_user->akey`, `data_user`.`date_of_birth` AS `data_user->date_of_birth`, `data_user`.`lastbeen_at` AS `data_user->lastbeen_at`, `data_user`.`created_at` AS `data_user->created_at`, `data_user`.`status` AS `data_user->status`, `data_city`.`id` AS `data_city->id`, `data_city`.`title` AS `data_city->title`, `data_city`.`weight` AS `data_city->weight`, `data_city`.`status` AS `data_city->status` FROM `project`  INNER JOIN `data_user` ON `project`.`user_id` = `data_user`.`id` INNER JOIN `data_city` ON `project`.`city_id` = `data_city`.`id` WHERE 1 ORDER BY created_at DESC
[14.06.2013 22:08:31] SHOW COLUMNS FROM `sys_settings`
[14.06.2013 22:08:31] SELECT * FROM `sys_settings`  WHERE name='Project.Limit'
[14.06.2013 22:08:31] SELECT project.*, `data_user`.`id` AS `data_user->id`, `data_user`.`image` AS `data_user->image`, `data_user`.`name` AS `data_user->name`, `data_user`.`surname` AS `data_user->surname`, `data_user`.`email` AS `data_user->email`, `data_user`.`password` AS `data_user->password`, `data_user`.`role` AS `data_user->role`, `data_user`.`akey` AS `data_user->akey`, `data_user`.`date_of_birth` AS `data_user->date_of_birth`, `data_user`.`lastbeen_at` AS `data_user->lastbeen_at`, `data_user`.`created_at` AS `data_user->created_at`, `data_user`.`status` AS `data_user->status`, `data_city`.`id` AS `data_city->id`, `data_city`.`title` AS `data_city->title`, `data_city`.`weight` AS `data_city->weight`, `data_city`.`status` AS `data_city->status` FROM `project`  INNER JOIN `data_user` ON `project`.`user_id` = `data_user`.`id` INNER JOIN `data_city` ON `project`.`city_id` = `data_city`.`id` WHERE 1 ORDER BY created_at DESC LIMIT 10
[14.06.2013 22:08:31] SHOW COLUMNS FROM `project_category`
[14.06.2013 22:08:31] SELECT * FROM `project_category`  WHERE 1
[14.06.2013 22:08:31] SELECT * FROM `sys_settings`  WHERE name='Copyright'
[14.06.2013 22:11:00] SHOW TABLES
[14.06.2013 22:11:00] SHOW COLUMNS FROM `project`
[14.06.2013 22:11:00] SHOW COLUMNS FROM `data_user`
[14.06.2013 22:11:00] SHOW COLUMNS FROM `data_city`
[14.06.2013 22:11:00] SELECT project.*, `data_user`.`id` AS `data_user->id`, `data_user`.`image` AS `data_user->image`, `data_user`.`name` AS `data_user->name`, `data_user`.`surname` AS `data_user->surname`, `data_user`.`email` AS `data_user->email`, `data_user`.`password` AS `data_user->password`, `data_user`.`role` AS `data_user->role`, `data_user`.`akey` AS `data_user->akey`, `data_user`.`date_of_birth` AS `data_user->date_of_birth`, `data_user`.`lastbeen_at` AS `data_user->lastbeen_at`, `data_user`.`created_at` AS `data_user->created_at`, `data_user`.`status` AS `data_user->status`, `data_city`.`id` AS `data_city->id`, `data_city`.`title` AS `data_city->title`, `data_city`.`weight` AS `data_city->weight`, `data_city`.`status` AS `data_city->status` FROM `project`  INNER JOIN `data_user` ON `project`.`user_id` = `data_user`.`id` INNER JOIN `data_city` ON `project`.`city_id` = `data_city`.`id` WHERE 1 ORDER BY created_at DESC
[14.06.2013 22:11:00] SHOW COLUMNS FROM `sys_settings`
[14.06.2013 22:11:00] SELECT * FROM `sys_settings`  WHERE name='Project.Limit'
[14.06.2013 22:11:00] SELECT project.*, `data_user`.`id` AS `data_user->id`, `data_user`.`image` AS `data_user->image`, `data_user`.`name` AS `data_user->name`, `data_user`.`surname` AS `data_user->surname`, `data_user`.`email` AS `data_user->email`, `data_user`.`password` AS `data_user->password`, `data_user`.`role` AS `data_user->role`, `data_user`.`akey` AS `data_user->akey`, `data_user`.`date_of_birth` AS `data_user->date_of_birth`, `data_user`.`lastbeen_at` AS `data_user->lastbeen_at`, `data_user`.`created_at` AS `data_user->created_at`, `data_user`.`status` AS `data_user->status`, `data_city`.`id` AS `data_city->id`, `data_city`.`title` AS `data_city->title`, `data_city`.`weight` AS `data_city->weight`, `data_city`.`status` AS `data_city->status` FROM `project`  INNER JOIN `data_user` ON `project`.`user_id` = `data_user`.`id` INNER JOIN `data_city` ON `project`.`city_id` = `data_city`.`id` WHERE 1 ORDER BY created_at DESC LIMIT 10
[14.06.2013 22:11:00] SHOW COLUMNS FROM `project_category`
[14.06.2013 22:11:00] SELECT * FROM `project_category`  WHERE 1
[14.06.2013 22:11:00] SELECT * FROM `sys_settings`  WHERE name='Copyright'
[14.06.2013 22:12:23] SHOW TABLES
[14.06.2013 22:12:23] SHOW COLUMNS FROM `project`
[14.06.2013 22:12:23] SHOW COLUMNS FROM `data_user`
[14.06.2013 22:12:23] SHOW COLUMNS FROM `data_city`
[14.06.2013 22:12:23] SELECT project.*, `data_user`.`id` AS `data_user->id`, `data_user`.`image` AS `data_user->image`, `data_user`.`name` AS `data_user->name`, `data_user`.`surname` AS `data_user->surname`, `data_user`.`email` AS `data_user->email`, `data_user`.`password` AS `data_user->password`, `data_user`.`role` AS `data_user->role`, `data_user`.`akey` AS `data_user->akey`, `data_user`.`date_of_birth` AS `data_user->date_of_birth`, `data_user`.`lastbeen_at` AS `data_user->lastbeen_at`, `data_user`.`created_at` AS `data_user->created_at`, `data_user`.`status` AS `data_user->status`, `data_city`.`id` AS `data_city->id`, `data_city`.`title` AS `data_city->title`, `data_city`.`weight` AS `data_city->weight`, `data_city`.`status` AS `data_city->status` FROM `project`  INNER JOIN `data_user` ON `project`.`user_id` = `data_user`.`id` INNER JOIN `data_city` ON `project`.`city_id` = `data_city`.`id` WHERE 1 ORDER BY created_at DESC
[14.06.2013 22:12:23] SHOW COLUMNS FROM `sys_settings`
[14.06.2013 22:12:23] SELECT * FROM `sys_settings`  WHERE name='Project.Limit'
[14.06.2013 22:12:23] SELECT project.*, `data_user`.`id` AS `data_user->id`, `data_user`.`image` AS `data_user->image`, `data_user`.`name` AS `data_user->name`, `data_user`.`surname` AS `data_user->surname`, `data_user`.`email` AS `data_user->email`, `data_user`.`password` AS `data_user->password`, `data_user`.`role` AS `data_user->role`, `data_user`.`akey` AS `data_user->akey`, `data_user`.`date_of_birth` AS `data_user->date_of_birth`, `data_user`.`lastbeen_at` AS `data_user->lastbeen_at`, `data_user`.`created_at` AS `data_user->created_at`, `data_user`.`status` AS `data_user->status`, `data_city`.`id` AS `data_city->id`, `data_city`.`title` AS `data_city->title`, `data_city`.`weight` AS `data_city->weight`, `data_city`.`status` AS `data_city->status` FROM `project`  INNER JOIN `data_user` ON `project`.`user_id` = `data_user`.`id` INNER JOIN `data_city` ON `project`.`city_id` = `data_city`.`id` WHERE 1 ORDER BY created_at DESC LIMIT 10
[14.06.2013 22:12:23] SHOW COLUMNS FROM `project_category`
[14.06.2013 22:12:23] SELECT * FROM `project_category`  WHERE 1
[14.06.2013 22:12:23] SELECT * FROM `sys_settings`  WHERE name='Copyright'
[14.06.2013 22:14:44] SHOW TABLES
[14.06.2013 22:14:44] SHOW COLUMNS FROM `project`
[14.06.2013 22:14:44] SHOW COLUMNS FROM `data_user`
[14.06.2013 22:14:44] SHOW COLUMNS FROM `data_city`
[14.06.2013 22:14:44] SELECT project.*, `data_user`.`id` AS `data_user->id`, `data_user`.`image` AS `data_user->image`, `data_user`.`name` AS `data_user->name`, `data_user`.`surname` AS `data_user->surname`, `data_user`.`email` AS `data_user->email`, `data_user`.`password` AS `data_user->password`, `data_user`.`role` AS `data_user->role`, `data_user`.`akey` AS `data_user->akey`, `data_user`.`date_of_birth` AS `data_user->date_of_birth`, `data_user`.`lastbeen_at` AS `data_user->lastbeen_at`, `data_user`.`created_at` AS `data_user->created_at`, `data_user`.`status` AS `data_user->status`, `data_city`.`id` AS `data_city->id`, `data_city`.`title` AS `data_city->title`, `data_city`.`weight` AS `data_city->weight`, `data_city`.`status` AS `data_city->status` FROM `project`  INNER JOIN `data_user` ON `project`.`user_id` = `data_user`.`id` INNER JOIN `data_city` ON `project`.`city_id` = `data_city`.`id` WHERE 1 ORDER BY created_at DESC
[14.06.2013 22:14:44] SHOW COLUMNS FROM `sys_settings`
[14.06.2013 22:14:44] SELECT * FROM `sys_settings`  WHERE name='Project.Limit'
[14.06.2013 22:14:44] SELECT project.*, `data_user`.`id` AS `data_user->id`, `data_user`.`image` AS `data_user->image`, `data_user`.`name` AS `data_user->name`, `data_user`.`surname` AS `data_user->surname`, `data_user`.`email` AS `data_user->email`, `data_user`.`password` AS `data_user->password`, `data_user`.`role` AS `data_user->role`, `data_user`.`akey` AS `data_user->akey`, `data_user`.`date_of_birth` AS `data_user->date_of_birth`, `data_user`.`lastbeen_at` AS `data_user->lastbeen_at`, `data_user`.`created_at` AS `data_user->created_at`, `data_user`.`status` AS `data_user->status`, `data_city`.`id` AS `data_city->id`, `data_city`.`title` AS `data_city->title`, `data_city`.`weight` AS `data_city->weight`, `data_city`.`status` AS `data_city->status` FROM `project`  INNER JOIN `data_user` ON `project`.`user_id` = `data_user`.`id` INNER JOIN `data_city` ON `project`.`city_id` = `data_city`.`id` WHERE 1 ORDER BY created_at DESC LIMIT 10
[14.06.2013 22:14:44] SHOW COLUMNS FROM `project_category`
[14.06.2013 22:14:44] SELECT * FROM `project_category`  WHERE 1
[14.06.2013 22:14:44] SELECT * FROM `sys_settings`  WHERE name='Copyright'
[14.06.2013 22:14:46] SHOW TABLES
[14.06.2013 22:14:46] SHOW COLUMNS FROM `project`
[14.06.2013 22:14:46] SHOW COLUMNS FROM `data_user`
[14.06.2013 22:14:46] SHOW COLUMNS FROM `data_city`
[14.06.2013 22:14:46] SELECT project.*, `data_user`.`id` AS `data_user->id`, `data_user`.`image` AS `data_user->image`, `data_user`.`name` AS `data_user->name`, `data_user`.`surname` AS `data_user->surname`, `data_user`.`email` AS `data_user->email`, `data_user`.`password` AS `data_user->password`, `data_user`.`role` AS `data_user->role`, `data_user`.`akey` AS `data_user->akey`, `data_user`.`date_of_birth` AS `data_user->date_of_birth`, `data_user`.`lastbeen_at` AS `data_user->lastbeen_at`, `data_user`.`created_at` AS `data_user->created_at`, `data_user`.`status` AS `data_user->status`, `data_city`.`id` AS `data_city->id`, `data_city`.`title` AS `data_city->title`, `data_city`.`weight` AS `data_city->weight`, `data_city`.`status` AS `data_city->status` FROM `project`  INNER JOIN `data_user` ON `project`.`user_id` = `data_user`.`id` INNER JOIN `data_city` ON `project`.`city_id` = `data_city`.`id` WHERE `project`.`end_at` < 1371831286 ORDER BY end_at DESC LIMIT 10
[14.06.2013 22:14:46] SELECT project.*, `data_user`.`id` AS `data_user->id`, `data_user`.`image` AS `data_user->image`, `data_user`.`name` AS `data_user->name`, `data_user`.`surname` AS `data_user->surname`, `data_user`.`email` AS `data_user->email`, `data_user`.`password` AS `data_user->password`, `data_user`.`role` AS `data_user->role`, `data_user`.`akey` AS `data_user->akey`, `data_user`.`date_of_birth` AS `data_user->date_of_birth`, `data_user`.`lastbeen_at` AS `data_user->lastbeen_at`, `data_user`.`created_at` AS `data_user->created_at`, `data_user`.`status` AS `data_user->status`, `data_city`.`id` AS `data_city->id`, `data_city`.`title` AS `data_city->title`, `data_city`.`weight` AS `data_city->weight`, `data_city`.`status` AS `data_city->status` FROM `project`  INNER JOIN `data_user` ON `project`.`user_id` = `data_user`.`id` INNER JOIN `data_city` ON `project`.`city_id` = `data_city`.`id` WHERE `project`.`created_at` > 1370621686 ORDER BY created_at DESC LIMIT 10
[14.06.2013 22:14:46] SELECT project.*, `data_user`.`id` AS `data_user->id`, `data_user`.`image` AS `data_user->image`, `data_user`.`name` AS `data_user->name`, `data_user`.`surname` AS `data_user->surname`, `data_user`.`email` AS `data_user->email`, `data_user`.`password` AS `data_user->password`, `data_user`.`role` AS `data_user->role`, `data_user`.`akey` AS `data_user->akey`, `data_user`.`date_of_birth` AS `data_user->date_of_birth`, `data_user`.`lastbeen_at` AS `data_user->lastbeen_at`, `data_user`.`created_at` AS `data_user->created_at`, `data_user`.`status` AS `data_user->status`, `data_city`.`id` AS `data_city->id`, `data_city`.`title` AS `data_city->title`, `data_city`.`weight` AS `data_city->weight`, `data_city`.`status` AS `data_city->status` FROM `project`  INNER JOIN `data_user` ON `project`.`user_id` = `data_user`.`id` INNER JOIN `data_city` ON `project`.`city_id` = `data_city`.`id` WHERE `current_sum`>`needed_sum`/2 ORDER BY created_at DESC LIMIT 1
[14.06.2013 22:14:47] SHOW COLUMNS FROM `sys_settings`
[14.06.2013 22:14:47] SELECT * FROM `sys_settings`  WHERE name='Copyright'
[14.06.2013 22:16:11] SHOW TABLES
[14.06.2013 22:16:11] SHOW COLUMNS FROM `project`
[14.06.2013 22:16:11] SHOW COLUMNS FROM `data_user`
[14.06.2013 22:16:11] SHOW COLUMNS FROM `data_city`
[14.06.2013 22:16:11] SELECT project.*, `data_user`.`id` AS `data_user->id`, `data_user`.`image` AS `data_user->image`, `data_user`.`name` AS `data_user->name`, `data_user`.`surname` AS `data_user->surname`, `data_user`.`email` AS `data_user->email`, `data_user`.`password` AS `data_user->password`, `data_user`.`role` AS `data_user->role`, `data_user`.`akey` AS `data_user->akey`, `data_user`.`date_of_birth` AS `data_user->date_of_birth`, `data_user`.`lastbeen_at` AS `data_user->lastbeen_at`, `data_user`.`created_at` AS `data_user->created_at`, `data_user`.`status` AS `data_user->status`, `data_city`.`id` AS `data_city->id`, `data_city`.`title` AS `data_city->title`, `data_city`.`weight` AS `data_city->weight`, `data_city`.`status` AS `data_city->status` FROM `project`  INNER JOIN `data_user` ON `project`.`user_id` = `data_user`.`id` INNER JOIN `data_city` ON `project`.`city_id` = `data_city`.`id` WHERE 1 ORDER BY created_at DESC
[14.06.2013 22:16:11] SHOW COLUMNS FROM `sys_settings`
[14.06.2013 22:16:11] SELECT * FROM `sys_settings`  WHERE name='Project.Limit'
[14.06.2013 22:16:11] SELECT project.*, `data_user`.`id` AS `data_user->id`, `data_user`.`image` AS `data_user->image`, `data_user`.`name` AS `data_user->name`, `data_user`.`surname` AS `data_user->surname`, `data_user`.`email` AS `data_user->email`, `data_user`.`password` AS `data_user->password`, `data_user`.`role` AS `data_user->role`, `data_user`.`akey` AS `data_user->akey`, `data_user`.`date_of_birth` AS `data_user->date_of_birth`, `data_user`.`lastbeen_at` AS `data_user->lastbeen_at`, `data_user`.`created_at` AS `data_user->created_at`, `data_user`.`status` AS `data_user->status`, `data_city`.`id` AS `data_city->id`, `data_city`.`title` AS `data_city->title`, `data_city`.`weight` AS `data_city->weight`, `data_city`.`status` AS `data_city->status` FROM `project`  INNER JOIN `data_user` ON `project`.`user_id` = `data_user`.`id` INNER JOIN `data_city` ON `project`.`city_id` = `data_city`.`id` WHERE 1 ORDER BY created_at DESC LIMIT 10
[14.06.2013 22:16:11] SHOW COLUMNS FROM `project_category`
[14.06.2013 22:16:11] SELECT * FROM `project_category`  WHERE 1
[14.06.2013 22:16:11] SELECT * FROM `sys_settings`  WHERE name='Copyright'
[14.06.2013 22:18:35] SHOW TABLES
[14.06.2013 22:18:35] SHOW COLUMNS FROM `project_category`
[14.06.2013 22:18:36] ALTER TABLE `project_category` ADD `name` VARCHAR(255) CHARACTER SET 'utf8' COLLATE 'utf8_general_ci' NOT NULL   
[14.06.2013 22:18:39] ALTER TABLE `project_category` ADD `name` VARCHAR(255) CHARACTER SET 'utf8' COLLATE 'utf8_general_ci' NOT NULL   
[14.06.2013 22:18:40] SHOW TABLES
[14.06.2013 22:18:40] SHOW COLUMNS FROM `project_category`
[14.06.2013 22:18:40] SELECT project_category.* FROM `project_category`  WHERE 1 ORDER BY weight
[14.06.2013 22:18:40] SELECT project_category.* FROM `project_category`  WHERE 1 ORDER BY weight LIMIT 20
[14.06.2013 22:18:43] SHOW TABLES
[14.06.2013 22:18:43] SHOW COLUMNS FROM `project_category`
[14.06.2013 22:18:43] SELECT project_category.* FROM `project_category`  WHERE `id` = '1'
[14.06.2013 22:18:46] SHOW TABLES
[14.06.2013 22:18:46] SHOW COLUMNS FROM `project_category`
[14.06.2013 22:18:47] SELECT project_category.* FROM `project_category`  WHERE `id` = '1'
[14.06.2013 22:18:47] UPDATE `project_category` SET `id`='1', `title`='Искусство', `name`='iskusstvo', `weight`='0', `status`='1' WHERE `id`='1'
[14.06.2013 22:18:47] SHOW TABLES
[14.06.2013 22:18:47] SHOW COLUMNS FROM `project_category`
[14.06.2013 22:18:47] SELECT project_category.* FROM `project_category`  WHERE 1 ORDER BY weight
[14.06.2013 22:18:47] SELECT project_category.* FROM `project_category`  WHERE 1 ORDER BY weight LIMIT 20
[14.06.2013 22:18:49] SHOW TABLES
[14.06.2013 22:18:49] SHOW COLUMNS FROM `project_category`
[14.06.2013 22:18:49] SELECT project_category.* FROM `project_category`  WHERE `id` = '2'
[14.06.2013 22:18:51] SHOW TABLES
[14.06.2013 22:18:51] SHOW COLUMNS FROM `project_category`
[14.06.2013 22:18:51] SELECT project_category.* FROM `project_category`  WHERE `id` = '2'
[14.06.2013 22:18:51] UPDATE `project_category` SET `id`='2', `title`='Музыка', `name`='muzyka', `weight`='0', `status`='1' WHERE `id`='2'
[14.06.2013 22:18:51] SHOW TABLES
[14.06.2013 22:18:51] SHOW COLUMNS FROM `project_category`
[14.06.2013 22:18:51] SELECT project_category.* FROM `project_category`  WHERE 1 ORDER BY weight
[14.06.2013 22:18:51] SELECT project_category.* FROM `project_category`  WHERE 1 ORDER BY weight LIMIT 20
[14.06.2013 22:18:53] SHOW TABLES
[14.06.2013 22:18:53] SHOW COLUMNS FROM `project_category`
[14.06.2013 22:18:53] SELECT project_category.* FROM `project_category`  WHERE `id` = '3'
[14.06.2013 22:18:58] SHOW TABLES
[14.06.2013 22:18:58] SHOW COLUMNS FROM `project_category`
[14.06.2013 22:18:58] SELECT project_category.* FROM `project_category`  WHERE `id` = '3'
[14.06.2013 22:18:58] UPDATE `project_category` SET `id`='3', `title`='Видео', `name`='video', `weight`='0', `status`='1' WHERE `id`='3'
[14.06.2013 22:18:58] SHOW TABLES
[14.06.2013 22:18:58] SHOW COLUMNS FROM `project_category`
[14.06.2013 22:18:58] SELECT project_category.* FROM `project_category`  WHERE 1 ORDER BY weight
[14.06.2013 22:18:58] SELECT project_category.* FROM `project_category`  WHERE 1 ORDER BY weight LIMIT 20
[14.06.2013 22:19:00] SHOW TABLES
[14.06.2013 22:19:00] SHOW COLUMNS FROM `project_category`
[14.06.2013 22:19:00] SELECT project_category.* FROM `project_category`  WHERE `id` = '4'
[14.06.2013 22:19:02] SHOW TABLES
[14.06.2013 22:19:02] SHOW COLUMNS FROM `project_category`
[14.06.2013 22:19:02] SELECT project_category.* FROM `project_category`  WHERE `id` = '4'
[14.06.2013 22:19:02] UPDATE `project_category` SET `id`='4', `title`='Мода', `name`='moda', `weight`='0', `status`='1' WHERE `id`='4'
[14.06.2013 22:19:02] SHOW TABLES
[14.06.2013 22:19:02] SHOW COLUMNS FROM `project_category`
[14.06.2013 22:19:02] SELECT project_category.* FROM `project_category`  WHERE 1 ORDER BY weight
[14.06.2013 22:19:02] SELECT project_category.* FROM `project_category`  WHERE 1 ORDER BY weight LIMIT 20
[14.06.2013 22:19:03] SHOW TABLES
[14.06.2013 22:19:03] SHOW COLUMNS FROM `project_category`
[14.06.2013 22:19:03] SELECT project_category.* FROM `project_category`  WHERE `id` = '1'
[14.06.2013 22:19:05] SHOW TABLES
[14.06.2013 22:19:05] SHOW COLUMNS FROM `project_category`
[14.06.2013 22:19:05] SELECT project_category.* FROM `project_category`  WHERE `id` = '1'
[14.06.2013 22:19:05] UPDATE `project_category` SET `id`='1', `title`='Искусство', `name`='iskusstvo', `weight`='0', `status`='1' WHERE `id`='1'
[14.06.2013 22:19:05] SHOW TABLES
[14.06.2013 22:19:05] SHOW COLUMNS FROM `project_category`
[14.06.2013 22:19:05] SELECT project_category.* FROM `project_category`  WHERE 1 ORDER BY weight
[14.06.2013 22:19:05] SELECT project_category.* FROM `project_category`  WHERE 1 ORDER BY weight LIMIT 20
[14.06.2013 22:19:17] SHOW TABLES
[14.06.2013 22:19:17] SHOW COLUMNS FROM `project`
[14.06.2013 22:19:18] SHOW COLUMNS FROM `data_user`
[14.06.2013 22:19:18] SHOW COLUMNS FROM `data_city`
[14.06.2013 22:19:18] SELECT project.*, `data_user`.`id` AS `data_user->id`, `data_user`.`image` AS `data_user->image`, `data_user`.`name` AS `data_user->name`, `data_user`.`surname` AS `data_user->surname`, `data_user`.`email` AS `data_user->email`, `data_user`.`password` AS `data_user->password`, `data_user`.`role` AS `data_user->role`, `data_user`.`akey` AS `data_user->akey`, `data_user`.`date_of_birth` AS `data_user->date_of_birth`, `data_user`.`lastbeen_at` AS `data_user->lastbeen_at`, `data_user`.`created_at` AS `data_user->created_at`, `data_user`.`status` AS `data_user->status`, `data_city`.`id` AS `data_city->id`, `data_city`.`title` AS `data_city->title`, `data_city`.`weight` AS `data_city->weight`, `data_city`.`status` AS `data_city->status` FROM `project`  INNER JOIN `data_user` ON `project`.`user_id` = `data_user`.`id` INNER JOIN `data_city` ON `project`.`city_id` = `data_city`.`id` WHERE `project`.`end_at` < 1371831557 ORDER BY end_at DESC LIMIT 10
[14.06.2013 22:19:18] SELECT project.*, `data_user`.`id` AS `data_user->id`, `data_user`.`image` AS `data_user->image`, `data_user`.`name` AS `data_user->name`, `data_user`.`surname` AS `data_user->surname`, `data_user`.`email` AS `data_user->email`, `data_user`.`password` AS `data_user->password`, `data_user`.`role` AS `data_user->role`, `data_user`.`akey` AS `data_user->akey`, `data_user`.`date_of_birth` AS `data_user->date_of_birth`, `data_user`.`lastbeen_at` AS `data_user->lastbeen_at`, `data_user`.`created_at` AS `data_user->created_at`, `data_user`.`status` AS `data_user->status`, `data_city`.`id` AS `data_city->id`, `data_city`.`title` AS `data_city->title`, `data_city`.`weight` AS `data_city->weight`, `data_city`.`status` AS `data_city->status` FROM `project`  INNER JOIN `data_user` ON `project`.`user_id` = `data_user`.`id` INNER JOIN `data_city` ON `project`.`city_id` = `data_city`.`id` WHERE `project`.`created_at` > 1370621958 ORDER BY created_at DESC LIMIT 10
[14.06.2013 22:19:18] SELECT project.*, `data_user`.`id` AS `data_user->id`, `data_user`.`image` AS `data_user->image`, `data_user`.`name` AS `data_user->name`, `data_user`.`surname` AS `data_user->surname`, `data_user`.`email` AS `data_user->email`, `data_user`.`password` AS `data_user->password`, `data_user`.`role` AS `data_user->role`, `data_user`.`akey` AS `data_user->akey`, `data_user`.`date_of_birth` AS `data_user->date_of_birth`, `data_user`.`lastbeen_at` AS `data_user->lastbeen_at`, `data_user`.`created_at` AS `data_user->created_at`, `data_user`.`status` AS `data_user->status`, `data_city`.`id` AS `data_city->id`, `data_city`.`title` AS `data_city->title`, `data_city`.`weight` AS `data_city->weight`, `data_city`.`status` AS `data_city->status` FROM `project`  INNER JOIN `data_user` ON `project`.`user_id` = `data_user`.`id` INNER JOIN `data_city` ON `project`.`city_id` = `data_city`.`id` WHERE `current_sum`>`needed_sum`/2 ORDER BY created_at DESC LIMIT 1
[14.06.2013 22:19:18] SHOW COLUMNS FROM `sys_settings`
[14.06.2013 22:19:18] SELECT * FROM `sys_settings`  WHERE name='Copyright'
[14.06.2013 22:19:22] SHOW TABLES
[14.06.2013 22:19:22] SHOW COLUMNS FROM `project`
[14.06.2013 22:19:23] SHOW COLUMNS FROM `data_user`
[14.06.2013 22:19:23] SHOW COLUMNS FROM `data_city`
[14.06.2013 22:19:23] SELECT project.*, `data_user`.`id` AS `data_user->id`, `data_user`.`image` AS `data_user->image`, `data_user`.`name` AS `data_user->name`, `data_user`.`surname` AS `data_user->surname`, `data_user`.`email` AS `data_user->email`, `data_user`.`password` AS `data_user->password`, `data_user`.`role` AS `data_user->role`, `data_user`.`akey` AS `data_user->akey`, `data_user`.`date_of_birth` AS `data_user->date_of_birth`, `data_user`.`lastbeen_at` AS `data_user->lastbeen_at`, `data_user`.`created_at` AS `data_user->created_at`, `data_user`.`status` AS `data_user->status`, `data_city`.`id` AS `data_city->id`, `data_city`.`title` AS `data_city->title`, `data_city`.`weight` AS `data_city->weight`, `data_city`.`status` AS `data_city->status` FROM `project`  INNER JOIN `data_user` ON `project`.`user_id` = `data_user`.`id` INNER JOIN `data_city` ON `project`.`city_id` = `data_city`.`id` WHERE 1 ORDER BY created_at DESC
[14.06.2013 22:19:23] SHOW COLUMNS FROM `sys_settings`
[14.06.2013 22:19:23] SELECT * FROM `sys_settings`  WHERE name='Project.Limit'
[14.06.2013 22:19:23] SELECT project.*, `data_user`.`id` AS `data_user->id`, `data_user`.`image` AS `data_user->image`, `data_user`.`name` AS `data_user->name`, `data_user`.`surname` AS `data_user->surname`, `data_user`.`email` AS `data_user->email`, `data_user`.`password` AS `data_user->password`, `data_user`.`role` AS `data_user->role`, `data_user`.`akey` AS `data_user->akey`, `data_user`.`date_of_birth` AS `data_user->date_of_birth`, `data_user`.`lastbeen_at` AS `data_user->lastbeen_at`, `data_user`.`created_at` AS `data_user->created_at`, `data_user`.`status` AS `data_user->status`, `data_city`.`id` AS `data_city->id`, `data_city`.`title` AS `data_city->title`, `data_city`.`weight` AS `data_city->weight`, `data_city`.`status` AS `data_city->status` FROM `project`  INNER JOIN `data_user` ON `project`.`user_id` = `data_user`.`id` INNER JOIN `data_city` ON `project`.`city_id` = `data_city`.`id` WHERE 1 ORDER BY created_at DESC LIMIT 10
[14.06.2013 22:19:23] SHOW COLUMNS FROM `project_category`
[14.06.2013 22:19:23] SELECT * FROM `project_category`  WHERE 1
[14.06.2013 22:19:23] SELECT * FROM `sys_settings`  WHERE name='Copyright'
[14.06.2013 22:37:57] SHOW TABLES
[14.06.2013 22:37:57] SHOW COLUMNS FROM `project`
[14.06.2013 22:37:57] SHOW COLUMNS FROM `data_user`
[14.06.2013 22:37:57] SHOW COLUMNS FROM `data_city`
[14.06.2013 22:37:57] SELECT project.*, `data_user`.`id` AS `data_user->id`, `data_user`.`image` AS `data_user->image`, `data_user`.`name` AS `data_user->name`, `data_user`.`surname` AS `data_user->surname`, `data_user`.`email` AS `data_user->email`, `data_user`.`password` AS `data_user->password`, `data_user`.`role` AS `data_user->role`, `data_user`.`akey` AS `data_user->akey`, `data_user`.`date_of_birth` AS `data_user->date_of_birth`, `data_user`.`lastbeen_at` AS `data_user->lastbeen_at`, `data_user`.`created_at` AS `data_user->created_at`, `data_user`.`status` AS `data_user->status`, `data_city`.`id` AS `data_city->id`, `data_city`.`title` AS `data_city->title`, `data_city`.`weight` AS `data_city->weight`, `data_city`.`status` AS `data_city->status` FROM `project`  INNER JOIN `data_user` ON `project`.`user_id` = `data_user`.`id` INNER JOIN `data_city` ON `project`.`city_id` = `data_city`.`id` WHERE 1 ORDER BY created_at DESC
[14.06.2013 22:37:57] SHOW COLUMNS FROM `sys_settings`
[14.06.2013 22:37:57] SELECT * FROM `sys_settings`  WHERE name='Project.Limit'
[14.06.2013 22:37:57] SELECT project.*, `data_user`.`id` AS `data_user->id`, `data_user`.`image` AS `data_user->image`, `data_user`.`name` AS `data_user->name`, `data_user`.`surname` AS `data_user->surname`, `data_user`.`email` AS `data_user->email`, `data_user`.`password` AS `data_user->password`, `data_user`.`role` AS `data_user->role`, `data_user`.`akey` AS `data_user->akey`, `data_user`.`date_of_birth` AS `data_user->date_of_birth`, `data_user`.`lastbeen_at` AS `data_user->lastbeen_at`, `data_user`.`created_at` AS `data_user->created_at`, `data_user`.`status` AS `data_user->status`, `data_city`.`id` AS `data_city->id`, `data_city`.`title` AS `data_city->title`, `data_city`.`weight` AS `data_city->weight`, `data_city`.`status` AS `data_city->status` FROM `project`  INNER JOIN `data_user` ON `project`.`user_id` = `data_user`.`id` INNER JOIN `data_city` ON `project`.`city_id` = `data_city`.`id` WHERE 1 ORDER BY created_at DESC LIMIT 10
[14.06.2013 22:37:57] SHOW COLUMNS FROM `project_category`
[14.06.2013 22:37:57] SELECT * FROM `project_category`  WHERE 1
[14.06.2013 22:37:57] SELECT * FROM `sys_settings`  WHERE name='Copyright'
[14.06.2013 22:52:58] SHOW TABLES
[14.06.2013 22:52:58] SHOW COLUMNS FROM `project`
[14.06.2013 22:52:58] SHOW COLUMNS FROM `data_user`
[14.06.2013 22:52:58] SHOW COLUMNS FROM `data_city`
[14.06.2013 22:52:58] SELECT project.*, `data_user`.`id` AS `data_user->id`, `data_user`.`image` AS `data_user->image`, `data_user`.`name` AS `data_user->name`, `data_user`.`surname` AS `data_user->surname`, `data_user`.`email` AS `data_user->email`, `data_user`.`password` AS `data_user->password`, `data_user`.`role` AS `data_user->role`, `data_user`.`akey` AS `data_user->akey`, `data_user`.`date_of_birth` AS `data_user->date_of_birth`, `data_user`.`lastbeen_at` AS `data_user->lastbeen_at`, `data_user`.`created_at` AS `data_user->created_at`, `data_user`.`status` AS `data_user->status`, `data_city`.`id` AS `data_city->id`, `data_city`.`title` AS `data_city->title`, `data_city`.`weight` AS `data_city->weight`, `data_city`.`status` AS `data_city->status` FROM `project`  INNER JOIN `data_user` ON `project`.`user_id` = `data_user`.`id` INNER JOIN `data_city` ON `project`.`city_id` = `data_city`.`id` WHERE 1 ORDER BY created_at DESC
[14.06.2013 22:52:58] SHOW COLUMNS FROM `sys_settings`
[14.06.2013 22:52:58] SELECT * FROM `sys_settings`  WHERE name='Project.Limit'
[14.06.2013 22:52:58] SELECT project.*, `data_user`.`id` AS `data_user->id`, `data_user`.`image` AS `data_user->image`, `data_user`.`name` AS `data_user->name`, `data_user`.`surname` AS `data_user->surname`, `data_user`.`email` AS `data_user->email`, `data_user`.`password` AS `data_user->password`, `data_user`.`role` AS `data_user->role`, `data_user`.`akey` AS `data_user->akey`, `data_user`.`date_of_birth` AS `data_user->date_of_birth`, `data_user`.`lastbeen_at` AS `data_user->lastbeen_at`, `data_user`.`created_at` AS `data_user->created_at`, `data_user`.`status` AS `data_user->status`, `data_city`.`id` AS `data_city->id`, `data_city`.`title` AS `data_city->title`, `data_city`.`weight` AS `data_city->weight`, `data_city`.`status` AS `data_city->status` FROM `project`  INNER JOIN `data_user` ON `project`.`user_id` = `data_user`.`id` INNER JOIN `data_city` ON `project`.`city_id` = `data_city`.`id` WHERE 1 ORDER BY created_at DESC LIMIT 10
[14.06.2013 22:52:58] SHOW COLUMNS FROM `project_category`
[14.06.2013 22:52:58] SELECT * FROM `project_category`  WHERE 1
[14.06.2013 22:54:54] SHOW TABLES
[14.06.2013 22:54:54] SHOW COLUMNS FROM `project`
[14.06.2013 22:54:54] SHOW COLUMNS FROM `data_user`
[14.06.2013 22:54:54] SHOW COLUMNS FROM `data_city`
[14.06.2013 22:54:54] SELECT project.*, `data_user`.`id` AS `data_user->id`, `data_user`.`image` AS `data_user->image`, `data_user`.`name` AS `data_user->name`, `data_user`.`surname` AS `data_user->surname`, `data_user`.`email` AS `data_user->email`, `data_user`.`password` AS `data_user->password`, `data_user`.`role` AS `data_user->role`, `data_user`.`akey` AS `data_user->akey`, `data_user`.`date_of_birth` AS `data_user->date_of_birth`, `data_user`.`lastbeen_at` AS `data_user->lastbeen_at`, `data_user`.`created_at` AS `data_user->created_at`, `data_user`.`status` AS `data_user->status`, `data_city`.`id` AS `data_city->id`, `data_city`.`title` AS `data_city->title`, `data_city`.`weight` AS `data_city->weight`, `data_city`.`status` AS `data_city->status` FROM `project`  INNER JOIN `data_user` ON `project`.`user_id` = `data_user`.`id` INNER JOIN `data_city` ON `project`.`city_id` = `data_city`.`id` WHERE 1 ORDER BY created_at DESC
[14.06.2013 22:54:54] SHOW COLUMNS FROM `sys_settings`
[14.06.2013 22:54:54] SELECT * FROM `sys_settings`  WHERE name='Project.Limit'
[14.06.2013 22:54:54] SELECT project.*, `data_user`.`id` AS `data_user->id`, `data_user`.`image` AS `data_user->image`, `data_user`.`name` AS `data_user->name`, `data_user`.`surname` AS `data_user->surname`, `data_user`.`email` AS `data_user->email`, `data_user`.`password` AS `data_user->password`, `data_user`.`role` AS `data_user->role`, `data_user`.`akey` AS `data_user->akey`, `data_user`.`date_of_birth` AS `data_user->date_of_birth`, `data_user`.`lastbeen_at` AS `data_user->lastbeen_at`, `data_user`.`created_at` AS `data_user->created_at`, `data_user`.`status` AS `data_user->status`, `data_city`.`id` AS `data_city->id`, `data_city`.`title` AS `data_city->title`, `data_city`.`weight` AS `data_city->weight`, `data_city`.`status` AS `data_city->status` FROM `project`  INNER JOIN `data_user` ON `project`.`user_id` = `data_user`.`id` INNER JOIN `data_city` ON `project`.`city_id` = `data_city`.`id` WHERE 1 ORDER BY created_at DESC LIMIT 10
[14.06.2013 22:54:54] SHOW COLUMNS FROM `project_category`
[14.06.2013 22:54:54] SELECT * FROM `project_category`  WHERE 1
[14.06.2013 22:56:05] SHOW TABLES
[14.06.2013 22:56:05] SHOW COLUMNS FROM `project`
[14.06.2013 22:56:05] SHOW COLUMNS FROM `data_user`
[14.06.2013 22:56:05] SHOW COLUMNS FROM `data_city`
[14.06.2013 22:56:05] SELECT project.*, `data_user`.`id` AS `data_user->id`, `data_user`.`image` AS `data_user->image`, `data_user`.`name` AS `data_user->name`, `data_user`.`surname` AS `data_user->surname`, `data_user`.`email` AS `data_user->email`, `data_user`.`password` AS `data_user->password`, `data_user`.`role` AS `data_user->role`, `data_user`.`akey` AS `data_user->akey`, `data_user`.`date_of_birth` AS `data_user->date_of_birth`, `data_user`.`lastbeen_at` AS `data_user->lastbeen_at`, `data_user`.`created_at` AS `data_user->created_at`, `data_user`.`status` AS `data_user->status`, `data_city`.`id` AS `data_city->id`, `data_city`.`title` AS `data_city->title`, `data_city`.`weight` AS `data_city->weight`, `data_city`.`status` AS `data_city->status` FROM `project`  INNER JOIN `data_user` ON `project`.`user_id` = `data_user`.`id` INNER JOIN `data_city` ON `project`.`city_id` = `data_city`.`id` WHERE 1 ORDER BY created_at DESC
[14.06.2013 22:56:05] SHOW COLUMNS FROM `sys_settings`
[14.06.2013 22:56:05] SELECT * FROM `sys_settings`  WHERE name='Project.Limit'
[14.06.2013 22:56:05] SELECT project.*, `data_user`.`id` AS `data_user->id`, `data_user`.`image` AS `data_user->image`, `data_user`.`name` AS `data_user->name`, `data_user`.`surname` AS `data_user->surname`, `data_user`.`email` AS `data_user->email`, `data_user`.`password` AS `data_user->password`, `data_user`.`role` AS `data_user->role`, `data_user`.`akey` AS `data_user->akey`, `data_user`.`date_of_birth` AS `data_user->date_of_birth`, `data_user`.`lastbeen_at` AS `data_user->lastbeen_at`, `data_user`.`created_at` AS `data_user->created_at`, `data_user`.`status` AS `data_user->status`, `data_city`.`id` AS `data_city->id`, `data_city`.`title` AS `data_city->title`, `data_city`.`weight` AS `data_city->weight`, `data_city`.`status` AS `data_city->status` FROM `project`  INNER JOIN `data_user` ON `project`.`user_id` = `data_user`.`id` INNER JOIN `data_city` ON `project`.`city_id` = `data_city`.`id` WHERE 1 ORDER BY created_at DESC LIMIT 10
[14.06.2013 22:56:05] SHOW COLUMNS FROM `project_category`
[14.06.2013 22:56:05] SELECT * FROM `project_category`  WHERE 1
[14.06.2013 22:56:05] SHOW COLUMNS FROM `sys_languages`
[14.06.2013 22:56:05] SELECT value FROM `sys_languages`  WHERE value='Популярные'
[14.06.2013 22:56:05] INSERT INTO `sys_languages` (`id`, `value`, `group`) VALUES (NULL, 'Популярные', 'Прочие')
[14.06.2013 22:56:05] SELECT value FROM `sys_languages`  WHERE value='Недавно начатые'
[14.06.2013 22:56:05] INSERT INTO `sys_languages` (`id`, `value`, `group`) VALUES (NULL, 'Недавно начатые', 'Прочие')
[14.06.2013 22:56:05] SELECT value FROM `sys_languages`  WHERE value='Заканчивающиеся'
[14.06.2013 22:56:05] INSERT INTO `sys_languages` (`id`, `value`, `group`) VALUES (NULL, 'Заканчивающиеся', 'Прочие')
[14.06.2013 22:56:05] SELECT value FROM `sys_languages`  WHERE value='Малые проекты'
[14.06.2013 22:56:05] INSERT INTO `sys_languages` (`id`, `value`, `group`) VALUES (NULL, 'Малые проекты', 'Прочие')
[14.06.2013 22:56:05] SELECT value FROM `sys_languages`  WHERE value='Почти собрали'
[14.06.2013 22:56:05] INSERT INTO `sys_languages` (`id`, `value`, `group`) VALUES (NULL, 'Почти собрали', 'Прочие')
[14.06.2013 22:56:05] SELECT * FROM `sys_settings`  WHERE name='Copyright'
[14.06.2013 22:58:57] SHOW TABLES
[14.06.2013 22:58:57] SHOW COLUMNS FROM `project`
[14.06.2013 22:58:57] SHOW COLUMNS FROM `data_user`
[14.06.2013 22:58:57] SHOW COLUMNS FROM `data_city`
[14.06.2013 22:58:57] SELECT project.*, `data_user`.`id` AS `data_user->id`, `data_user`.`image` AS `data_user->image`, `data_user`.`name` AS `data_user->name`, `data_user`.`surname` AS `data_user->surname`, `data_user`.`email` AS `data_user->email`, `data_user`.`password` AS `data_user->password`, `data_user`.`role` AS `data_user->role`, `data_user`.`akey` AS `data_user->akey`, `data_user`.`date_of_birth` AS `data_user->date_of_birth`, `data_user`.`lastbeen_at` AS `data_user->lastbeen_at`, `data_user`.`created_at` AS `data_user->created_at`, `data_user`.`status` AS `data_user->status`, `data_city`.`id` AS `data_city->id`, `data_city`.`title` AS `data_city->title`, `data_city`.`weight` AS `data_city->weight`, `data_city`.`status` AS `data_city->status` FROM `project`  INNER JOIN `data_user` ON `project`.`user_id` = `data_user`.`id` INNER JOIN `data_city` ON `project`.`city_id` = `data_city`.`id` WHERE 1 ORDER BY created_at DESC
[14.06.2013 22:58:57] SHOW COLUMNS FROM `sys_settings`
[14.06.2013 22:58:57] SELECT * FROM `sys_settings`  WHERE name='Project.Limit'
[14.06.2013 22:58:57] SELECT project.*, `data_user`.`id` AS `data_user->id`, `data_user`.`image` AS `data_user->image`, `data_user`.`name` AS `data_user->name`, `data_user`.`surname` AS `data_user->surname`, `data_user`.`email` AS `data_user->email`, `data_user`.`password` AS `data_user->password`, `data_user`.`role` AS `data_user->role`, `data_user`.`akey` AS `data_user->akey`, `data_user`.`date_of_birth` AS `data_user->date_of_birth`, `data_user`.`lastbeen_at` AS `data_user->lastbeen_at`, `data_user`.`created_at` AS `data_user->created_at`, `data_user`.`status` AS `data_user->status`, `data_city`.`id` AS `data_city->id`, `data_city`.`title` AS `data_city->title`, `data_city`.`weight` AS `data_city->weight`, `data_city`.`status` AS `data_city->status` FROM `project`  INNER JOIN `data_user` ON `project`.`user_id` = `data_user`.`id` INNER JOIN `data_city` ON `project`.`city_id` = `data_city`.`id` WHERE 1 ORDER BY created_at DESC LIMIT 10
[14.06.2013 22:58:57] SHOW COLUMNS FROM `project_category`
[14.06.2013 22:58:57] SELECT * FROM `project_category`  WHERE 1
[14.06.2013 22:58:57] SHOW COLUMNS FROM `sys_languages`
[14.06.2013 22:58:57] SELECT value FROM `sys_languages`  WHERE value='Популярные'
[14.06.2013 22:58:57] SELECT value FROM `sys_languages`  WHERE value='Недавно начатые'
[14.06.2013 22:58:57] SELECT value FROM `sys_languages`  WHERE value='Заканчивающиеся'
[14.06.2013 22:58:57] SELECT value FROM `sys_languages`  WHERE value='Малые проекты'
[14.06.2013 22:58:57] SELECT value FROM `sys_languages`  WHERE value='Почти собрали'
[14.06.2013 22:58:57] SELECT * FROM `sys_settings`  WHERE name='Copyright'
[14.06.2013 22:59:50] SHOW TABLES
[14.06.2013 22:59:50] SHOW COLUMNS FROM `project`
[14.06.2013 22:59:50] SHOW COLUMNS FROM `data_user`
[14.06.2013 22:59:50] SHOW COLUMNS FROM `data_city`
[14.06.2013 22:59:50] SELECT project.*, `data_user`.`id` AS `data_user->id`, `data_user`.`image` AS `data_user->image`, `data_user`.`name` AS `data_user->name`, `data_user`.`surname` AS `data_user->surname`, `data_user`.`email` AS `data_user->email`, `data_user`.`password` AS `data_user->password`, `data_user`.`role` AS `data_user->role`, `data_user`.`akey` AS `data_user->akey`, `data_user`.`date_of_birth` AS `data_user->date_of_birth`, `data_user`.`lastbeen_at` AS `data_user->lastbeen_at`, `data_user`.`created_at` AS `data_user->created_at`, `data_user`.`status` AS `data_user->status`, `data_city`.`id` AS `data_city->id`, `data_city`.`title` AS `data_city->title`, `data_city`.`weight` AS `data_city->weight`, `data_city`.`status` AS `data_city->status` FROM `project`  INNER JOIN `data_user` ON `project`.`user_id` = `data_user`.`id` INNER JOIN `data_city` ON `project`.`city_id` = `data_city`.`id` WHERE 1 ORDER BY created_at DESC
[14.06.2013 22:59:50] SHOW COLUMNS FROM `sys_settings`
[14.06.2013 22:59:50] SELECT * FROM `sys_settings`  WHERE name='Project.Limit'
[14.06.2013 22:59:50] SELECT project.*, `data_user`.`id` AS `data_user->id`, `data_user`.`image` AS `data_user->image`, `data_user`.`name` AS `data_user->name`, `data_user`.`surname` AS `data_user->surname`, `data_user`.`email` AS `data_user->email`, `data_user`.`password` AS `data_user->password`, `data_user`.`role` AS `data_user->role`, `data_user`.`akey` AS `data_user->akey`, `data_user`.`date_of_birth` AS `data_user->date_of_birth`, `data_user`.`lastbeen_at` AS `data_user->lastbeen_at`, `data_user`.`created_at` AS `data_user->created_at`, `data_user`.`status` AS `data_user->status`, `data_city`.`id` AS `data_city->id`, `data_city`.`title` AS `data_city->title`, `data_city`.`weight` AS `data_city->weight`, `data_city`.`status` AS `data_city->status` FROM `project`  INNER JOIN `data_user` ON `project`.`user_id` = `data_user`.`id` INNER JOIN `data_city` ON `project`.`city_id` = `data_city`.`id` WHERE 1 ORDER BY created_at DESC LIMIT 10
[14.06.2013 22:59:50] SHOW COLUMNS FROM `project_category`
[14.06.2013 22:59:50] SELECT * FROM `project_category`  WHERE 1
[14.06.2013 22:59:50] SHOW COLUMNS FROM `sys_languages`
[14.06.2013 22:59:50] SELECT value FROM `sys_languages`  WHERE value='Популярные'
[14.06.2013 22:59:50] SELECT value FROM `sys_languages`  WHERE value='Недавно начатые'
[14.06.2013 22:59:50] SELECT value FROM `sys_languages`  WHERE value='Заканчивающиеся'
[14.06.2013 22:59:50] SELECT value FROM `sys_languages`  WHERE value='Малые проекты'
[14.06.2013 22:59:50] SELECT value FROM `sys_languages`  WHERE value='Почти собрали'
[14.06.2013 22:59:50] SELECT * FROM `sys_settings`  WHERE name='Copyright'
[14.06.2013 23:08:04] SHOW TABLES
[14.06.2013 23:08:04] SHOW COLUMNS FROM `project`
[14.06.2013 23:08:04] SHOW COLUMNS FROM `project_category`
[14.06.2013 23:08:04] SELECT project_category.* FROM `project_category`  WHERE `name` = 'iskusstvo'
[14.06.2013 23:08:13] SHOW TABLES
[14.06.2013 23:08:13] SHOW COLUMNS FROM `project`
[14.06.2013 23:08:13] SHOW COLUMNS FROM `project_category`
[14.06.2013 23:08:13] SELECT project_category.* FROM `project_category`  WHERE `name` = 'iskusstvo'
[14.06.2013 23:08:13] SHOW COLUMNS FROM `data_user`
[14.06.2013 23:08:13] SHOW COLUMNS FROM `data_city`
[14.06.2013 23:08:13] SELECT project.*, `data_user`.`id` AS `data_user->id`, `data_user`.`image` AS `data_user->image`, `data_user`.`name` AS `data_user->name`, `data_user`.`surname` AS `data_user->surname`, `data_user`.`email` AS `data_user->email`, `data_user`.`password` AS `data_user->password`, `data_user`.`role` AS `data_user->role`, `data_user`.`akey` AS `data_user->akey`, `data_user`.`date_of_birth` AS `data_user->date_of_birth`, `data_user`.`lastbeen_at` AS `data_user->lastbeen_at`, `data_user`.`created_at` AS `data_user->created_at`, `data_user`.`status` AS `data_user->status`, `data_city`.`id` AS `data_city->id`, `data_city`.`title` AS `data_city->title`, `data_city`.`weight` AS `data_city->weight`, `data_city`.`status` AS `data_city->status` FROM `project`  INNER JOIN `data_user` ON `project`.`user_id` = `data_user`.`id` INNER JOIN `data_city` ON `project`.`city_id` = `data_city`.`id` WHERE `category_id` = '1' ORDER BY created_at DESC
[14.06.2013 23:08:13] SHOW COLUMNS FROM `sys_settings`
[14.06.2013 23:08:13] SELECT * FROM `sys_settings`  WHERE name='Project.Limit'
[14.06.2013 23:08:13] SELECT project.*, `data_user`.`id` AS `data_user->id`, `data_user`.`image` AS `data_user->image`, `data_user`.`name` AS `data_user->name`, `data_user`.`surname` AS `data_user->surname`, `data_user`.`email` AS `data_user->email`, `data_user`.`password` AS `data_user->password`, `data_user`.`role` AS `data_user->role`, `data_user`.`akey` AS `data_user->akey`, `data_user`.`date_of_birth` AS `data_user->date_of_birth`, `data_user`.`lastbeen_at` AS `data_user->lastbeen_at`, `data_user`.`created_at` AS `data_user->created_at`, `data_user`.`status` AS `data_user->status`, `data_city`.`id` AS `data_city->id`, `data_city`.`title` AS `data_city->title`, `data_city`.`weight` AS `data_city->weight`, `data_city`.`status` AS `data_city->status` FROM `project`  INNER JOIN `data_user` ON `project`.`user_id` = `data_user`.`id` INNER JOIN `data_city` ON `project`.`city_id` = `data_city`.`id` WHERE `category_id` = '1' ORDER BY created_at DESC LIMIT 10
[14.06.2013 23:08:13] SELECT * FROM `project_category`  WHERE 1
[14.06.2013 23:08:13] SHOW COLUMNS FROM `sys_languages`
[14.06.2013 23:08:13] SELECT value FROM `sys_languages`  WHERE value='Популярные'
[14.06.2013 23:08:13] SELECT value FROM `sys_languages`  WHERE value='Недавно начатые'
[14.06.2013 23:08:13] SELECT value FROM `sys_languages`  WHERE value='Заканчивающиеся'
[14.06.2013 23:08:13] SELECT value FROM `sys_languages`  WHERE value='Малые проекты'
[14.06.2013 23:08:13] SELECT value FROM `sys_languages`  WHERE value='Почти собрали'
[14.06.2013 23:08:13] SELECT * FROM `sys_settings`  WHERE name='Copyright'
[14.06.2013 23:20:44] SHOW TABLES
[14.06.2013 23:20:44] SHOW COLUMNS FROM `project`
[14.06.2013 23:20:44] SHOW COLUMNS FROM `project_category`
[14.06.2013 23:20:44] SELECT project_category.* FROM `project_category`  WHERE `name` = 'iskusstvo'
[14.06.2013 23:20:44] SHOW COLUMNS FROM `data_user`
[14.06.2013 23:20:44] SHOW COLUMNS FROM `data_city`
[14.06.2013 23:20:44] SELECT project.*, `data_user`.`id` AS `data_user->id`, `data_user`.`image` AS `data_user->image`, `data_user`.`name` AS `data_user->name`, `data_user`.`surname` AS `data_user->surname`, `data_user`.`email` AS `data_user->email`, `data_user`.`password` AS `data_user->password`, `data_user`.`role` AS `data_user->role`, `data_user`.`akey` AS `data_user->akey`, `data_user`.`date_of_birth` AS `data_user->date_of_birth`, `data_user`.`lastbeen_at` AS `data_user->lastbeen_at`, `data_user`.`created_at` AS `data_user->created_at`, `data_user`.`status` AS `data_user->status`, `data_city`.`id` AS `data_city->id`, `data_city`.`title` AS `data_city->title`, `data_city`.`weight` AS `data_city->weight`, `data_city`.`status` AS `data_city->status` FROM `project`  INNER JOIN `data_user` ON `project`.`user_id` = `data_user`.`id` INNER JOIN `data_city` ON `project`.`city_id` = `data_city`.`id` WHERE `category_id` = '1' ORDER BY created_at DESC
[14.06.2013 23:20:44] SHOW COLUMNS FROM `sys_settings`
[14.06.2013 23:20:44] SELECT * FROM `sys_settings`  WHERE name='Project.Limit'
[14.06.2013 23:20:44] SELECT project.*, `data_user`.`id` AS `data_user->id`, `data_user`.`image` AS `data_user->image`, `data_user`.`name` AS `data_user->name`, `data_user`.`surname` AS `data_user->surname`, `data_user`.`email` AS `data_user->email`, `data_user`.`password` AS `data_user->password`, `data_user`.`role` AS `data_user->role`, `data_user`.`akey` AS `data_user->akey`, `data_user`.`date_of_birth` AS `data_user->date_of_birth`, `data_user`.`lastbeen_at` AS `data_user->lastbeen_at`, `data_user`.`created_at` AS `data_user->created_at`, `data_user`.`status` AS `data_user->status`, `data_city`.`id` AS `data_city->id`, `data_city`.`title` AS `data_city->title`, `data_city`.`weight` AS `data_city->weight`, `data_city`.`status` AS `data_city->status` FROM `project`  INNER JOIN `data_user` ON `project`.`user_id` = `data_user`.`id` INNER JOIN `data_city` ON `project`.`city_id` = `data_city`.`id` WHERE `category_id` = '1' ORDER BY created_at DESC LIMIT 10
[14.06.2013 23:20:44] SELECT * FROM `project_category`  WHERE 1
[14.06.2013 23:20:44] SHOW COLUMNS FROM `sys_languages`
[14.06.2013 23:20:45] SELECT value FROM `sys_languages`  WHERE value='Популярные'
[14.06.2013 23:20:45] SELECT value FROM `sys_languages`  WHERE value='Недавно начатые'
[14.06.2013 23:20:45] SELECT value FROM `sys_languages`  WHERE value='Заканчивающиеся'
[14.06.2013 23:20:45] SELECT value FROM `sys_languages`  WHERE value='Малые проекты'
[14.06.2013 23:20:45] SELECT value FROM `sys_languages`  WHERE value='Почти собрали'
[14.06.2013 23:20:45] SELECT * FROM `sys_settings`  WHERE name='Copyright'
[14.06.2013 23:22:10] SHOW TABLES
[14.06.2013 23:22:10] SHOW COLUMNS FROM `project`
[14.06.2013 23:22:10] SHOW COLUMNS FROM `project_category`
[14.06.2013 23:22:10] SELECT project_category.* FROM `project_category`  WHERE `name` = 'muzyka'
[14.06.2013 23:22:10] SHOW COLUMNS FROM `data_user`
[14.06.2013 23:22:10] SHOW COLUMNS FROM `data_city`
[14.06.2013 23:22:10] SELECT project.*, `data_user`.`id` AS `data_user->id`, `data_user`.`image` AS `data_user->image`, `data_user`.`name` AS `data_user->name`, `data_user`.`surname` AS `data_user->surname`, `data_user`.`email` AS `data_user->email`, `data_user`.`password` AS `data_user->password`, `data_user`.`role` AS `data_user->role`, `data_user`.`akey` AS `data_user->akey`, `data_user`.`date_of_birth` AS `data_user->date_of_birth`, `data_user`.`lastbeen_at` AS `data_user->lastbeen_at`, `data_user`.`created_at` AS `data_user->created_at`, `data_user`.`status` AS `data_user->status`, `data_city`.`id` AS `data_city->id`, `data_city`.`title` AS `data_city->title`, `data_city`.`weight` AS `data_city->weight`, `data_city`.`status` AS `data_city->status` FROM `project`  INNER JOIN `data_user` ON `project`.`user_id` = `data_user`.`id` INNER JOIN `data_city` ON `project`.`city_id` = `data_city`.`id` WHERE `category_id` = '2' ORDER BY created_at DESC
[14.06.2013 23:22:10] SHOW COLUMNS FROM `sys_settings`
[14.06.2013 23:22:10] SELECT * FROM `sys_settings`  WHERE name='Project.Limit'
[14.06.2013 23:22:10] SELECT project.*, `data_user`.`id` AS `data_user->id`, `data_user`.`image` AS `data_user->image`, `data_user`.`name` AS `data_user->name`, `data_user`.`surname` AS `data_user->surname`, `data_user`.`email` AS `data_user->email`, `data_user`.`password` AS `data_user->password`, `data_user`.`role` AS `data_user->role`, `data_user`.`akey` AS `data_user->akey`, `data_user`.`date_of_birth` AS `data_user->date_of_birth`, `data_user`.`lastbeen_at` AS `data_user->lastbeen_at`, `data_user`.`created_at` AS `data_user->created_at`, `data_user`.`status` AS `data_user->status`, `data_city`.`id` AS `data_city->id`, `data_city`.`title` AS `data_city->title`, `data_city`.`weight` AS `data_city->weight`, `data_city`.`status` AS `data_city->status` FROM `project`  INNER JOIN `data_user` ON `project`.`user_id` = `data_user`.`id` INNER JOIN `data_city` ON `project`.`city_id` = `data_city`.`id` WHERE `category_id` = '2' ORDER BY created_at DESC LIMIT 10
[14.06.2013 23:22:10] SELECT * FROM `project_category`  WHERE 1
[14.06.2013 23:22:10] SHOW COLUMNS FROM `sys_languages`
[14.06.2013 23:22:10] SELECT value FROM `sys_languages`  WHERE value='Популярные'
[14.06.2013 23:22:10] SELECT value FROM `sys_languages`  WHERE value='Недавно начатые'
[14.06.2013 23:22:10] SELECT value FROM `sys_languages`  WHERE value='Заканчивающиеся'
[14.06.2013 23:22:10] SELECT value FROM `sys_languages`  WHERE value='Малые проекты'
[14.06.2013 23:22:10] SELECT value FROM `sys_languages`  WHERE value='Почти собрали'
[14.06.2013 23:22:10] SELECT * FROM `sys_settings`  WHERE name='Copyright'
[14.06.2013 23:22:44] SHOW TABLES
[14.06.2013 23:22:44] SHOW COLUMNS FROM `project`
[14.06.2013 23:22:44] SHOW COLUMNS FROM `project_category`
[14.06.2013 23:22:44] SELECT project_category.* FROM `project_category`  WHERE `name` = 'muzyka'
[14.06.2013 23:22:44] SHOW COLUMNS FROM `data_user`
[14.06.2013 23:22:44] SHOW COLUMNS FROM `data_city`
[14.06.2013 23:22:44] SELECT project.*, `data_user`.`id` AS `data_user->id`, `data_user`.`image` AS `data_user->image`, `data_user`.`name` AS `data_user->name`, `data_user`.`surname` AS `data_user->surname`, `data_user`.`email` AS `data_user->email`, `data_user`.`password` AS `data_user->password`, `data_user`.`role` AS `data_user->role`, `data_user`.`akey` AS `data_user->akey`, `data_user`.`date_of_birth` AS `data_user->date_of_birth`, `data_user`.`lastbeen_at` AS `data_user->lastbeen_at`, `data_user`.`created_at` AS `data_user->created_at`, `data_user`.`status` AS `data_user->status`, `data_city`.`id` AS `data_city->id`, `data_city`.`title` AS `data_city->title`, `data_city`.`weight` AS `data_city->weight`, `data_city`.`status` AS `data_city->status` FROM `project`  INNER JOIN `data_user` ON `project`.`user_id` = `data_user`.`id` INNER JOIN `data_city` ON `project`.`city_id` = `data_city`.`id` WHERE `category_id` = '2' ORDER BY created_at DESC
[14.06.2013 23:22:44] SHOW COLUMNS FROM `sys_settings`
[14.06.2013 23:22:44] SELECT * FROM `sys_settings`  WHERE name='Project.Limit'
[14.06.2013 23:22:44] SELECT project.*, `data_user`.`id` AS `data_user->id`, `data_user`.`image` AS `data_user->image`, `data_user`.`name` AS `data_user->name`, `data_user`.`surname` AS `data_user->surname`, `data_user`.`email` AS `data_user->email`, `data_user`.`password` AS `data_user->password`, `data_user`.`role` AS `data_user->role`, `data_user`.`akey` AS `data_user->akey`, `data_user`.`date_of_birth` AS `data_user->date_of_birth`, `data_user`.`lastbeen_at` AS `data_user->lastbeen_at`, `data_user`.`created_at` AS `data_user->created_at`, `data_user`.`status` AS `data_user->status`, `data_city`.`id` AS `data_city->id`, `data_city`.`title` AS `data_city->title`, `data_city`.`weight` AS `data_city->weight`, `data_city`.`status` AS `data_city->status` FROM `project`  INNER JOIN `data_user` ON `project`.`user_id` = `data_user`.`id` INNER JOIN `data_city` ON `project`.`city_id` = `data_city`.`id` WHERE `category_id` = '2' ORDER BY created_at DESC LIMIT 10
[14.06.2013 23:22:44] SELECT * FROM `project_category`  WHERE 1
[14.06.2013 23:22:44] SHOW COLUMNS FROM `sys_languages`
[14.06.2013 23:22:44] SELECT value FROM `sys_languages`  WHERE value='Популярные'
[14.06.2013 23:22:44] SELECT value FROM `sys_languages`  WHERE value='Недавно начатые'
[14.06.2013 23:22:44] SELECT value FROM `sys_languages`  WHERE value='Заканчивающиеся'
[14.06.2013 23:22:44] SELECT value FROM `sys_languages`  WHERE value='Малые проекты'
[14.06.2013 23:22:44] SELECT value FROM `sys_languages`  WHERE value='Почти собрали'
[14.06.2013 23:22:44] SELECT * FROM `sys_settings`  WHERE name='Copyright'
[14.06.2013 23:23:04] SHOW TABLES
[14.06.2013 23:23:04] SHOW COLUMNS FROM `project`
[14.06.2013 23:23:04] SHOW COLUMNS FROM `project_category`
[14.06.2013 23:23:04] SELECT project_category.* FROM `project_category`  WHERE `name` = 'muzyka'
[14.06.2013 23:23:04] SHOW COLUMNS FROM `data_user`
[14.06.2013 23:23:04] SHOW COLUMNS FROM `data_city`
[14.06.2013 23:23:04] SELECT project.*, `data_user`.`id` AS `data_user->id`, `data_user`.`image` AS `data_user->image`, `data_user`.`name` AS `data_user->name`, `data_user`.`surname` AS `data_user->surname`, `data_user`.`email` AS `data_user->email`, `data_user`.`password` AS `data_user->password`, `data_user`.`role` AS `data_user->role`, `data_user`.`akey` AS `data_user->akey`, `data_user`.`date_of_birth` AS `data_user->date_of_birth`, `data_user`.`lastbeen_at` AS `data_user->lastbeen_at`, `data_user`.`created_at` AS `data_user->created_at`, `data_user`.`status` AS `data_user->status`, `data_city`.`id` AS `data_city->id`, `data_city`.`title` AS `data_city->title`, `data_city`.`weight` AS `data_city->weight`, `data_city`.`status` AS `data_city->status` FROM `project`  INNER JOIN `data_user` ON `project`.`user_id` = `data_user`.`id` INNER JOIN `data_city` ON `project`.`city_id` = `data_city`.`id` WHERE `category_id` = '2' ORDER BY created_at DESC
[14.06.2013 23:23:04] SHOW COLUMNS FROM `sys_settings`
[14.06.2013 23:23:04] SELECT * FROM `sys_settings`  WHERE name='Project.Limit'
[14.06.2013 23:23:04] SELECT project.*, `data_user`.`id` AS `data_user->id`, `data_user`.`image` AS `data_user->image`, `data_user`.`name` AS `data_user->name`, `data_user`.`surname` AS `data_user->surname`, `data_user`.`email` AS `data_user->email`, `data_user`.`password` AS `data_user->password`, `data_user`.`role` AS `data_user->role`, `data_user`.`akey` AS `data_user->akey`, `data_user`.`date_of_birth` AS `data_user->date_of_birth`, `data_user`.`lastbeen_at` AS `data_user->lastbeen_at`, `data_user`.`created_at` AS `data_user->created_at`, `data_user`.`status` AS `data_user->status`, `data_city`.`id` AS `data_city->id`, `data_city`.`title` AS `data_city->title`, `data_city`.`weight` AS `data_city->weight`, `data_city`.`status` AS `data_city->status` FROM `project`  INNER JOIN `data_user` ON `project`.`user_id` = `data_user`.`id` INNER JOIN `data_city` ON `project`.`city_id` = `data_city`.`id` WHERE `category_id` = '2' ORDER BY created_at DESC LIMIT 10
[14.06.2013 23:23:04] SELECT * FROM `project_category`  WHERE 1
[14.06.2013 23:23:04] SHOW COLUMNS FROM `sys_languages`
[14.06.2013 23:23:04] SELECT value FROM `sys_languages`  WHERE value='Популярные'
[14.06.2013 23:23:04] SELECT value FROM `sys_languages`  WHERE value='Недавно начатые'
[14.06.2013 23:23:04] SELECT value FROM `sys_languages`  WHERE value='Заканчивающиеся'
[14.06.2013 23:23:04] SELECT value FROM `sys_languages`  WHERE value='Малые проекты'
[14.06.2013 23:23:04] SELECT value FROM `sys_languages`  WHERE value='Почти собрали'
[14.06.2013 23:23:04] SELECT * FROM `sys_settings`  WHERE name='Copyright'
[14.06.2013 23:23:19] SHOW TABLES
[14.06.2013 23:23:19] SHOW COLUMNS FROM `project`
[14.06.2013 23:23:19] SHOW COLUMNS FROM `project_category`
[14.06.2013 23:23:19] SELECT project_category.* FROM `project_category`  WHERE `name` = 'muzyka'
[14.06.2013 23:23:19] SHOW COLUMNS FROM `data_user`
[14.06.2013 23:23:19] SHOW COLUMNS FROM `data_city`
[14.06.2013 23:23:19] SELECT project.*, `data_user`.`id` AS `data_user->id`, `data_user`.`image` AS `data_user->image`, `data_user`.`name` AS `data_user->name`, `data_user`.`surname` AS `data_user->surname`, `data_user`.`email` AS `data_user->email`, `data_user`.`password` AS `data_user->password`, `data_user`.`role` AS `data_user->role`, `data_user`.`akey` AS `data_user->akey`, `data_user`.`date_of_birth` AS `data_user->date_of_birth`, `data_user`.`lastbeen_at` AS `data_user->lastbeen_at`, `data_user`.`created_at` AS `data_user->created_at`, `data_user`.`status` AS `data_user->status`, `data_city`.`id` AS `data_city->id`, `data_city`.`title` AS `data_city->title`, `data_city`.`weight` AS `data_city->weight`, `data_city`.`status` AS `data_city->status` FROM `project`  INNER JOIN `data_user` ON `project`.`user_id` = `data_user`.`id` INNER JOIN `data_city` ON `project`.`city_id` = `data_city`.`id` WHERE `category_id` = '2' ORDER BY created_at DESC
[14.06.2013 23:23:19] SHOW COLUMNS FROM `sys_settings`
[14.06.2013 23:23:19] SELECT * FROM `sys_settings`  WHERE name='Project.Limit'
[14.06.2013 23:23:19] SELECT project.*, `data_user`.`id` AS `data_user->id`, `data_user`.`image` AS `data_user->image`, `data_user`.`name` AS `data_user->name`, `data_user`.`surname` AS `data_user->surname`, `data_user`.`email` AS `data_user->email`, `data_user`.`password` AS `data_user->password`, `data_user`.`role` AS `data_user->role`, `data_user`.`akey` AS `data_user->akey`, `data_user`.`date_of_birth` AS `data_user->date_of_birth`, `data_user`.`lastbeen_at` AS `data_user->lastbeen_at`, `data_user`.`created_at` AS `data_user->created_at`, `data_user`.`status` AS `data_user->status`, `data_city`.`id` AS `data_city->id`, `data_city`.`title` AS `data_city->title`, `data_city`.`weight` AS `data_city->weight`, `data_city`.`status` AS `data_city->status` FROM `project`  INNER JOIN `data_user` ON `project`.`user_id` = `data_user`.`id` INNER JOIN `data_city` ON `project`.`city_id` = `data_city`.`id` WHERE `category_id` = '2' ORDER BY created_at DESC LIMIT 10
[14.06.2013 23:23:19] SELECT * FROM `project_category`  WHERE 1
[14.06.2013 23:23:19] SHOW COLUMNS FROM `sys_languages`
[14.06.2013 23:23:19] SELECT value FROM `sys_languages`  WHERE value='Популярные'
[14.06.2013 23:23:19] SELECT value FROM `sys_languages`  WHERE value='Недавно начатые'
[14.06.2013 23:23:19] SELECT value FROM `sys_languages`  WHERE value='Заканчивающиеся'
[14.06.2013 23:23:19] SELECT value FROM `sys_languages`  WHERE value='Малые проекты'
[14.06.2013 23:23:19] SELECT value FROM `sys_languages`  WHERE value='Почти собрали'
[14.06.2013 23:23:19] SELECT * FROM `sys_settings`  WHERE name='Copyright'
[14.06.2013 23:24:35] SHOW TABLES
[14.06.2013 23:24:35] SHOW COLUMNS FROM `project`
[14.06.2013 23:24:35] SHOW COLUMNS FROM `project_category`
[14.06.2013 23:24:35] SELECT project_category.* FROM `project_category`  WHERE `name` = 'muzyka'
[14.06.2013 23:24:35] SHOW COLUMNS FROM `data_user`
[14.06.2013 23:24:35] SHOW COLUMNS FROM `data_city`
[14.06.2013 23:24:35] SELECT project.*, `data_user`.`id` AS `data_user->id`, `data_user`.`image` AS `data_user->image`, `data_user`.`name` AS `data_user->name`, `data_user`.`surname` AS `data_user->surname`, `data_user`.`email` AS `data_user->email`, `data_user`.`password` AS `data_user->password`, `data_user`.`role` AS `data_user->role`, `data_user`.`akey` AS `data_user->akey`, `data_user`.`date_of_birth` AS `data_user->date_of_birth`, `data_user`.`lastbeen_at` AS `data_user->lastbeen_at`, `data_user`.`created_at` AS `data_user->created_at`, `data_user`.`status` AS `data_user->status`, `data_city`.`id` AS `data_city->id`, `data_city`.`title` AS `data_city->title`, `data_city`.`weight` AS `data_city->weight`, `data_city`.`status` AS `data_city->status` FROM `project`  INNER JOIN `data_user` ON `project`.`user_id` = `data_user`.`id` INNER JOIN `data_city` ON `project`.`city_id` = `data_city`.`id` WHERE `category_id` = '2' ORDER BY created_at DESC
[14.06.2013 23:24:35] SHOW COLUMNS FROM `sys_settings`
[14.06.2013 23:24:35] SELECT * FROM `sys_settings`  WHERE name='Project.Limit'
[14.06.2013 23:24:35] SELECT project.*, `data_user`.`id` AS `data_user->id`, `data_user`.`image` AS `data_user->image`, `data_user`.`name` AS `data_user->name`, `data_user`.`surname` AS `data_user->surname`, `data_user`.`email` AS `data_user->email`, `data_user`.`password` AS `data_user->password`, `data_user`.`role` AS `data_user->role`, `data_user`.`akey` AS `data_user->akey`, `data_user`.`date_of_birth` AS `data_user->date_of_birth`, `data_user`.`lastbeen_at` AS `data_user->lastbeen_at`, `data_user`.`created_at` AS `data_user->created_at`, `data_user`.`status` AS `data_user->status`, `data_city`.`id` AS `data_city->id`, `data_city`.`title` AS `data_city->title`, `data_city`.`weight` AS `data_city->weight`, `data_city`.`status` AS `data_city->status` FROM `project`  INNER JOIN `data_user` ON `project`.`user_id` = `data_user`.`id` INNER JOIN `data_city` ON `project`.`city_id` = `data_city`.`id` WHERE `category_id` = '2' ORDER BY created_at DESC LIMIT 10
[14.06.2013 23:24:35] SELECT * FROM `project_category`  WHERE 1
[14.06.2013 23:24:35] SHOW COLUMNS FROM `sys_languages`
[14.06.2013 23:24:35] SELECT value FROM `sys_languages`  WHERE value='Популярные'
[14.06.2013 23:24:35] SELECT value FROM `sys_languages`  WHERE value='Недавно начатые'
[14.06.2013 23:24:35] SELECT value FROM `sys_languages`  WHERE value='Заканчивающиеся'
[14.06.2013 23:24:35] SELECT value FROM `sys_languages`  WHERE value='Малые проекты'
[14.06.2013 23:24:35] SELECT value FROM `sys_languages`  WHERE value='Почти собрали'
[14.06.2013 23:24:35] SELECT * FROM `sys_settings`  WHERE name='Copyright'
[14.06.2013 23:25:13] SHOW TABLES
[14.06.2013 23:25:13] SHOW COLUMNS FROM `project`
[14.06.2013 23:25:13] SHOW COLUMNS FROM `project_category`
[14.06.2013 23:25:13] SELECT project_category.* FROM `project_category`  WHERE `name` = 'iskusstvo'
[14.06.2013 23:25:13] SHOW COLUMNS FROM `data_user`
[14.06.2013 23:25:13] SHOW COLUMNS FROM `data_city`
[14.06.2013 23:25:13] SELECT project.*, `data_user`.`id` AS `data_user->id`, `data_user`.`image` AS `data_user->image`, `data_user`.`name` AS `data_user->name`, `data_user`.`surname` AS `data_user->surname`, `data_user`.`email` AS `data_user->email`, `data_user`.`password` AS `data_user->password`, `data_user`.`role` AS `data_user->role`, `data_user`.`akey` AS `data_user->akey`, `data_user`.`date_of_birth` AS `data_user->date_of_birth`, `data_user`.`lastbeen_at` AS `data_user->lastbeen_at`, `data_user`.`created_at` AS `data_user->created_at`, `data_user`.`status` AS `data_user->status`, `data_city`.`id` AS `data_city->id`, `data_city`.`title` AS `data_city->title`, `data_city`.`weight` AS `data_city->weight`, `data_city`.`status` AS `data_city->status` FROM `project`  INNER JOIN `data_user` ON `project`.`user_id` = `data_user`.`id` INNER JOIN `data_city` ON `project`.`city_id` = `data_city`.`id` WHERE `category_id` = '1' ORDER BY created_at DESC
[14.06.2013 23:25:13] SHOW COLUMNS FROM `sys_settings`
[14.06.2013 23:25:13] SELECT * FROM `sys_settings`  WHERE name='Project.Limit'
[14.06.2013 23:25:13] SELECT project.*, `data_user`.`id` AS `data_user->id`, `data_user`.`image` AS `data_user->image`, `data_user`.`name` AS `data_user->name`, `data_user`.`surname` AS `data_user->surname`, `data_user`.`email` AS `data_user->email`, `data_user`.`password` AS `data_user->password`, `data_user`.`role` AS `data_user->role`, `data_user`.`akey` AS `data_user->akey`, `data_user`.`date_of_birth` AS `data_user->date_of_birth`, `data_user`.`lastbeen_at` AS `data_user->lastbeen_at`, `data_user`.`created_at` AS `data_user->created_at`, `data_user`.`status` AS `data_user->status`, `data_city`.`id` AS `data_city->id`, `data_city`.`title` AS `data_city->title`, `data_city`.`weight` AS `data_city->weight`, `data_city`.`status` AS `data_city->status` FROM `project`  INNER JOIN `data_user` ON `project`.`user_id` = `data_user`.`id` INNER JOIN `data_city` ON `project`.`city_id` = `data_city`.`id` WHERE `category_id` = '1' ORDER BY created_at DESC LIMIT 10
[14.06.2013 23:25:13] SELECT * FROM `project_category`  WHERE 1
[14.06.2013 23:25:13] SHOW COLUMNS FROM `sys_languages`
[14.06.2013 23:25:13] SELECT value FROM `sys_languages`  WHERE value='Популярные'
[14.06.2013 23:25:13] SELECT value FROM `sys_languages`  WHERE value='Недавно начатые'
[14.06.2013 23:25:13] SELECT value FROM `sys_languages`  WHERE value='Заканчивающиеся'
[14.06.2013 23:25:13] SELECT value FROM `sys_languages`  WHERE value='Малые проекты'
[14.06.2013 23:25:13] SELECT value FROM `sys_languages`  WHERE value='Почти собрали'
[14.06.2013 23:25:13] SELECT * FROM `sys_settings`  WHERE name='Copyright'
[14.06.2013 23:25:18] SHOW TABLES
[14.06.2013 23:25:18] SHOW COLUMNS FROM `project`
[14.06.2013 23:25:18] SHOW COLUMNS FROM `project_category`
[14.06.2013 23:25:18] SELECT project_category.* FROM `project_category`  WHERE `name` = 'video'
[14.06.2013 23:25:18] SHOW COLUMNS FROM `data_user`
[14.06.2013 23:25:18] SHOW COLUMNS FROM `data_city`
[14.06.2013 23:25:18] SELECT project.*, `data_user`.`id` AS `data_user->id`, `data_user`.`image` AS `data_user->image`, `data_user`.`name` AS `data_user->name`, `data_user`.`surname` AS `data_user->surname`, `data_user`.`email` AS `data_user->email`, `data_user`.`password` AS `data_user->password`, `data_user`.`role` AS `data_user->role`, `data_user`.`akey` AS `data_user->akey`, `data_user`.`date_of_birth` AS `data_user->date_of_birth`, `data_user`.`lastbeen_at` AS `data_user->lastbeen_at`, `data_user`.`created_at` AS `data_user->created_at`, `data_user`.`status` AS `data_user->status`, `data_city`.`id` AS `data_city->id`, `data_city`.`title` AS `data_city->title`, `data_city`.`weight` AS `data_city->weight`, `data_city`.`status` AS `data_city->status` FROM `project`  INNER JOIN `data_user` ON `project`.`user_id` = `data_user`.`id` INNER JOIN `data_city` ON `project`.`city_id` = `data_city`.`id` WHERE `category_id` = '3' ORDER BY created_at DESC
[14.06.2013 23:25:18] SHOW COLUMNS FROM `sys_settings`
[14.06.2013 23:25:18] SELECT * FROM `sys_settings`  WHERE name='Project.Limit'
[14.06.2013 23:25:18] SELECT project.*, `data_user`.`id` AS `data_user->id`, `data_user`.`image` AS `data_user->image`, `data_user`.`name` AS `data_user->name`, `data_user`.`surname` AS `data_user->surname`, `data_user`.`email` AS `data_user->email`, `data_user`.`password` AS `data_user->password`, `data_user`.`role` AS `data_user->role`, `data_user`.`akey` AS `data_user->akey`, `data_user`.`date_of_birth` AS `data_user->date_of_birth`, `data_user`.`lastbeen_at` AS `data_user->lastbeen_at`, `data_user`.`created_at` AS `data_user->created_at`, `data_user`.`status` AS `data_user->status`, `data_city`.`id` AS `data_city->id`, `data_city`.`title` AS `data_city->title`, `data_city`.`weight` AS `data_city->weight`, `data_city`.`status` AS `data_city->status` FROM `project`  INNER JOIN `data_user` ON `project`.`user_id` = `data_user`.`id` INNER JOIN `data_city` ON `project`.`city_id` = `data_city`.`id` WHERE `category_id` = '3' ORDER BY created_at DESC LIMIT 10
[14.06.2013 23:25:18] SELECT * FROM `project_category`  WHERE 1
[14.06.2013 23:25:18] SHOW COLUMNS FROM `sys_languages`
[14.06.2013 23:25:18] SELECT value FROM `sys_languages`  WHERE value='Популярные'
[14.06.2013 23:25:18] SELECT value FROM `sys_languages`  WHERE value='Недавно начатые'
[14.06.2013 23:25:18] SELECT value FROM `sys_languages`  WHERE value='Заканчивающиеся'
[14.06.2013 23:25:18] SELECT value FROM `sys_languages`  WHERE value='Малые проекты'
[14.06.2013 23:25:18] SELECT value FROM `sys_languages`  WHERE value='Почти собрали'
[14.06.2013 23:25:18] SELECT * FROM `sys_settings`  WHERE name='Copyright'
[14.06.2013 23:25:20] SHOW TABLES
[14.06.2013 23:25:20] SHOW COLUMNS FROM `project`
[14.06.2013 23:25:20] SHOW COLUMNS FROM `project_category`
[14.06.2013 23:25:20] SELECT project_category.* FROM `project_category`  WHERE `name` = 'moda'
[14.06.2013 23:25:20] SHOW COLUMNS FROM `data_user`
[14.06.2013 23:25:20] SHOW COLUMNS FROM `data_city`
[14.06.2013 23:25:20] SELECT project.*, `data_user`.`id` AS `data_user->id`, `data_user`.`image` AS `data_user->image`, `data_user`.`name` AS `data_user->name`, `data_user`.`surname` AS `data_user->surname`, `data_user`.`email` AS `data_user->email`, `data_user`.`password` AS `data_user->password`, `data_user`.`role` AS `data_user->role`, `data_user`.`akey` AS `data_user->akey`, `data_user`.`date_of_birth` AS `data_user->date_of_birth`, `data_user`.`lastbeen_at` AS `data_user->lastbeen_at`, `data_user`.`created_at` AS `data_user->created_at`, `data_user`.`status` AS `data_user->status`, `data_city`.`id` AS `data_city->id`, `data_city`.`title` AS `data_city->title`, `data_city`.`weight` AS `data_city->weight`, `data_city`.`status` AS `data_city->status` FROM `project`  INNER JOIN `data_user` ON `project`.`user_id` = `data_user`.`id` INNER JOIN `data_city` ON `project`.`city_id` = `data_city`.`id` WHERE `category_id` = '4' ORDER BY created_at DESC
[14.06.2013 23:25:20] SHOW COLUMNS FROM `sys_settings`
[14.06.2013 23:25:20] SELECT * FROM `sys_settings`  WHERE name='Project.Limit'
[14.06.2013 23:25:20] SELECT project.*, `data_user`.`id` AS `data_user->id`, `data_user`.`image` AS `data_user->image`, `data_user`.`name` AS `data_user->name`, `data_user`.`surname` AS `data_user->surname`, `data_user`.`email` AS `data_user->email`, `data_user`.`password` AS `data_user->password`, `data_user`.`role` AS `data_user->role`, `data_user`.`akey` AS `data_user->akey`, `data_user`.`date_of_birth` AS `data_user->date_of_birth`, `data_user`.`lastbeen_at` AS `data_user->lastbeen_at`, `data_user`.`created_at` AS `data_user->created_at`, `data_user`.`status` AS `data_user->status`, `data_city`.`id` AS `data_city->id`, `data_city`.`title` AS `data_city->title`, `data_city`.`weight` AS `data_city->weight`, `data_city`.`status` AS `data_city->status` FROM `project`  INNER JOIN `data_user` ON `project`.`user_id` = `data_user`.`id` INNER JOIN `data_city` ON `project`.`city_id` = `data_city`.`id` WHERE `category_id` = '4' ORDER BY created_at DESC LIMIT 10
[14.06.2013 23:25:20] SELECT * FROM `project_category`  WHERE 1
[14.06.2013 23:25:20] SHOW COLUMNS FROM `sys_languages`
[14.06.2013 23:25:20] SELECT value FROM `sys_languages`  WHERE value='Популярные'
[14.06.2013 23:25:20] SELECT value FROM `sys_languages`  WHERE value='Недавно начатые'
[14.06.2013 23:25:20] SELECT value FROM `sys_languages`  WHERE value='Заканчивающиеся'
[14.06.2013 23:25:20] SELECT value FROM `sys_languages`  WHERE value='Малые проекты'
[14.06.2013 23:25:20] SELECT value FROM `sys_languages`  WHERE value='Почти собрали'
[14.06.2013 23:25:20] SELECT * FROM `sys_settings`  WHERE name='Copyright'
[14.06.2013 23:26:17] SHOW TABLES
[14.06.2013 23:26:17] SHOW COLUMNS FROM `project`
[14.06.2013 23:26:18] SHOW COLUMNS FROM `project_category`
[14.06.2013 23:26:18] SELECT project_category.* FROM `project_category`  WHERE `name` = 'iskusstvo'
[14.06.2013 23:26:18] SHOW COLUMNS FROM `data_user`
[14.06.2013 23:26:18] SHOW COLUMNS FROM `data_city`
[14.06.2013 23:26:18] SELECT project.*, `data_user`.`id` AS `data_user->id`, `data_user`.`image` AS `data_user->image`, `data_user`.`name` AS `data_user->name`, `data_user`.`surname` AS `data_user->surname`, `data_user`.`email` AS `data_user->email`, `data_user`.`password` AS `data_user->password`, `data_user`.`role` AS `data_user->role`, `data_user`.`akey` AS `data_user->akey`, `data_user`.`date_of_birth` AS `data_user->date_of_birth`, `data_user`.`lastbeen_at` AS `data_user->lastbeen_at`, `data_user`.`created_at` AS `data_user->created_at`, `data_user`.`status` AS `data_user->status`, `data_city`.`id` AS `data_city->id`, `data_city`.`title` AS `data_city->title`, `data_city`.`weight` AS `data_city->weight`, `data_city`.`status` AS `data_city->status` FROM `project`  INNER JOIN `data_user` ON `project`.`user_id` = `data_user`.`id` INNER JOIN `data_city` ON `project`.`city_id` = `data_city`.`id` WHERE `category_id` = '1' ORDER BY created_at DESC
[14.06.2013 23:26:18] SHOW COLUMNS FROM `sys_settings`
[14.06.2013 23:26:18] SELECT * FROM `sys_settings`  WHERE name='Project.Limit'
[14.06.2013 23:26:18] SELECT project.*, `data_user`.`id` AS `data_user->id`, `data_user`.`image` AS `data_user->image`, `data_user`.`name` AS `data_user->name`, `data_user`.`surname` AS `data_user->surname`, `data_user`.`email` AS `data_user->email`, `data_user`.`password` AS `data_user->password`, `data_user`.`role` AS `data_user->role`, `data_user`.`akey` AS `data_user->akey`, `data_user`.`date_of_birth` AS `data_user->date_of_birth`, `data_user`.`lastbeen_at` AS `data_user->lastbeen_at`, `data_user`.`created_at` AS `data_user->created_at`, `data_user`.`status` AS `data_user->status`, `data_city`.`id` AS `data_city->id`, `data_city`.`title` AS `data_city->title`, `data_city`.`weight` AS `data_city->weight`, `data_city`.`status` AS `data_city->status` FROM `project`  INNER JOIN `data_user` ON `project`.`user_id` = `data_user`.`id` INNER JOIN `data_city` ON `project`.`city_id` = `data_city`.`id` WHERE `category_id` = '1' ORDER BY created_at DESC LIMIT 10
[14.06.2013 23:26:18] SELECT * FROM `project_category`  WHERE 1
[14.06.2013 23:26:18] SHOW COLUMNS FROM `sys_languages`
[14.06.2013 23:26:18] SELECT value FROM `sys_languages`  WHERE value='Популярные'
[14.06.2013 23:26:18] SELECT value FROM `sys_languages`  WHERE value='Недавно начатые'
[14.06.2013 23:26:18] SELECT value FROM `sys_languages`  WHERE value='Заканчивающиеся'
[14.06.2013 23:26:18] SELECT value FROM `sys_languages`  WHERE value='Малые проекты'
[14.06.2013 23:26:18] SELECT value FROM `sys_languages`  WHERE value='Почти собрали'
[14.06.2013 23:26:18] SELECT * FROM `sys_settings`  WHERE name='Copyright'
[14.06.2013 23:26:19] SHOW TABLES
[14.06.2013 23:26:19] SHOW COLUMNS FROM `project`
[14.06.2013 23:26:19] SHOW COLUMNS FROM `data_user`
[14.06.2013 23:26:19] SHOW COLUMNS FROM `data_city`
[14.06.2013 23:26:19] SELECT project.*, `data_user`.`id` AS `data_user->id`, `data_user`.`image` AS `data_user->image`, `data_user`.`name` AS `data_user->name`, `data_user`.`surname` AS `data_user->surname`, `data_user`.`email` AS `data_user->email`, `data_user`.`password` AS `data_user->password`, `data_user`.`role` AS `data_user->role`, `data_user`.`akey` AS `data_user->akey`, `data_user`.`date_of_birth` AS `data_user->date_of_birth`, `data_user`.`lastbeen_at` AS `data_user->lastbeen_at`, `data_user`.`created_at` AS `data_user->created_at`, `data_user`.`status` AS `data_user->status`, `data_city`.`id` AS `data_city->id`, `data_city`.`title` AS `data_city->title`, `data_city`.`weight` AS `data_city->weight`, `data_city`.`status` AS `data_city->status` FROM `project`  INNER JOIN `data_user` ON `project`.`user_id` = `data_user`.`id` INNER JOIN `data_city` ON `project`.`city_id` = `data_city`.`id` WHERE 1 ORDER BY created_at DESC
[14.06.2013 23:26:19] SHOW COLUMNS FROM `sys_settings`
[14.06.2013 23:26:19] SELECT * FROM `sys_settings`  WHERE name='Project.Limit'
[14.06.2013 23:26:19] SELECT project.*, `data_user`.`id` AS `data_user->id`, `data_user`.`image` AS `data_user->image`, `data_user`.`name` AS `data_user->name`, `data_user`.`surname` AS `data_user->surname`, `data_user`.`email` AS `data_user->email`, `data_user`.`password` AS `data_user->password`, `data_user`.`role` AS `data_user->role`, `data_user`.`akey` AS `data_user->akey`, `data_user`.`date_of_birth` AS `data_user->date_of_birth`, `data_user`.`lastbeen_at` AS `data_user->lastbeen_at`, `data_user`.`created_at` AS `data_user->created_at`, `data_user`.`status` AS `data_user->status`, `data_city`.`id` AS `data_city->id`, `data_city`.`title` AS `data_city->title`, `data_city`.`weight` AS `data_city->weight`, `data_city`.`status` AS `data_city->status` FROM `project`  INNER JOIN `data_user` ON `project`.`user_id` = `data_user`.`id` INNER JOIN `data_city` ON `project`.`city_id` = `data_city`.`id` WHERE 1 ORDER BY created_at DESC LIMIT 10
[14.06.2013 23:26:19] SHOW COLUMNS FROM `project_category`
[14.06.2013 23:26:19] SELECT * FROM `project_category`  WHERE 1
[14.06.2013 23:26:19] SHOW COLUMNS FROM `sys_languages`
[14.06.2013 23:26:19] SELECT value FROM `sys_languages`  WHERE value='Популярные'
[14.06.2013 23:26:19] SELECT value FROM `sys_languages`  WHERE value='Недавно начатые'
[14.06.2013 23:26:19] SELECT value FROM `sys_languages`  WHERE value='Заканчивающиеся'
[14.06.2013 23:26:19] SELECT value FROM `sys_languages`  WHERE value='Малые проекты'
[14.06.2013 23:26:19] SELECT value FROM `sys_languages`  WHERE value='Почти собрали'
[14.06.2013 23:26:19] SELECT * FROM `sys_settings`  WHERE name='Copyright'
