[07.06.2013 00:03:47] SHOW TABLES
[07.06.2013 00:03:47] SHOW COLUMNS FROM `project`
[07.06.2013 00:03:47] ALTER TABLE `project` ADD `name` VARCHAR(32) CHARACTER SET 'utf8' COLLATE 'utf8_general_ci' NOT NULL   
[07.06.2013 00:03:47] SHOW COLUMNS FROM `data_user`
[07.06.2013 00:03:47] SHOW COLUMNS FROM `data_city`
[07.06.2013 00:03:47] SELECT project.*, `data_user`.`id` AS `data_user->id`, `data_user`.`image` AS `data_user->image`, `data_user`.`name` AS `data_user->name`, `data_user`.`surname` AS `data_user->surname`, `data_user`.`email` AS `data_user->email`, `data_user`.`password` AS `data_user->password`, `data_user`.`role` AS `data_user->role`, `data_user`.`akey` AS `data_user->akey`, `data_user`.`date_of_birth` AS `data_user->date_of_birth`, `data_user`.`lastbeen_at` AS `data_user->lastbeen_at`, `data_user`.`created_at` AS `data_user->created_at`, `data_user`.`status` AS `data_user->status`, `data_city`.`id` AS `data_city->id`, `data_city`.`title` AS `data_city->title`, `data_city`.`weight` AS `data_city->weight`, `data_city`.`status` AS `data_city->status` FROM `project`  INNER JOIN `data_user` ON `project`.`user_id` = `data_user`.`id` INNER JOIN `data_city` ON `project`.`city_id` = `data_city`.`id` WHERE `project`.`end_at` < 1371146627 ORDER BY end_at DESC LIMIT 10
[07.06.2013 00:03:47] ALTER TABLE `project` ADD `name` VARCHAR(32) CHARACTER SET 'utf8' COLLATE 'utf8_general_ci' NOT NULL   
[07.06.2013 00:03:49] SHOW TABLES
[07.06.2013 00:03:49] SHOW COLUMNS FROM `project`
[07.06.2013 00:03:50] ALTER TABLE `project` ADD UNIQUE (`name`) 
[07.06.2013 00:03:51] SHOW COLUMNS FROM `data_user`
[07.06.2013 00:03:51] SHOW COLUMNS FROM `data_city`
[07.06.2013 00:03:51] SELECT project.*, `data_user`.`id` AS `data_user->id`, `data_user`.`image` AS `data_user->image`, `data_user`.`name` AS `data_user->name`, `data_user`.`surname` AS `data_user->surname`, `data_user`.`email` AS `data_user->email`, `data_user`.`password` AS `data_user->password`, `data_user`.`role` AS `data_user->role`, `data_user`.`akey` AS `data_user->akey`, `data_user`.`date_of_birth` AS `data_user->date_of_birth`, `data_user`.`lastbeen_at` AS `data_user->lastbeen_at`, `data_user`.`created_at` AS `data_user->created_at`, `data_user`.`status` AS `data_user->status`, `data_city`.`id` AS `data_city->id`, `data_city`.`title` AS `data_city->title`, `data_city`.`weight` AS `data_city->weight`, `data_city`.`status` AS `data_city->status` FROM `project`  INNER JOIN `data_user` ON `project`.`user_id` = `data_user`.`id` INNER JOIN `data_city` ON `project`.`city_id` = `data_city`.`id` WHERE `project`.`end_at` < 1371146629 ORDER BY end_at DESC LIMIT 10
[07.06.2013 00:03:51] ALTER TABLE `project` ADD UNIQUE (`name`) 
[07.06.2013 00:03:51] SELECT project.*, `data_user`.`id` AS `data_user->id`, `data_user`.`image` AS `data_user->image`, `data_user`.`name` AS `data_user->name`, `data_user`.`surname` AS `data_user->surname`, `data_user`.`email` AS `data_user->email`, `data_user`.`password` AS `data_user->password`, `data_user`.`role` AS `data_user->role`, `data_user`.`akey` AS `data_user->akey`, `data_user`.`date_of_birth` AS `data_user->date_of_birth`, `data_user`.`lastbeen_at` AS `data_user->lastbeen_at`, `data_user`.`created_at` AS `data_user->created_at`, `data_user`.`status` AS `data_user->status`, `data_city`.`id` AS `data_city->id`, `data_city`.`title` AS `data_city->title`, `data_city`.`weight` AS `data_city->weight`, `data_city`.`status` AS `data_city->status` FROM `project`  INNER JOIN `data_user` ON `project`.`user_id` = `data_user`.`id` INNER JOIN `data_city` ON `project`.`city_id` = `data_city`.`id` WHERE `project`.`created_at` > 1369937031 ORDER BY created_at DESC LIMIT 10
[07.06.2013 00:03:51] ALTER TABLE `project` ADD UNIQUE (`name`) 
[07.06.2013 00:03:51] ALTER TABLE `project` ADD UNIQUE (`name`) 
[07.06.2013 00:03:51] SELECT project.*, `data_user`.`id` AS `data_user->id`, `data_user`.`image` AS `data_user->image`, `data_user`.`name` AS `data_user->name`, `data_user`.`surname` AS `data_user->surname`, `data_user`.`email` AS `data_user->email`, `data_user`.`password` AS `data_user->password`, `data_user`.`role` AS `data_user->role`, `data_user`.`akey` AS `data_user->akey`, `data_user`.`date_of_birth` AS `data_user->date_of_birth`, `data_user`.`lastbeen_at` AS `data_user->lastbeen_at`, `data_user`.`created_at` AS `data_user->created_at`, `data_user`.`status` AS `data_user->status`, `data_city`.`id` AS `data_city->id`, `data_city`.`title` AS `data_city->title`, `data_city`.`weight` AS `data_city->weight`, `data_city`.`status` AS `data_city->status` FROM `project`  INNER JOIN `data_user` ON `project`.`user_id` = `data_user`.`id` INNER JOIN `data_city` ON `project`.`city_id` = `data_city`.`id` WHERE 1 ORDER BY created_at DESC LIMIT 1
[07.06.2013 00:03:51] ALTER TABLE `project` ADD UNIQUE (`name`) 
[07.06.2013 00:03:51] SHOW COLUMNS FROM `sys_settings`
[07.06.2013 00:03:51] SELECT * FROM `sys_settings`  WHERE name='Copyright'
[07.06.2013 00:03:59] SHOW TABLES
[07.06.2013 00:03:59] SHOW COLUMNS FROM `project`
[07.06.2013 00:03:59] SELECT * FROM `project`  WHERE 1
[07.06.2013 00:03:59] SELECT project.* FROM `project`  WHERE 1 LIMIT 20
[07.06.2013 00:04:02] SHOW TABLES
[07.06.2013 00:04:02] SHOW COLUMNS FROM `project`
[07.06.2013 00:04:02] SELECT project.* FROM `project`  WHERE `id` = '1'
[07.06.2013 00:04:02] SHOW COLUMNS FROM `sys_languages`
[07.06.2013 00:04:02] SELECT value FROM `sys_languages`  WHERE value='Создатель'
[07.06.2013 00:04:02] SELECT value FROM `sys_languages`  WHERE value='Город'
[07.06.2013 00:04:02] SELECT value FROM `sys_languages`  WHERE value='Категория проекта'
[07.06.2013 00:04:02] SELECT value FROM `sys_languages`  WHERE value='Превью'
[07.06.2013 00:04:02] SELECT value FROM `sys_languages`  WHERE value='Название'
[07.06.2013 00:04:02] SELECT value FROM `sys_languages`  WHERE value='Описание проекта'
[07.06.2013 00:04:02] SELECT value FROM `sys_languages`  WHERE value='Краткое описание проекта'
[07.06.2013 00:04:02] SELECT value FROM `sys_languages`  WHERE value='Вложенная сумма'
[07.06.2013 00:04:02] SELECT value FROM `sys_languages`  WHERE value='Нужная сумма'
[07.06.2013 00:04:02] SELECT value FROM `sys_languages`  WHERE value='Дата создания'
[07.06.2013 00:04:02] SELECT value FROM `sys_languages`  WHERE value='Дата окончания'
[07.06.2013 00:04:02] SELECT value FROM `sys_languages`  WHERE value='Опубликован'
[07.06.2013 00:04:02] SHOW COLUMNS FROM `data_user`
[07.06.2013 00:04:02] SELECT * FROM `data_user`  WHERE 1
[07.06.2013 00:04:02] SHOW COLUMNS FROM `data_city`
[07.06.2013 00:04:02] SELECT * FROM `data_city`  WHERE 1
[07.06.2013 00:04:02] SHOW COLUMNS FROM `project_category`
[07.06.2013 00:04:02] SELECT * FROM `project_category`  WHERE 1
[07.06.2013 00:04:10] SHOW TABLES
[07.06.2013 00:04:10] SHOW COLUMNS FROM `project`
[07.06.2013 00:04:10] SELECT project.* FROM `project`  WHERE `id` = '1'
[07.06.2013 00:04:10] SELECT COUNT(0) AS `cnt` FROM `project` WHERE `name`='vzeniteslavy'  AND `id`<>'1'
[07.06.2013 00:04:10] UPDATE `project` SET `id`='1', `user_id`='1', `city_id`='1', `category_id`='1', `title`='В зените славы', `name`='vzeniteslavy', `current_sum`='0', `needed_sum`='150000000', `short_content`='Быть знаменитым, кто об этом не мечтал? \r\nНо не каждому это по силам.\r\nНаш проект создается как раз для того чтобы помочь начинающим обрести славй и стать всемирно известными!', `full_content`='Хочешь ли ты стать знаменитым?\r\nВЛИВАЙСЯ!!!', `status`='1', `created_at`='1370368800', `end_at`='1401991199' WHERE `id`='1'
[07.06.2013 00:04:10] SHOW TABLES
[07.06.2013 00:04:10] SHOW COLUMNS FROM `project`
[07.06.2013 00:04:10] SELECT * FROM `project`  WHERE 1
[07.06.2013 00:04:10] SELECT project.* FROM `project`  WHERE 1 LIMIT 20
[07.06.2013 00:04:26] SHOW TABLES
[07.06.2013 00:04:26] SHOW COLUMNS FROM `project`
[07.06.2013 00:04:26] SELECT * FROM `project`  WHERE 1
[07.06.2013 00:04:26] SELECT project.* FROM `project`  WHERE 1 LIMIT 20
[07.06.2013 00:04:30] SHOW TABLES
[07.06.2013 00:04:30] SHOW COLUMNS FROM `project`
[07.06.2013 00:04:30] SHOW COLUMNS FROM `data_user`
[07.06.2013 00:04:30] SHOW COLUMNS FROM `data_city`
[07.06.2013 00:04:30] SELECT project.*, `data_user`.`id` AS `data_user->id`, `data_user`.`image` AS `data_user->image`, `data_user`.`name` AS `data_user->name`, `data_user`.`surname` AS `data_user->surname`, `data_user`.`email` AS `data_user->email`, `data_user`.`password` AS `data_user->password`, `data_user`.`role` AS `data_user->role`, `data_user`.`akey` AS `data_user->akey`, `data_user`.`date_of_birth` AS `data_user->date_of_birth`, `data_user`.`lastbeen_at` AS `data_user->lastbeen_at`, `data_user`.`created_at` AS `data_user->created_at`, `data_user`.`status` AS `data_user->status`, `data_city`.`id` AS `data_city->id`, `data_city`.`title` AS `data_city->title`, `data_city`.`weight` AS `data_city->weight`, `data_city`.`status` AS `data_city->status` FROM `project`  INNER JOIN `data_user` ON `project`.`user_id` = `data_user`.`id` INNER JOIN `data_city` ON `project`.`city_id` = `data_city`.`id` WHERE `project`.`end_at` < 1371146670 ORDER BY end_at DESC LIMIT 10
[07.06.2013 00:04:30] SELECT project.*, `data_user`.`id` AS `data_user->id`, `data_user`.`image` AS `data_user->image`, `data_user`.`name` AS `data_user->name`, `data_user`.`surname` AS `data_user->surname`, `data_user`.`email` AS `data_user->email`, `data_user`.`password` AS `data_user->password`, `data_user`.`role` AS `data_user->role`, `data_user`.`akey` AS `data_user->akey`, `data_user`.`date_of_birth` AS `data_user->date_of_birth`, `data_user`.`lastbeen_at` AS `data_user->lastbeen_at`, `data_user`.`created_at` AS `data_user->created_at`, `data_user`.`status` AS `data_user->status`, `data_city`.`id` AS `data_city->id`, `data_city`.`title` AS `data_city->title`, `data_city`.`weight` AS `data_city->weight`, `data_city`.`status` AS `data_city->status` FROM `project`  INNER JOIN `data_user` ON `project`.`user_id` = `data_user`.`id` INNER JOIN `data_city` ON `project`.`city_id` = `data_city`.`id` WHERE `project`.`created_at` > 1369937070 ORDER BY created_at DESC LIMIT 10
[07.06.2013 00:04:30] SELECT project.*, `data_user`.`id` AS `data_user->id`, `data_user`.`image` AS `data_user->image`, `data_user`.`name` AS `data_user->name`, `data_user`.`surname` AS `data_user->surname`, `data_user`.`email` AS `data_user->email`, `data_user`.`password` AS `data_user->password`, `data_user`.`role` AS `data_user->role`, `data_user`.`akey` AS `data_user->akey`, `data_user`.`date_of_birth` AS `data_user->date_of_birth`, `data_user`.`lastbeen_at` AS `data_user->lastbeen_at`, `data_user`.`created_at` AS `data_user->created_at`, `data_user`.`status` AS `data_user->status`, `data_city`.`id` AS `data_city->id`, `data_city`.`title` AS `data_city->title`, `data_city`.`weight` AS `data_city->weight`, `data_city`.`status` AS `data_city->status` FROM `project`  INNER JOIN `data_user` ON `project`.`user_id` = `data_user`.`id` INNER JOIN `data_city` ON `project`.`city_id` = `data_city`.`id` WHERE 1 ORDER BY created_at DESC LIMIT 1
[07.06.2013 00:04:30] SHOW COLUMNS FROM `sys_settings`
[07.06.2013 00:04:30] SELECT * FROM `sys_settings`  WHERE name='Copyright'
[07.06.2013 00:04:48] SHOW TABLES
[07.06.2013 00:04:48] SHOW COLUMNS FROM `project`
[07.06.2013 00:04:48] SHOW COLUMNS FROM `data_user`
[07.06.2013 00:04:48] SHOW COLUMNS FROM `data_city`
[07.06.2013 00:04:48] SELECT project.*, `data_user`.`id` AS `data_user->id`, `data_user`.`image` AS `data_user->image`, `data_user`.`name` AS `data_user->name`, `data_user`.`surname` AS `data_user->surname`, `data_user`.`email` AS `data_user->email`, `data_user`.`password` AS `data_user->password`, `data_user`.`role` AS `data_user->role`, `data_user`.`akey` AS `data_user->akey`, `data_user`.`date_of_birth` AS `data_user->date_of_birth`, `data_user`.`lastbeen_at` AS `data_user->lastbeen_at`, `data_user`.`created_at` AS `data_user->created_at`, `data_user`.`status` AS `data_user->status`, `data_city`.`id` AS `data_city->id`, `data_city`.`title` AS `data_city->title`, `data_city`.`weight` AS `data_city->weight`, `data_city`.`status` AS `data_city->status` FROM `project`  INNER JOIN `data_user` ON `project`.`user_id` = `data_user`.`id` INNER JOIN `data_city` ON `project`.`city_id` = `data_city`.`id` WHERE `project`.`end_at` < 1371146688 ORDER BY end_at DESC LIMIT 10
[07.06.2013 00:04:48] SELECT project.*, `data_user`.`id` AS `data_user->id`, `data_user`.`image` AS `data_user->image`, `data_user`.`name` AS `data_user->name`, `data_user`.`surname` AS `data_user->surname`, `data_user`.`email` AS `data_user->email`, `data_user`.`password` AS `data_user->password`, `data_user`.`role` AS `data_user->role`, `data_user`.`akey` AS `data_user->akey`, `data_user`.`date_of_birth` AS `data_user->date_of_birth`, `data_user`.`lastbeen_at` AS `data_user->lastbeen_at`, `data_user`.`created_at` AS `data_user->created_at`, `data_user`.`status` AS `data_user->status`, `data_city`.`id` AS `data_city->id`, `data_city`.`title` AS `data_city->title`, `data_city`.`weight` AS `data_city->weight`, `data_city`.`status` AS `data_city->status` FROM `project`  INNER JOIN `data_user` ON `project`.`user_id` = `data_user`.`id` INNER JOIN `data_city` ON `project`.`city_id` = `data_city`.`id` WHERE `project`.`created_at` > 1369937088 ORDER BY created_at DESC LIMIT 10
[07.06.2013 00:04:48] SELECT project.*, `data_user`.`id` AS `data_user->id`, `data_user`.`image` AS `data_user->image`, `data_user`.`name` AS `data_user->name`, `data_user`.`surname` AS `data_user->surname`, `data_user`.`email` AS `data_user->email`, `data_user`.`password` AS `data_user->password`, `data_user`.`role` AS `data_user->role`, `data_user`.`akey` AS `data_user->akey`, `data_user`.`date_of_birth` AS `data_user->date_of_birth`, `data_user`.`lastbeen_at` AS `data_user->lastbeen_at`, `data_user`.`created_at` AS `data_user->created_at`, `data_user`.`status` AS `data_user->status`, `data_city`.`id` AS `data_city->id`, `data_city`.`title` AS `data_city->title`, `data_city`.`weight` AS `data_city->weight`, `data_city`.`status` AS `data_city->status` FROM `project`  INNER JOIN `data_user` ON `project`.`user_id` = `data_user`.`id` INNER JOIN `data_city` ON `project`.`city_id` = `data_city`.`id` WHERE 1 ORDER BY created_at DESC LIMIT 1
[07.06.2013 00:04:48] SHOW COLUMNS FROM `sys_settings`
[07.06.2013 00:04:48] SELECT * FROM `sys_settings`  WHERE name='Copyright'
[07.06.2013 00:06:10] SHOW TABLES
[07.06.2013 00:06:10] SHOW COLUMNS FROM `project`
[07.06.2013 00:06:10] SHOW COLUMNS FROM `data_user`
[07.06.2013 00:06:10] SHOW COLUMNS FROM `data_city`
[07.06.2013 00:06:11] SELECT project.*, `data_user`.`id` AS `data_user->id`, `data_user`.`image` AS `data_user->image`, `data_user`.`name` AS `data_user->name`, `data_user`.`surname` AS `data_user->surname`, `data_user`.`email` AS `data_user->email`, `data_user`.`password` AS `data_user->password`, `data_user`.`role` AS `data_user->role`, `data_user`.`akey` AS `data_user->akey`, `data_user`.`date_of_birth` AS `data_user->date_of_birth`, `data_user`.`lastbeen_at` AS `data_user->lastbeen_at`, `data_user`.`created_at` AS `data_user->created_at`, `data_user`.`status` AS `data_user->status`, `data_city`.`id` AS `data_city->id`, `data_city`.`title` AS `data_city->title`, `data_city`.`weight` AS `data_city->weight`, `data_city`.`status` AS `data_city->status` FROM `project`  INNER JOIN `data_user` ON `project`.`user_id` = `data_user`.`id` INNER JOIN `data_city` ON `project`.`city_id` = `data_city`.`id` WHERE `project`.`end_at` < 1371146770 ORDER BY end_at DESC LIMIT 10
[07.06.2013 00:06:11] SELECT project.*, `data_user`.`id` AS `data_user->id`, `data_user`.`image` AS `data_user->image`, `data_user`.`name` AS `data_user->name`, `data_user`.`surname` AS `data_user->surname`, `data_user`.`email` AS `data_user->email`, `data_user`.`password` AS `data_user->password`, `data_user`.`role` AS `data_user->role`, `data_user`.`akey` AS `data_user->akey`, `data_user`.`date_of_birth` AS `data_user->date_of_birth`, `data_user`.`lastbeen_at` AS `data_user->lastbeen_at`, `data_user`.`created_at` AS `data_user->created_at`, `data_user`.`status` AS `data_user->status`, `data_city`.`id` AS `data_city->id`, `data_city`.`title` AS `data_city->title`, `data_city`.`weight` AS `data_city->weight`, `data_city`.`status` AS `data_city->status` FROM `project`  INNER JOIN `data_user` ON `project`.`user_id` = `data_user`.`id` INNER JOIN `data_city` ON `project`.`city_id` = `data_city`.`id` WHERE `project`.`created_at` > 1369937171 ORDER BY created_at DESC LIMIT 10
[07.06.2013 00:06:11] SELECT project.*, `data_user`.`id` AS `data_user->id`, `data_user`.`image` AS `data_user->image`, `data_user`.`name` AS `data_user->name`, `data_user`.`surname` AS `data_user->surname`, `data_user`.`email` AS `data_user->email`, `data_user`.`password` AS `data_user->password`, `data_user`.`role` AS `data_user->role`, `data_user`.`akey` AS `data_user->akey`, `data_user`.`date_of_birth` AS `data_user->date_of_birth`, `data_user`.`lastbeen_at` AS `data_user->lastbeen_at`, `data_user`.`created_at` AS `data_user->created_at`, `data_user`.`status` AS `data_user->status`, `data_city`.`id` AS `data_city->id`, `data_city`.`title` AS `data_city->title`, `data_city`.`weight` AS `data_city->weight`, `data_city`.`status` AS `data_city->status` FROM `project`  INNER JOIN `data_user` ON `project`.`user_id` = `data_user`.`id` INNER JOIN `data_city` ON `project`.`city_id` = `data_city`.`id` WHERE 1 ORDER BY created_at DESC LIMIT 1
[07.06.2013 00:06:11] SHOW COLUMNS FROM `sys_settings`
[07.06.2013 00:06:11] SELECT * FROM `sys_settings`  WHERE name='Copyright'
